2010.11.03 10:38 B C:\Arquivos de programas\VertrigoServ\www\grupo_do_joelho\web\PHPMailer\language\phpmailer.lang-ar.php --> ftp.iwmello.com.br /gj/PHPMailer/language phpmailer.lang-ar.php
2010.11.03 10:38 B C:\Arquivos de programas\VertrigoServ\www\grupo_do_joelho\web\PHPMailer\language\phpmailer.lang-br.php --> ftp.iwmello.com.br /gj/PHPMailer/language phpmailer.lang-br.php
2010.11.03 10:38 B C:\Arquivos de programas\VertrigoServ\www\grupo_do_joelho\web\PHPMailer\language\phpmailer.lang-ca.php --> ftp.iwmello.com.br /gj/PHPMailer/language phpmailer.lang-ca.php
2010.11.03 10:38 B C:\Arquivos de programas\VertrigoServ\www\grupo_do_joelho\web\PHPMailer\language\phpmailer.lang-ch.php --> ftp.iwmello.com.br /gj/PHPMailer/language phpmailer.lang-ch.php
2010.11.03 10:38 B C:\Arquivos de programas\VertrigoServ\www\grupo_do_joelho\web\PHPMailer\language\phpmailer.lang-cz.php --> ftp.iwmello.com.br /gj/PHPMailer/language phpmailer.lang-cz.php
2010.11.03 10:38 B C:\Arquivos de programas\VertrigoServ\www\grupo_do_joelho\web\PHPMailer\language\phpmailer.lang-de.php --> ftp.iwmello.com.br /gj/PHPMailer/language phpmailer.lang-de.php
2010.11.03 10:38 B C:\Arquivos de programas\VertrigoServ\www\grupo_do_joelho\web\PHPMailer\language\phpmailer.lang-dk.php --> ftp.iwmello.com.br /gj/PHPMailer/language phpmailer.lang-dk.php
2010.11.03 10:38 B C:\Arquivos de programas\VertrigoServ\www\grupo_do_joelho\web\PHPMailer\language\phpmailer.lang-es.php --> ftp.iwmello.com.br /gj/PHPMailer/language phpmailer.lang-es.php
2010.11.03 10:38 B C:\Arquivos de programas\VertrigoServ\www\grupo_do_joelho\web\PHPMailer\language\phpmailer.lang-et.php --> ftp.iwmello.com.br /gj/PHPMailer/language phpmailer.lang-et.php
2010.11.03 10:38 B C:\Arquivos de programas\VertrigoServ\www\grupo_do_joelho\web\PHPMailer\language\phpmailer.lang-fi.php --> ftp.iwmello.com.br /gj/PHPMailer/language phpmailer.lang-fi.php
2010.11.03 10:38 B C:\Arquivos de programas\VertrigoServ\www\grupo_do_joelho\web\PHPMailer\language\phpmailer.lang-fo.php --> ftp.iwmello.com.br /gj/PHPMailer/language phpmailer.lang-fo.php
2010.11.03 10:38 B C:\Arquivos de programas\VertrigoServ\www\grupo_do_joelho\web\PHPMailer\language\phpmailer.lang-fr.php --> ftp.iwmello.com.br /gj/PHPMailer/language phpmailer.lang-fr.php
2010.11.03 10:38 B C:\Arquivos de programas\VertrigoServ\www\grupo_do_joelho\web\PHPMailer\language\phpmailer.lang-hu.php --> ftp.iwmello.com.br /gj/PHPMailer/language phpmailer.lang-hu.php
2010.11.03 10:38 B C:\Arquivos de programas\VertrigoServ\www\grupo_do_joelho\web\PHPMailer\language\phpmailer.lang-it.php --> ftp.iwmello.com.br /gj/PHPMailer/language phpmailer.lang-it.php
2010.11.03 10:38 B C:\Arquivos de programas\VertrigoServ\www\grupo_do_joelho\web\PHPMailer\language\phpmailer.lang-ja.php --> ftp.iwmello.com.br /gj/PHPMailer/language phpmailer.lang-ja.php
2010.11.03 10:38 B C:\Arquivos de programas\VertrigoServ\www\grupo_do_joelho\web\PHPMailer\language\phpmailer.lang-nl.php --> ftp.iwmello.com.br /gj/PHPMailer/language phpmailer.lang-nl.php
2010.11.03 10:38 B C:\Arquivos de programas\VertrigoServ\www\grupo_do_joelho\web\PHPMailer\language\phpmailer.lang-no.php --> ftp.iwmello.com.br /gj/PHPMailer/language phpmailer.lang-no.php
2010.11.03 10:38 B C:\Arquivos de programas\VertrigoServ\www\grupo_do_joelho\web\PHPMailer\language\phpmailer.lang-pl.php --> ftp.iwmello.com.br /gj/PHPMailer/language phpmailer.lang-pl.php
2010.11.03 10:38 B C:\Arquivos de programas\VertrigoServ\www\grupo_do_joelho\web\PHPMailer\language\phpmailer.lang-ro.php --> ftp.iwmello.com.br /gj/PHPMailer/language phpmailer.lang-ro.php
2010.11.03 10:38 B C:\Arquivos de programas\VertrigoServ\www\grupo_do_joelho\web\PHPMailer\language\phpmailer.lang-ru.php --> ftp.iwmello.com.br /gj/PHPMailer/language phpmailer.lang-ru.php
2010.11.03 10:38 B C:\Arquivos de programas\VertrigoServ\www\grupo_do_joelho\web\PHPMailer\language\phpmailer.lang-se.php --> ftp.iwmello.com.br /gj/PHPMailer/language phpmailer.lang-se.php
2010.11.03 10:38 B C:\Arquivos de programas\VertrigoServ\www\grupo_do_joelho\web\PHPMailer\language\phpmailer.lang-tr.php --> ftp.iwmello.com.br /gj/PHPMailer/language phpmailer.lang-tr.php
2010.11.03 10:38 B C:\Arquivos de programas\VertrigoServ\www\grupo_do_joelho\web\PHPMailer\language\phpmailer.lang-zh.php --> ftp.iwmello.com.br /gj/PHPMailer/language phpmailer.lang-zh.php
2010.11.03 10:38 B C:\Arquivos de programas\VertrigoServ\www\grupo_do_joelho\web\PHPMailer\language\phpmailer.lang-zh_cn.php --> ftp.iwmello.com.br /gj/PHPMailer/language phpmailer.lang-zh_cn.php
