2010.11.03 10:04 B C:\Arquivos de programas\VertrigoServ\www\grupo_do_joelho\web\fckeditor\editor\filemanager\browser\default\connectors\php\basexml.php --> ftp.companhiapixel.com.br /httpdocs/gj/fckeditor/editor/filemanager/browser/default/connectors/php basexml.php
2010.11.03 10:04 B C:\Arquivos de programas\VertrigoServ\www\grupo_do_joelho\web\fckeditor\editor\filemanager\browser\default\connectors\php\commands.php --> ftp.companhiapixel.com.br /httpdocs/gj/fckeditor/editor/filemanager/browser/default/connectors/php commands.php
2010.11.03 10:04 B C:\Arquivos de programas\VertrigoServ\www\grupo_do_joelho\web\fckeditor\editor\filemanager\browser\default\connectors\php\config.php --> ftp.companhiapixel.com.br /httpdocs/gj/fckeditor/editor/filemanager/browser/default/connectors/php config.php
2010.11.03 10:04 B C:\Arquivos de programas\VertrigoServ\www\grupo_do_joelho\web\fckeditor\editor\filemanager\browser\default\connectors\php\connector.php --> ftp.companhiapixel.com.br /httpdocs/gj/fckeditor/editor/filemanager/browser/default/connectors/php connector.php
2010.11.03 10:04 B C:\Arquivos de programas\VertrigoServ\www\grupo_do_joelho\web\fckeditor\editor\filemanager\browser\default\connectors\php\io.php --> ftp.companhiapixel.com.br /httpdocs/gj/fckeditor/editor/filemanager/browser/default/connectors/php io.php
2010.11.03 10:04 B C:\Arquivos de programas\VertrigoServ\www\grupo_do_joelho\web\fckeditor\editor\filemanager\browser\default\connectors\php\util.php --> ftp.companhiapixel.com.br /httpdocs/gj/fckeditor/editor/filemanager/browser/default/connectors/php util.php
2010.11.03 10:19 B C:\Arquivos de programas\VertrigoServ\www\grupo_do_joelho\web\fckeditor\editor\filemanager\browser\default\connectors\php\basexml.php --> ftp.iwmello.com.br /novo/fckeditor/editor/filemanager/browser/default/connectors/php basexml.php
2010.11.03 10:19 B C:\Arquivos de programas\VertrigoServ\www\grupo_do_joelho\web\fckeditor\editor\filemanager\browser\default\connectors\php\commands.php --> ftp.iwmello.com.br /novo/fckeditor/editor/filemanager/browser/default/connectors/php commands.php
2010.11.03 10:19 B C:\Arquivos de programas\VertrigoServ\www\grupo_do_joelho\web\fckeditor\editor\filemanager\browser\default\connectors\php\config.php --> ftp.iwmello.com.br /novo/fckeditor/editor/filemanager/browser/default/connectors/php config.php
2010.11.03 10:19 B C:\Arquivos de programas\VertrigoServ\www\grupo_do_joelho\web\fckeditor\editor\filemanager\browser\default\connectors\php\connector.php --> ftp.iwmello.com.br /novo/fckeditor/editor/filemanager/browser/default/connectors/php connector.php
2010.11.03 10:19 B C:\Arquivos de programas\VertrigoServ\www\grupo_do_joelho\web\fckeditor\editor\filemanager\browser\default\connectors\php\io.php --> ftp.iwmello.com.br /novo/fckeditor/editor/filemanager/browser/default/connectors/php io.php
2010.11.03 10:19 B C:\Arquivos de programas\VertrigoServ\www\grupo_do_joelho\web\fckeditor\editor\filemanager\browser\default\connectors\php\util.php --> ftp.iwmello.com.br /novo/fckeditor/editor/filemanager/browser/default/connectors/php util.php
2010.11.03 10:19 B C:\Arquivos de programas\VertrigoServ\www\grupo_do_joelho\web\fckeditor\editor\filemanager\browser\default\connectors\php\WS_FTP.LOG --> ftp.iwmello.com.br /novo/fckeditor/editor/filemanager/browser/default/connectors/php WS_FTP.LOG
2010.12.03 10:22 B W:\Clientes\broune\NovoSite\web\fckeditor\editor\filemanager\browser\default\connectors\php\basexml.php --> ftp.broune.com.br /teste/fckeditor/editor/filemanager/browser/default/connectors/php basexml.php
2010.12.03 10:22 B W:\Clientes\broune\NovoSite\web\fckeditor\editor\filemanager\browser\default\connectors\php\commands.php --> ftp.broune.com.br /teste/fckeditor/editor/filemanager/browser/default/connectors/php commands.php
2010.12.03 10:22 B W:\Clientes\broune\NovoSite\web\fckeditor\editor\filemanager\browser\default\connectors\php\config.php --> ftp.broune.com.br /teste/fckeditor/editor/filemanager/browser/default/connectors/php config.php
2010.12.03 10:22 B W:\Clientes\broune\NovoSite\web\fckeditor\editor\filemanager\browser\default\connectors\php\connector.php --> ftp.broune.com.br /teste/fckeditor/editor/filemanager/browser/default/connectors/php connector.php
2010.12.03 10:22 B W:\Clientes\broune\NovoSite\web\fckeditor\editor\filemanager\browser\default\connectors\php\io.php --> ftp.broune.com.br /teste/fckeditor/editor/filemanager/browser/default/connectors/php io.php
2010.12.03 10:22 B W:\Clientes\broune\NovoSite\web\fckeditor\editor\filemanager\browser\default\connectors\php\util.php --> ftp.broune.com.br /teste/fckeditor/editor/filemanager/browser/default/connectors/php util.php
2010.12.03 10:22 B W:\Clientes\broune\NovoSite\web\fckeditor\editor\filemanager\browser\default\connectors\php\WS_FTP.LOG --> ftp.broune.com.br /teste/fckeditor/editor/filemanager/browser/default/connectors/php WS_FTP.LOG
