ch_Minha Sala	25/09/2017	15:59:44		teste entrou em Minha Sala
ch_Minha Sala	06/10/2017	15:05:50		kimera entrou em Minha Sala
ch_Minha Sala	06/10/2017	15:06:09	kimera	boa tarde 
ch_Minha Sala	06/10/2017	15:06:23	kimera	tudo bem com você?
ch_Minha Sala	06/10/2017	15:06:50	kimera	deixe sua pergunta
ch_Minha Sala	06/10/2017	15:07:52	kimera	deixe uma das suas sabedorias pessoais para quem está chegando no chat afinal quem está aqui é um buscador,..
ch_Minha Sala	05/12/2017	14:15:03		sanagi entrou em Minha Sala
ch_Minha Sala	05/12/2017	14:15:21	sanagi	Boa tarde
ch_Minha Sala	05/12/2017	14:16:28	sanagi	estamos com muitos desafios por aqui mesmo assim, continuamos firmes
ch_Minha Sala	05/12/2017	14:18:43	sanagi	obstaculos e problemas para nós são meios de nos exercitarmos através situações reais o que os tornam muito mais interessantes e motivadores.
ch_Minha Sala	05/12/2017	14:32:23	sanagi	Agora você está no chat do rinplay 
ch_Minha Sala	05/12/2017	14:33:01	sanagi	Eu sou o avatar do Anel da Água e estou aqui para acompanhar sua jornada na arte das sombras.
ch_Minha Sala	05/12/2017	14:33:05	sanagi	sanagi desconectou-se
ch_Minha Sala	05/12/2017	14:33:19		sanagi entrou em Minha Sala
ch_Minha Sala	27/02/2018	17:44:33		kenshi entrou em Minha Sala
ch_Minha Sala	27/02/2018	17:44:52	kenshi	Konbanwa minnasan genki desu
ch_Minha Sala	27/02/2018	17:45:14	kenshi	oi Sanagi tudo bem com vc?
ch_Minha Sala	27/02/2018	17:45:23	kenshi	faz tempo que não nos falamos
ch_Minha Sala	27/02/2018	17:46:13	kenshi	mas agora creio que essa fase do silêncio e recolhimento se concluiu e entramos na nova era, o que vc acha?
ch_Minha Sala	04/03/2018	05:15:49		Lucarno entrou em Minha Sala
ch_Minha Sala	04/03/2018	05:16:21	Lucarno	Como é que isso funciona?
ch_Minha Sala	27/06/2018	00:06:51		julibaby entrou em Minha Sala
ch_Minha Sala	27/06/2018	00:06:57	julibaby	oi, alguém aí?
ch_Minha Sala	01/08/2018	17:41:01		oi entrou em Minha Sala
ch_Minha Sala	07/08/2018	12:20:01		kenshi entrou em Minha Sala
ch_Minha Sala	07/08/2018	12:20:56	kenshi	Konnichiwa minnasan Genki desu ka
ch_Minha Sala	07/08/2018	12:36:18	kenshi	funciona assim, você faz uma pergunta e a roda começa a girar ok
ch_Minha Sala	11/08/2018	13:58:02		sanagi entrou em Minha Sala
ch_Minha Sala	11/08/2018	13:58:46	sanagi	Boa Tarde a todos
ch_Minha Sala	11/08/2018	13:59:20	sanagi	Bem Vinda Julibaby em que podemos ajuda-la?
ch_Minha Sala	11/08/2018	17:58:15	sanagi	estou indo mata ne
ch_Minha Sala	12/08/2018	14:59:18		sanagi entrou em Minha Sala
ch_Minha Sala	12/08/2018	14:59:27	sanagi	Oi
ch_Minha Sala	24/08/2018	11:43:30		teste entrou em Minha Sala
ch_Minha Sala	24/08/2018	11:43:49	teste	olá
ch_Minha Sala	25/08/2018	03:46:03		kimera entrou em Minha Sala
ch_Minha Sala	25/08/2018	03:46:41	kimera	Olá todos bem?
ch_Minha Sala	25/08/2018	03:47:44	kimera	se você chegou ate´aqui é porque você é um buscador
ch_Minha Sala	25/08/2018	03:48:42	kimera	No anel do Vazio você aprenderá como começar do zero uma nova jornada em sua vida e como isso é motivador..
ch_Minha Sala	25/08/2018	12:32:10		sanagi entrou em Minha Sala
ch_Minha Sala	25/08/2018	12:32:26	sanagi	Konnichiwa minnasan
ch_Minha Sala	25/08/2018	12:32:32	sanagi	Boa tarde a todos
ch_Minha Sala	25/08/2018	12:32:53	sanagi	estou passando por aqui para ver como andam as coisas
ch_Minha Sala	22/10/2018	18:39:16		´sanagi entrou em Minha Sala
ch_Minha Sala	14/11/2018	03:38:51		anoiar entrou em Minha Sala
ch_Minha Sala	14/11/2018	03:38:57	anoiar	hi
ch_Minha Sala	14/11/2018	03:39:18	anoiar	:lol::lol::lol::lol::lol::lol::lol::lol:
ch_Minha Sala	14/11/2018	03:39:32	anoiar	>O<>O<>O<>O<>O<>O<>O<
ch_Minha Sala	20/11/2018	02:12:54		anoiar entrou em Minha Sala
ch_Minha Sala	20/11/2018	02:13:04	anoiar	:p:p:p:p:p:p:p:p:p:p:p:p:p
ch_Minha Sala	20/11/2018	02:13:29	anoiar	hi
ch_Minha Sala	28/01/2019	15:52:52		Angel Lispector entrou em Minha Sala
ch_Minha Sala	30/01/2019	20:27:16		gab entrou em Minha Sala
ch_Minha Sala	16/06/2019	13:34:20		Jardennya entrou em Minha Sala
ch_Minha Sala	16/06/2019	13:37:15	Jardennya	Tudo bem com vocês?
ch_Minha Sala	16/06/2019	13:38:12	Jardennya	kimera, Olá
ch_Minha Sala	16/06/2019	13:38:19	Jardennya	
ch_Minha Sala	16/06/2019	14:43:25		kenshi entrou em Minha Sala
ch_Minha Sala	16/06/2019	14:44:36	kenshi	Bem Vinda Jardennya
ch_Minha Sala	16/06/2019	14:44:54	kenshi	o que vc procura?
ch_Minha Sala	16/06/2019	14:47:10	kenshi	kenshi mudou de apelido para kimera
ch_Minha Sala	16/06/2019	14:47:31	kimera	Olá Jardennya
ch_Minha Sala	16/06/2019	14:50:49		Jardennya entrou em Minha Sala
ch_Minha Sala	16/06/2019	14:51:15	Jardennya	Alguém para dialogar?
ch_Minha Sala	16/06/2019	14:51:56	kimera	sobre o que?
ch_Minha Sala	16/06/2019	14:52:09	Jardennya	Procuro pessoas para batalhar na escola da vida.
ch_Minha Sala	16/06/2019	14:52:37	kimera	batalhar? na escola da vida?
ch_Minha Sala	16/06/2019	14:53:19	Jardennya	Talvez concorde comigo que a vida é uma escola, a qual nos ensina muitas coisas.
ch_Minha Sala	16/06/2019	14:53:29	kimera	a vida é uma batalha solitária no mundo das ideias
ch_Minha Sala	16/06/2019	14:54:27	Jardennya	Solitária no sentido de que cada um de nós tem um processo diferente.
ch_Minha Sala	16/06/2019	14:54:39	kimera	Jardennya saiu (tempo esgotado)
ch_Minha Sala	16/06/2019	14:54:39	kimera	a interação com outros buscadores no caminho é de ajuda mutua contudo o que é importante nesta vida
ch_Minha Sala	16/06/2019	14:54:50	kimera	e´conhecer as regras do jogo
ch_Minha Sala	16/06/2019	14:55:18	kimera	não é um processo diferente
ch_Minha Sala	16/06/2019	14:55:23	kimera	o processo é unico
ch_Minha Sala	16/06/2019	14:55:34	Jardennya	Regras? É, existem regras que são as leis universais.
ch_Minha Sala	16/06/2019	14:55:40	kimera	as pessoas é que são distintas umas da outras e variáveis
ch_Minha Sala	16/06/2019	14:56:36	kimera	Leis regras normas, conhece-las faz com que vc jogue com sabedoria
ch_Minha Sala	16/06/2019	14:56:57	kimera	e vença
ch_Minha Sala	16/06/2019	14:57:01	kimera	Jardennya saiu (tempo esgotado)
ch_Minha Sala	16/06/2019	14:57:13	Jardennya	Sim, processos diferentes por serem únicos.
ch_Minha Sala	16/06/2019	14:57:32	kimera	nega-las ou ingora-las não leva ninguém a lugar algum
ch_Minha Sala	16/06/2019	14:57:38	Jardennya	Concordo plenamente
ch_Minha Sala	16/06/2019	14:57:42	Jardennya	kimera saiu (tempo esgotado)
ch_Minha Sala	16/06/2019	14:58:08	Jardennya	Jardennya desconectou-se
ch_Minha Sala	16/06/2019	14:58:17		Jardennya entrou em Minha Sala
ch_Minha Sala	16/06/2019	14:59:00	Jardennya	Jardennya desconectou-se
ch_Minha Sala	16/06/2019	14:59:08		Jardennya entrou em Minha Sala
ch_Minha Sala	16/06/2019	15:03:05	kimera	sem pergunta a roda não gira
ch_Minha Sala	16/06/2019	15:03:24	kimera	este espaço virtual é meditativo
ch_Minha Sala	16/06/2019	15:04:07	kimera	e não um lugar para conversas que não sejam uteis a todos
ch_Minha Sala	16/06/2019	15:04:58	kimera	Jardennya saiu (tempo esgotado)
ch_Minha Sala	16/06/2019	15:05:25	kimera	se não há pergunta útil então nós perguntamos
ch_Minha Sala	28/07/2019	15:57:14		Jardennya entrou em Minha Sala
ch_Minha Sala	28/07/2019	15:57:37	Jardennya	Alguém?
ch_Minha Sala	28/07/2019	16:01:30		kimera entrou em Minha Sala
ch_Minha Sala	28/07/2019	16:02:08	kimera	como vai?
ch_Minha Sala	28/07/2019	16:02:19	kimera	o que está buscando?
ch_Minha Sala	28/07/2019	16:03:02	Jardennya	Participação 
ch_Minha Sala	28/07/2019	16:03:06	Jardennya	Movimento 
ch_Minha Sala	28/07/2019	16:03:16	Jardennya	Trabalho coletivo
ch_Minha Sala	28/07/2019	16:03:21	Jardennya	Ação 
ch_Minha Sala	28/07/2019	16:03:37	Jardennya	Conhecer meus irmãos do rim
ch_Minha Sala	28/07/2019	16:03:52	Jardennya	Saber o que buscam
ch_Minha Sala	28/07/2019	16:04:25	kimera	tdo é muito simples, todos buscam felicidade e realização
ch_Minha Sala	28/07/2019	16:05:12	kimera	participação em que? 
ch_Minha Sala	28/07/2019	16:06:01	Jardennya	Participação aqui,ajuda,colaboração,o rin precisa crescer.
ch_Minha Sala	28/07/2019	16:06:48	kimera	vc já está participando qdo entrou on line
ch_Minha Sala	28/07/2019	16:06:49	Jardennya	Jardennya desconectou-se
ch_Minha Sala	28/07/2019	16:06:56		Jardennya entrou em Minha Sala
ch_Minha Sala	28/07/2019	16:07:27	Jardennya	Eu sei mestra
ch_Minha Sala	28/07/2019	16:07:28	kimera	obrigada ccontudo o rin existe para servir a quem precisa se não precisam o rin cumpriu sua função
ch_Minha Sala	28/07/2019	16:08:21	Jardennya	Entendo,as pessoas não entendem que elas precisam agir.
ch_Minha Sala	28/07/2019	16:08:36	kimera	o sucesso do rin se mede pela não ação
ch_Minha Sala	28/07/2019	16:09:20	kimera	qto mais pessoas circulando no rin mais pessoas com problemas e isso não é bom para o mundo
ch_Minha Sala	28/07/2019	16:09:35	Jardennya	A não ação seria o pensamento,a teoria...
ch_Minha Sala	28/07/2019	16:09:50	kimera	todas as pessoas estão agindo, mesmo as que estão dormindo
ch_Minha Sala	28/07/2019	16:10:14	Jardennya	Mas a gente também precisa ajudar essas pessoas.
ch_Minha Sala	28/07/2019	16:10:33	kimera	a questão é a ação o que se está fazendo com o tempo presente
ch_Minha Sala	28/07/2019	16:10:55	Jardennya	Quem dorme retrocede cada vez mais.
ch_Minha Sala	28/07/2019	16:11:06	kimera	só se ajuda quem quer ser ajudado
ch_Minha Sala	28/07/2019	16:11:20	Jardennya	Sim,porque só o agora importa.
ch_Minha Sala	28/07/2019	16:11:31	kimera	se não é interferencia
ch_Minha Sala	28/07/2019	16:12:20	kimera	e como só o agora importa, a escolha no momento presente abre a porta do futuro
ch_Minha Sala	28/07/2019	16:13:11	Jardennya	Mas nem sempre quem está de fora,não significa que não quer ser ajudado
ch_Minha Sala	28/07/2019	16:14:26	Jardennya	Não existe futuro...
ch_Minha Sala	28/07/2019	16:15:07	Jardennya	A propósito,obrigada por ter essa conexão  comigo,aprendo muito com você.
ch_Minha Sala	28/07/2019	16:16:45	kimera	é isso Jardennya, conexão
ch_Minha Sala	28/07/2019	16:17:21	kimera	a realidade virtual reflete a realidade espiritual
ch_Minha Sala	28/07/2019	16:18:22	Jardennya	Reflexivo
ch_Minha Sala	28/07/2019	16:19:18	kimera	Jardennya saiu (tempo esgotado)
ch_Minha Sala	28/07/2019	16:19:25	kimera	no Hikauro no Go essa interação entre a realidade material e a espiritual através da realidade virtual está muito bem retratada
ch_Minha Sala	28/07/2019	16:26:49	kimera	contudo, para quem quer alcançar o Anel do Vazio e chegar onde estou, no topo da montanha, tem que dominar os 4 Anéis anteriores.
ch_Minha Sala	28/07/2019	16:28:40	Jardennya	Uau,então para dominar os quatro anéis,tem que ser vazio primeiro 
ch_Minha Sala	28/07/2019	16:34:28	kimera	Jardennya saiu (tempo esgotado)
ch_Minha Sala	28/07/2019	16:40:14	kimera	Jardennya saiu (tempo esgotado)
ch_Minha Sala	28/07/2019	16:54:53	kimera	não apra ser vazio tem que ter dominado os 4 Anéis anteriores 
ch_Minha Sala	28/07/2019	16:55:18	kimera	
ch_Minha Sala	14/08/2019	14:56:40		rinplay entrou em Minha Sala
ch_Minha Sala	14/08/2019	14:56:53	rinplay	Konichwa Minnasan
ch_Minha Sala	16/08/2019	13:43:56		asdf entrou em Minha Sala
ch_Minha Sala	30/09/2019	14:23:07		Lourenço entrou em Minha Sala
	30/09/2019	14:23:10	Lourenço	olá
ch_Minha Sala	23/10/2019	12:58:52		Jardennya entrou em Minha Sala
ch_Minha Sala	25/10/2019	11:53:47		rinplay entrou em Minha Sala
ch_Minha Sala	25/10/2019	20:05:24		sanagi inoue entrou em Minha Sala
ch_Minha Sala	25/10/2019	20:05:52	sanagi inoue	faz tempo que não nos falamos
ch_Minha Sala	25/10/2019	20:07:02	sanagi inoue	mas a partir de agora o relógio do rinplay está marcando hora do grande combate
ch_Minha Sala	25/10/2019	20:29:59	sanagi inoue	sanagi inoue mudou de apelido para Assarid
ch_Minha Sala	25/10/2019	20:30:56	Assarid	sim é verdade orelógio Divino está marcando a hora do grande flagelo e o momento agora é de combate no mundo das ideias,
ch_Minha Sala	25/10/2019	20:31:26	Assarid	é ingenuo achar que a 3ª guerra mundial será igual as anteriores
ch_Minha Sala	25/10/2019	20:31:45	Assarid	a 3ª guerra mundial é no mundo das idéias
ch_Minha Sala	25/10/2019	20:32:19	Assarid	é um bombardeio psíquico que está cada vez mais evidente
ch_Minha Sala	25/10/2019	20:45:03	Assarid	Assarid mudou de apelido para kassa
ch_Minha Sala	25/10/2019	20:45:41	kassa	está mais que evidente que os ventos estão soprando e que a hora chegou
ch_Minha Sala	25/10/2019	20:47:25	kassa	kassa mudou de apelido para kenshi
ch_Minha Sala	25/10/2019	20:48:23	kenshi	è isso aí pessoal, todos prontos para o combate. Ganbate Minnasan
ch_Minha Sala	27/10/2019	13:02:43		rinplay entrou em Minha Sala
ch_Minha Sala	27/10/2019	13:03:11	rinplay	Boa Tarde a todos os rinnautas
ch_Minha Sala	27/10/2019	13:03:33	rinplay	aos novos sócios Irasshaimase
ch_Minha Sala	27/10/2019	13:04:10	rinplay	o rinplay é como uma maquina e os Avatares a engrenagem que só se movem se houver perguntas cujas respostas precisam deles. faça sua pergunta, faça sua escolha e FIQUE ATENTO (A), a resposta pode vir quando você menos espera. aqui é um espaço para samurais e guerreiros, não há didática e sim treinamento diferenciado para forjar o espirito samurai. Ganbate! Fique firme e dê o seu melhor!
ch_Minha Sala	27/10/2019	13:05:32	rinplay	Assarid  revelou uma grande realidade, o momento é de bombardeio psíquico
ch_Minha Sala	27/10/2019	13:06:55	rinplay	mais e mais pessoas então nos procurando por estarem vivendo muito sofrimento psíquico,
ch_Minha Sala	27/10/2019	13:07:16	rinplay	depressão, síndrome do pânico. fobias tem sido os mais frequentes.
ch_Minha Sala	27/10/2019	13:07:52	rinplay	nada que uma boa alimentação desbloqueio de alguns pontos no corpo e treinamentos meditativos não resolvam
ch_Minha Sala	27/10/2019	13:08:16	rinplay	essa é a nossa missão
ch_Minha Sala	27/10/2019	13:08:57	rinplay	revelar o que não está sendo dito e que faz diferença na vida pessoal para que o proposito se cumpra
ch_Minha Sala	30/12/2019	22:15:10		rinplay entrou em Minha Sala
