2010.11.03 10:04 B C:\Arquivos de programas\VertrigoServ\www\grupo_do_joelho\web\fckeditor\editor\filemanager\browser\default\images\icons\ai.gif --> ftp.companhiapixel.com.br /httpdocs/gj/fckeditor/editor/filemanager/browser/default/images/icons ai.gif
2010.11.03 10:04 B C:\Arquivos de programas\VertrigoServ\www\grupo_do_joelho\web\fckeditor\editor\filemanager\browser\default\images\icons\avi.gif --> ftp.companhiapixel.com.br /httpdocs/gj/fckeditor/editor/filemanager/browser/default/images/icons avi.gif
2010.11.03 10:04 B C:\Arquivos de programas\VertrigoServ\www\grupo_do_joelho\web\fckeditor\editor\filemanager\browser\default\images\icons\bmp.gif --> ftp.companhiapixel.com.br /httpdocs/gj/fckeditor/editor/filemanager/browser/default/images/icons bmp.gif
2010.11.03 10:04 B C:\Arquivos de programas\VertrigoServ\www\grupo_do_joelho\web\fckeditor\editor\filemanager\browser\default\images\icons\cs.gif --> ftp.companhiapixel.com.br /httpdocs/gj/fckeditor/editor/filemanager/browser/default/images/icons cs.gif
2010.11.03 10:04 B C:\Arquivos de programas\VertrigoServ\www\grupo_do_joelho\web\fckeditor\editor\filemanager\browser\default\images\icons\default.icon.gif --> ftp.companhiapixel.com.br /httpdocs/gj/fckeditor/editor/filemanager/browser/default/images/icons default.icon.gif
2010.11.03 10:04 B C:\Arquivos de programas\VertrigoServ\www\grupo_do_joelho\web\fckeditor\editor\filemanager\browser\default\images\icons\dll.gif --> ftp.companhiapixel.com.br /httpdocs/gj/fckeditor/editor/filemanager/browser/default/images/icons dll.gif
2010.11.03 10:04 B C:\Arquivos de programas\VertrigoServ\www\grupo_do_joelho\web\fckeditor\editor\filemanager\browser\default\images\icons\doc.gif --> ftp.companhiapixel.com.br /httpdocs/gj/fckeditor/editor/filemanager/browser/default/images/icons doc.gif
2010.11.03 10:04 B C:\Arquivos de programas\VertrigoServ\www\grupo_do_joelho\web\fckeditor\editor\filemanager\browser\default\images\icons\exe.gif --> ftp.companhiapixel.com.br /httpdocs/gj/fckeditor/editor/filemanager/browser/default/images/icons exe.gif
2010.11.03 10:04 B C:\Arquivos de programas\VertrigoServ\www\grupo_do_joelho\web\fckeditor\editor\filemanager\browser\default\images\icons\fla.gif --> ftp.companhiapixel.com.br /httpdocs/gj/fckeditor/editor/filemanager/browser/default/images/icons fla.gif
2010.11.03 10:04 B C:\Arquivos de programas\VertrigoServ\www\grupo_do_joelho\web\fckeditor\editor\filemanager\browser\default\images\icons\gif.gif --> ftp.companhiapixel.com.br /httpdocs/gj/fckeditor/editor/filemanager/browser/default/images/icons gif.gif
2010.11.03 10:04 B C:\Arquivos de programas\VertrigoServ\www\grupo_do_joelho\web\fckeditor\editor\filemanager\browser\default\images\icons\htm.gif --> ftp.companhiapixel.com.br /httpdocs/gj/fckeditor/editor/filemanager/browser/default/images/icons htm.gif
2010.11.03 10:04 B C:\Arquivos de programas\VertrigoServ\www\grupo_do_joelho\web\fckeditor\editor\filemanager\browser\default\images\icons\html.gif --> ftp.companhiapixel.com.br /httpdocs/gj/fckeditor/editor/filemanager/browser/default/images/icons html.gif
2010.11.03 10:04 B C:\Arquivos de programas\VertrigoServ\www\grupo_do_joelho\web\fckeditor\editor\filemanager\browser\default\images\icons\jpg.gif --> ftp.companhiapixel.com.br /httpdocs/gj/fckeditor/editor/filemanager/browser/default/images/icons jpg.gif
2010.11.03 10:04 B C:\Arquivos de programas\VertrigoServ\www\grupo_do_joelho\web\fckeditor\editor\filemanager\browser\default\images\icons\js.gif --> ftp.companhiapixel.com.br /httpdocs/gj/fckeditor/editor/filemanager/browser/default/images/icons js.gif
2010.11.03 10:04 B C:\Arquivos de programas\VertrigoServ\www\grupo_do_joelho\web\fckeditor\editor\filemanager\browser\default\images\icons\mdb.gif --> ftp.companhiapixel.com.br /httpdocs/gj/fckeditor/editor/filemanager/browser/default/images/icons mdb.gif
2010.11.03 10:04 B C:\Arquivos de programas\VertrigoServ\www\grupo_do_joelho\web\fckeditor\editor\filemanager\browser\default\images\icons\mp3.gif --> ftp.companhiapixel.com.br /httpdocs/gj/fckeditor/editor/filemanager/browser/default/images/icons mp3.gif
2010.11.03 10:04 B C:\Arquivos de programas\VertrigoServ\www\grupo_do_joelho\web\fckeditor\editor\filemanager\browser\default\images\icons\pdf.gif --> ftp.companhiapixel.com.br /httpdocs/gj/fckeditor/editor/filemanager/browser/default/images/icons pdf.gif
2010.11.03 10:04 B C:\Arquivos de programas\VertrigoServ\www\grupo_do_joelho\web\fckeditor\editor\filemanager\browser\default\images\icons\png.gif --> ftp.companhiapixel.com.br /httpdocs/gj/fckeditor/editor/filemanager/browser/default/images/icons png.gif
2010.11.03 10:04 B C:\Arquivos de programas\VertrigoServ\www\grupo_do_joelho\web\fckeditor\editor\filemanager\browser\default\images\icons\ppt.gif --> ftp.companhiapixel.com.br /httpdocs/gj/fckeditor/editor/filemanager/browser/default/images/icons ppt.gif
2010.11.03 10:04 B C:\Arquivos de programas\VertrigoServ\www\grupo_do_joelho\web\fckeditor\editor\filemanager\browser\default\images\icons\rdp.gif --> ftp.companhiapixel.com.br /httpdocs/gj/fckeditor/editor/filemanager/browser/default/images/icons rdp.gif
2010.11.03 10:04 B C:\Arquivos de programas\VertrigoServ\www\grupo_do_joelho\web\fckeditor\editor\filemanager\browser\default\images\icons\swf.gif --> ftp.companhiapixel.com.br /httpdocs/gj/fckeditor/editor/filemanager/browser/default/images/icons swf.gif
2010.11.03 10:04 B C:\Arquivos de programas\VertrigoServ\www\grupo_do_joelho\web\fckeditor\editor\filemanager\browser\default\images\icons\swt.gif --> ftp.companhiapixel.com.br /httpdocs/gj/fckeditor/editor/filemanager/browser/default/images/icons swt.gif
2010.11.03 10:04 B C:\Arquivos de programas\VertrigoServ\www\grupo_do_joelho\web\fckeditor\editor\filemanager\browser\default\images\icons\txt.gif --> ftp.companhiapixel.com.br /httpdocs/gj/fckeditor/editor/filemanager/browser/default/images/icons txt.gif
2010.11.03 10:04 B C:\Arquivos de programas\VertrigoServ\www\grupo_do_joelho\web\fckeditor\editor\filemanager\browser\default\images\icons\vsd.gif --> ftp.companhiapixel.com.br /httpdocs/gj/fckeditor/editor/filemanager/browser/default/images/icons vsd.gif
2010.11.03 10:04 B C:\Arquivos de programas\VertrigoServ\www\grupo_do_joelho\web\fckeditor\editor\filemanager\browser\default\images\icons\xls.gif --> ftp.companhiapixel.com.br /httpdocs/gj/fckeditor/editor/filemanager/browser/default/images/icons xls.gif
2010.11.03 10:04 B C:\Arquivos de programas\VertrigoServ\www\grupo_do_joelho\web\fckeditor\editor\filemanager\browser\default\images\icons\xml.gif --> ftp.companhiapixel.com.br /httpdocs/gj/fckeditor/editor/filemanager/browser/default/images/icons xml.gif
2010.11.03 10:04 B C:\Arquivos de programas\VertrigoServ\www\grupo_do_joelho\web\fckeditor\editor\filemanager\browser\default\images\icons\zip.gif --> ftp.companhiapixel.com.br /httpdocs/gj/fckeditor/editor/filemanager/browser/default/images/icons zip.gif
2010.11.03 10:19 B C:\Arquivos de programas\VertrigoServ\www\grupo_do_joelho\web\fckeditor\editor\filemanager\browser\default\images\icons\ai.gif --> ftp.iwmello.com.br /novo/fckeditor/editor/filemanager/browser/default/images/icons ai.gif
2010.11.03 10:19 B C:\Arquivos de programas\VertrigoServ\www\grupo_do_joelho\web\fckeditor\editor\filemanager\browser\default\images\icons\avi.gif --> ftp.iwmello.com.br /novo/fckeditor/editor/filemanager/browser/default/images/icons avi.gif
2010.11.03 10:19 B C:\Arquivos de programas\VertrigoServ\www\grupo_do_joelho\web\fckeditor\editor\filemanager\browser\default\images\icons\bmp.gif --> ftp.iwmello.com.br /novo/fckeditor/editor/filemanager/browser/default/images/icons bmp.gif
2010.11.03 10:19 B C:\Arquivos de programas\VertrigoServ\www\grupo_do_joelho\web\fckeditor\editor\filemanager\browser\default\images\icons\cs.gif --> ftp.iwmello.com.br /novo/fckeditor/editor/filemanager/browser/default/images/icons cs.gif
2010.11.03 10:19 B C:\Arquivos de programas\VertrigoServ\www\grupo_do_joelho\web\fckeditor\editor\filemanager\browser\default\images\icons\default.icon.gif --> ftp.iwmello.com.br /novo/fckeditor/editor/filemanager/browser/default/images/icons default.icon.gif
2010.11.03 10:19 B C:\Arquivos de programas\VertrigoServ\www\grupo_do_joelho\web\fckeditor\editor\filemanager\browser\default\images\icons\dll.gif --> ftp.iwmello.com.br /novo/fckeditor/editor/filemanager/browser/default/images/icons dll.gif
2010.11.03 10:19 B C:\Arquivos de programas\VertrigoServ\www\grupo_do_joelho\web\fckeditor\editor\filemanager\browser\default\images\icons\doc.gif --> ftp.iwmello.com.br /novo/fckeditor/editor/filemanager/browser/default/images/icons doc.gif
2010.11.03 10:19 B C:\Arquivos de programas\VertrigoServ\www\grupo_do_joelho\web\fckeditor\editor\filemanager\browser\default\images\icons\exe.gif --> ftp.iwmello.com.br /novo/fckeditor/editor/filemanager/browser/default/images/icons exe.gif
2010.11.03 10:19 B C:\Arquivos de programas\VertrigoServ\www\grupo_do_joelho\web\fckeditor\editor\filemanager\browser\default\images\icons\fla.gif --> ftp.iwmello.com.br /novo/fckeditor/editor/filemanager/browser/default/images/icons fla.gif
2010.11.03 10:19 B C:\Arquivos de programas\VertrigoServ\www\grupo_do_joelho\web\fckeditor\editor\filemanager\browser\default\images\icons\gif.gif --> ftp.iwmello.com.br /novo/fckeditor/editor/filemanager/browser/default/images/icons gif.gif
2010.11.03 10:19 B C:\Arquivos de programas\VertrigoServ\www\grupo_do_joelho\web\fckeditor\editor\filemanager\browser\default\images\icons\htm.gif --> ftp.iwmello.com.br /novo/fckeditor/editor/filemanager/browser/default/images/icons htm.gif
2010.11.03 10:19 B C:\Arquivos de programas\VertrigoServ\www\grupo_do_joelho\web\fckeditor\editor\filemanager\browser\default\images\icons\html.gif --> ftp.iwmello.com.br /novo/fckeditor/editor/filemanager/browser/default/images/icons html.gif
2010.11.03 10:19 B C:\Arquivos de programas\VertrigoServ\www\grupo_do_joelho\web\fckeditor\editor\filemanager\browser\default\images\icons\jpg.gif --> ftp.iwmello.com.br /novo/fckeditor/editor/filemanager/browser/default/images/icons jpg.gif
2010.11.03 10:19 B C:\Arquivos de programas\VertrigoServ\www\grupo_do_joelho\web\fckeditor\editor\filemanager\browser\default\images\icons\js.gif --> ftp.iwmello.com.br /novo/fckeditor/editor/filemanager/browser/default/images/icons js.gif
2010.11.03 10:19 B C:\Arquivos de programas\VertrigoServ\www\grupo_do_joelho\web\fckeditor\editor\filemanager\browser\default\images\icons\mdb.gif --> ftp.iwmello.com.br /novo/fckeditor/editor/filemanager/browser/default/images/icons mdb.gif
2010.11.03 10:19 B C:\Arquivos de programas\VertrigoServ\www\grupo_do_joelho\web\fckeditor\editor\filemanager\browser\default\images\icons\mp3.gif --> ftp.iwmello.com.br /novo/fckeditor/editor/filemanager/browser/default/images/icons mp3.gif
2010.11.03 10:19 B C:\Arquivos de programas\VertrigoServ\www\grupo_do_joelho\web\fckeditor\editor\filemanager\browser\default\images\icons\pdf.gif --> ftp.iwmello.com.br /novo/fckeditor/editor/filemanager/browser/default/images/icons pdf.gif
2010.11.03 10:19 B C:\Arquivos de programas\VertrigoServ\www\grupo_do_joelho\web\fckeditor\editor\filemanager\browser\default\images\icons\png.gif --> ftp.iwmello.com.br /novo/fckeditor/editor/filemanager/browser/default/images/icons png.gif
2010.11.03 10:19 B C:\Arquivos de programas\VertrigoServ\www\grupo_do_joelho\web\fckeditor\editor\filemanager\browser\default\images\icons\ppt.gif --> ftp.iwmello.com.br /novo/fckeditor/editor/filemanager/browser/default/images/icons ppt.gif
2010.11.03 10:19 B C:\Arquivos de programas\VertrigoServ\www\grupo_do_joelho\web\fckeditor\editor\filemanager\browser\default\images\icons\rdp.gif --> ftp.iwmello.com.br /novo/fckeditor/editor/filemanager/browser/default/images/icons rdp.gif
2010.11.03 10:19 B C:\Arquivos de programas\VertrigoServ\www\grupo_do_joelho\web\fckeditor\editor\filemanager\browser\default\images\icons\swf.gif --> ftp.iwmello.com.br /novo/fckeditor/editor/filemanager/browser/default/images/icons swf.gif
2010.11.03 10:19 B C:\Arquivos de programas\VertrigoServ\www\grupo_do_joelho\web\fckeditor\editor\filemanager\browser\default\images\icons\swt.gif --> ftp.iwmello.com.br /novo/fckeditor/editor/filemanager/browser/default/images/icons swt.gif
2010.11.03 10:19 B C:\Arquivos de programas\VertrigoServ\www\grupo_do_joelho\web\fckeditor\editor\filemanager\browser\default\images\icons\txt.gif --> ftp.iwmello.com.br /novo/fckeditor/editor/filemanager/browser/default/images/icons txt.gif
2010.11.03 10:19 B C:\Arquivos de programas\VertrigoServ\www\grupo_do_joelho\web\fckeditor\editor\filemanager\browser\default\images\icons\vsd.gif --> ftp.iwmello.com.br /novo/fckeditor/editor/filemanager/browser/default/images/icons vsd.gif
2010.11.03 10:20 B C:\Arquivos de programas\VertrigoServ\www\grupo_do_joelho\web\fckeditor\editor\filemanager\browser\default\images\icons\WS_FTP.LOG --> ftp.iwmello.com.br /novo/fckeditor/editor/filemanager/browser/default/images/icons WS_FTP.LOG
2010.11.03 10:20 B C:\Arquivos de programas\VertrigoServ\www\grupo_do_joelho\web\fckeditor\editor\filemanager\browser\default\images\icons\xls.gif --> ftp.iwmello.com.br /novo/fckeditor/editor/filemanager/browser/default/images/icons xls.gif
2010.11.03 10:20 B C:\Arquivos de programas\VertrigoServ\www\grupo_do_joelho\web\fckeditor\editor\filemanager\browser\default\images\icons\xml.gif --> ftp.iwmello.com.br /novo/fckeditor/editor/filemanager/browser/default/images/icons xml.gif
2010.11.03 10:20 B C:\Arquivos de programas\VertrigoServ\www\grupo_do_joelho\web\fckeditor\editor\filemanager\browser\default\images\icons\zip.gif --> ftp.iwmello.com.br /novo/fckeditor/editor/filemanager/browser/default/images/icons zip.gif
2010.12.03 10:22 B W:\Clientes\broune\NovoSite\web\fckeditor\editor\filemanager\browser\default\images\icons\ai.gif --> ftp.broune.com.br /teste/fckeditor/editor/filemanager/browser/default/images/icons ai.gif
2010.12.03 10:22 B W:\Clientes\broune\NovoSite\web\fckeditor\editor\filemanager\browser\default\images\icons\avi.gif --> ftp.broune.com.br /teste/fckeditor/editor/filemanager/browser/default/images/icons avi.gif
2010.12.03 10:22 B W:\Clientes\broune\NovoSite\web\fckeditor\editor\filemanager\browser\default\images\icons\bmp.gif --> ftp.broune.com.br /teste/fckeditor/editor/filemanager/browser/default/images/icons bmp.gif
2010.12.03 10:22 B W:\Clientes\broune\NovoSite\web\fckeditor\editor\filemanager\browser\default\images\icons\cs.gif --> ftp.broune.com.br /teste/fckeditor/editor/filemanager/browser/default/images/icons cs.gif
2010.12.03 10:22 B W:\Clientes\broune\NovoSite\web\fckeditor\editor\filemanager\browser\default\images\icons\default.icon.gif --> ftp.broune.com.br /teste/fckeditor/editor/filemanager/browser/default/images/icons default.icon.gif
2010.12.03 10:22 B W:\Clientes\broune\NovoSite\web\fckeditor\editor\filemanager\browser\default\images\icons\dll.gif --> ftp.broune.com.br /teste/fckeditor/editor/filemanager/browser/default/images/icons dll.gif
2010.12.03 10:22 B W:\Clientes\broune\NovoSite\web\fckeditor\editor\filemanager\browser\default\images\icons\doc.gif --> ftp.broune.com.br /teste/fckeditor/editor/filemanager/browser/default/images/icons doc.gif
2010.12.03 10:22 B W:\Clientes\broune\NovoSite\web\fckeditor\editor\filemanager\browser\default\images\icons\exe.gif --> ftp.broune.com.br /teste/fckeditor/editor/filemanager/browser/default/images/icons exe.gif
2010.12.03 10:22 B W:\Clientes\broune\NovoSite\web\fckeditor\editor\filemanager\browser\default\images\icons\fla.gif --> ftp.broune.com.br /teste/fckeditor/editor/filemanager/browser/default/images/icons fla.gif
2010.12.03 10:22 B W:\Clientes\broune\NovoSite\web\fckeditor\editor\filemanager\browser\default\images\icons\gif.gif --> ftp.broune.com.br /teste/fckeditor/editor/filemanager/browser/default/images/icons gif.gif
2010.12.03 10:22 B W:\Clientes\broune\NovoSite\web\fckeditor\editor\filemanager\browser\default\images\icons\htm.gif --> ftp.broune.com.br /teste/fckeditor/editor/filemanager/browser/default/images/icons htm.gif
2010.12.03 10:22 B W:\Clientes\broune\NovoSite\web\fckeditor\editor\filemanager\browser\default\images\icons\html.gif --> ftp.broune.com.br /teste/fckeditor/editor/filemanager/browser/default/images/icons html.gif
2010.12.03 10:22 B W:\Clientes\broune\NovoSite\web\fckeditor\editor\filemanager\browser\default\images\icons\jpg.gif --> ftp.broune.com.br /teste/fckeditor/editor/filemanager/browser/default/images/icons jpg.gif
2010.12.03 10:22 B W:\Clientes\broune\NovoSite\web\fckeditor\editor\filemanager\browser\default\images\icons\js.gif --> ftp.broune.com.br /teste/fckeditor/editor/filemanager/browser/default/images/icons js.gif
2010.12.03 10:22 B W:\Clientes\broune\NovoSite\web\fckeditor\editor\filemanager\browser\default\images\icons\mdb.gif --> ftp.broune.com.br /teste/fckeditor/editor/filemanager/browser/default/images/icons mdb.gif
2010.12.03 10:22 B W:\Clientes\broune\NovoSite\web\fckeditor\editor\filemanager\browser\default\images\icons\mp3.gif --> ftp.broune.com.br /teste/fckeditor/editor/filemanager/browser/default/images/icons mp3.gif
2010.12.03 10:22 B W:\Clientes\broune\NovoSite\web\fckeditor\editor\filemanager\browser\default\images\icons\pdf.gif --> ftp.broune.com.br /teste/fckeditor/editor/filemanager/browser/default/images/icons pdf.gif
2010.12.03 10:22 B W:\Clientes\broune\NovoSite\web\fckeditor\editor\filemanager\browser\default\images\icons\png.gif --> ftp.broune.com.br /teste/fckeditor/editor/filemanager/browser/default/images/icons png.gif
2010.12.03 10:22 B W:\Clientes\broune\NovoSite\web\fckeditor\editor\filemanager\browser\default\images\icons\ppt.gif --> ftp.broune.com.br /teste/fckeditor/editor/filemanager/browser/default/images/icons ppt.gif
2010.12.03 10:22 B W:\Clientes\broune\NovoSite\web\fckeditor\editor\filemanager\browser\default\images\icons\rdp.gif --> ftp.broune.com.br /teste/fckeditor/editor/filemanager/browser/default/images/icons rdp.gif
2010.12.03 10:22 B W:\Clientes\broune\NovoSite\web\fckeditor\editor\filemanager\browser\default\images\icons\swf.gif --> ftp.broune.com.br /teste/fckeditor/editor/filemanager/browser/default/images/icons swf.gif
2010.12.03 10:22 B W:\Clientes\broune\NovoSite\web\fckeditor\editor\filemanager\browser\default\images\icons\swt.gif --> ftp.broune.com.br /teste/fckeditor/editor/filemanager/browser/default/images/icons swt.gif
2010.12.03 10:22 B W:\Clientes\broune\NovoSite\web\fckeditor\editor\filemanager\browser\default\images\icons\txt.gif --> ftp.broune.com.br /teste/fckeditor/editor/filemanager/browser/default/images/icons txt.gif
2010.12.03 10:22 B W:\Clientes\broune\NovoSite\web\fckeditor\editor\filemanager\browser\default\images\icons\vsd.gif --> ftp.broune.com.br /teste/fckeditor/editor/filemanager/browser/default/images/icons vsd.gif
2010.12.03 10:22 B W:\Clientes\broune\NovoSite\web\fckeditor\editor\filemanager\browser\default\images\icons\WS_FTP.LOG --> ftp.broune.com.br /teste/fckeditor/editor/filemanager/browser/default/images/icons WS_FTP.LOG
2010.12.03 10:22 B W:\Clientes\broune\NovoSite\web\fckeditor\editor\filemanager\browser\default\images\icons\xls.gif --> ftp.broune.com.br /teste/fckeditor/editor/filemanager/browser/default/images/icons xls.gif
2010.12.03 10:22 B W:\Clientes\broune\NovoSite\web\fckeditor\editor\filemanager\browser\default\images\icons\xml.gif --> ftp.broune.com.br /teste/fckeditor/editor/filemanager/browser/default/images/icons xml.gif
2010.12.03 10:22 B W:\Clientes\broune\NovoSite\web\fckeditor\editor\filemanager\browser\default\images\icons\zip.gif --> ftp.broune.com.br /teste/fckeditor/editor/filemanager/browser/default/images/icons zip.gif
