2010.11.03 10:07 B C:\Arquivos de programas\VertrigoServ\www\grupo_do_joelho\web\fckeditor\_documentation.html --> ftp.companhiapixel.com.br /httpdocs/gj/fckeditor _documentation.html
2010.11.03 10:07 B C:\Arquivos de programas\VertrigoServ\www\grupo_do_joelho\web\fckeditor\_upgrade.html --> ftp.companhiapixel.com.br /httpdocs/gj/fckeditor _upgrade.html
2010.11.03 10:07 B C:\Arquivos de programas\VertrigoServ\www\grupo_do_joelho\web\fckeditor\_whatsnew.html --> ftp.companhiapixel.com.br /httpdocs/gj/fckeditor _whatsnew.html
2010.11.03 10:07 B C:\Arquivos de programas\VertrigoServ\www\grupo_do_joelho\web\fckeditor\fckconfig.js --> ftp.companhiapixel.com.br /httpdocs/gj/fckeditor fckconfig.js
2010.11.03 10:07 B C:\Arquivos de programas\VertrigoServ\www\grupo_do_joelho\web\fckeditor\fckeditor.afp --> ftp.companhiapixel.com.br /httpdocs/gj/fckeditor fckeditor.afp
2010.11.03 10:07 B C:\Arquivos de programas\VertrigoServ\www\grupo_do_joelho\web\fckeditor\fckeditor.cfc --> ftp.companhiapixel.com.br /httpdocs/gj/fckeditor fckeditor.cfc
2010.11.03 10:07 B C:\Arquivos de programas\VertrigoServ\www\grupo_do_joelho\web\fckeditor\fckeditor.js --> ftp.companhiapixel.com.br /httpdocs/gj/fckeditor fckeditor.js
2010.11.03 10:07 B C:\Arquivos de programas\VertrigoServ\www\grupo_do_joelho\web\fckeditor\fckeditor.php --> ftp.companhiapixel.com.br /httpdocs/gj/fckeditor fckeditor.php
2010.11.03 10:07 B C:\Arquivos de programas\VertrigoServ\www\grupo_do_joelho\web\fckeditor\fckeditor.pl --> ftp.companhiapixel.com.br /httpdocs/gj/fckeditor fckeditor.pl
2010.11.03 10:07 B C:\Arquivos de programas\VertrigoServ\www\grupo_do_joelho\web\fckeditor\fckeditor.py --> ftp.companhiapixel.com.br /httpdocs/gj/fckeditor fckeditor.py
2010.11.03 10:07 B C:\Arquivos de programas\VertrigoServ\www\grupo_do_joelho\web\fckeditor\fckeditor_php4.php --> ftp.companhiapixel.com.br /httpdocs/gj/fckeditor fckeditor_php4.php
2010.11.03 10:07 B C:\Arquivos de programas\VertrigoServ\www\grupo_do_joelho\web\fckeditor\fckeditor_php5.php --> ftp.companhiapixel.com.br /httpdocs/gj/fckeditor fckeditor_php5.php
2010.11.03 10:07 B C:\Arquivos de programas\VertrigoServ\www\grupo_do_joelho\web\fckeditor\fckpackager.xml --> ftp.companhiapixel.com.br /httpdocs/gj/fckeditor fckpackager.xml
2010.11.03 10:07 B C:\Arquivos de programas\VertrigoServ\www\grupo_do_joelho\web\fckeditor\fckstyles.xml --> ftp.companhiapixel.com.br /httpdocs/gj/fckeditor fckstyles.xml
2010.11.03 10:07 B C:\Arquivos de programas\VertrigoServ\www\grupo_do_joelho\web\fckeditor\fcktemplates.xml --> ftp.companhiapixel.com.br /httpdocs/gj/fckeditor fcktemplates.xml
2010.11.03 10:07 B C:\Arquivos de programas\VertrigoServ\www\grupo_do_joelho\web\fckeditor\htaccess.txt --> ftp.companhiapixel.com.br /httpdocs/gj/fckeditor htaccess.txt
2010.11.03 10:07 B C:\Arquivos de programas\VertrigoServ\www\grupo_do_joelho\web\fckeditor\license.txt --> ftp.companhiapixel.com.br /httpdocs/gj/fckeditor license.txt
2010.11.03 10:21 B C:\Arquivos de programas\VertrigoServ\www\grupo_do_joelho\web\fckeditor\_documentation.html --> ftp.iwmello.com.br /novo/fckeditor _documentation.html
2010.11.03 10:21 B C:\Arquivos de programas\VertrigoServ\www\grupo_do_joelho\web\fckeditor\_upgrade.html --> ftp.iwmello.com.br /novo/fckeditor _upgrade.html
2010.11.03 10:21 B C:\Arquivos de programas\VertrigoServ\www\grupo_do_joelho\web\fckeditor\_whatsnew.html --> ftp.iwmello.com.br /novo/fckeditor _whatsnew.html
2010.11.03 10:21 B C:\Arquivos de programas\VertrigoServ\www\grupo_do_joelho\web\fckeditor\fckconfig.js --> ftp.iwmello.com.br /novo/fckeditor fckconfig.js
2010.11.03 10:21 B C:\Arquivos de programas\VertrigoServ\www\grupo_do_joelho\web\fckeditor\fckeditor.afp --> ftp.iwmello.com.br /novo/fckeditor fckeditor.afp
2010.11.03 10:21 B C:\Arquivos de programas\VertrigoServ\www\grupo_do_joelho\web\fckeditor\fckeditor.cfc --> ftp.iwmello.com.br /novo/fckeditor fckeditor.cfc
2010.11.03 10:21 B C:\Arquivos de programas\VertrigoServ\www\grupo_do_joelho\web\fckeditor\fckeditor.js --> ftp.iwmello.com.br /novo/fckeditor fckeditor.js
2010.11.03 10:21 B C:\Arquivos de programas\VertrigoServ\www\grupo_do_joelho\web\fckeditor\fckeditor.php --> ftp.iwmello.com.br /novo/fckeditor fckeditor.php
2010.11.03 10:21 B C:\Arquivos de programas\VertrigoServ\www\grupo_do_joelho\web\fckeditor\fckeditor.pl --> ftp.iwmello.com.br /novo/fckeditor fckeditor.pl
2010.11.03 10:21 B C:\Arquivos de programas\VertrigoServ\www\grupo_do_joelho\web\fckeditor\fckeditor.py --> ftp.iwmello.com.br /novo/fckeditor fckeditor.py
2010.11.03 10:21 B C:\Arquivos de programas\VertrigoServ\www\grupo_do_joelho\web\fckeditor\fckeditor_php4.php --> ftp.iwmello.com.br /novo/fckeditor fckeditor_php4.php
2010.11.03 10:21 B C:\Arquivos de programas\VertrigoServ\www\grupo_do_joelho\web\fckeditor\fckeditor_php5.php --> ftp.iwmello.com.br /novo/fckeditor fckeditor_php5.php
2010.11.03 10:22 B C:\Arquivos de programas\VertrigoServ\www\grupo_do_joelho\web\fckeditor\fckpackager.xml --> ftp.iwmello.com.br /novo/fckeditor fckpackager.xml
2010.11.03 10:22 B C:\Arquivos de programas\VertrigoServ\www\grupo_do_joelho\web\fckeditor\fckstyles.xml --> ftp.iwmello.com.br /novo/fckeditor fckstyles.xml
2010.11.03 10:22 B C:\Arquivos de programas\VertrigoServ\www\grupo_do_joelho\web\fckeditor\fcktemplates.xml --> ftp.iwmello.com.br /novo/fckeditor fcktemplates.xml
2010.11.03 10:22 B C:\Arquivos de programas\VertrigoServ\www\grupo_do_joelho\web\fckeditor\htaccess.txt --> ftp.iwmello.com.br /novo/fckeditor htaccess.txt
2010.11.03 10:22 B C:\Arquivos de programas\VertrigoServ\www\grupo_do_joelho\web\fckeditor\license.txt --> ftp.iwmello.com.br /novo/fckeditor license.txt
2010.11.03 10:22 B C:\Arquivos de programas\VertrigoServ\www\grupo_do_joelho\web\fckeditor\WS_FTP.LOG --> ftp.iwmello.com.br /novo/fckeditor WS_FTP.LOG
