2010.11.03 10:04 B C:\Arquivos de programas\VertrigoServ\www\grupo_do_joelho\web\fckeditor\editor\filemanager\browser\default\images\ButtonArrow.gif --> ftp.companhiapixel.com.br /httpdocs/gj/fckeditor/editor/filemanager/browser/default/images ButtonArrow.gif
2010.11.03 10:05 B C:\Arquivos de programas\VertrigoServ\www\grupo_do_joelho\web\fckeditor\editor\filemanager\browser\default\images\Folder.gif --> ftp.companhiapixel.com.br /httpdocs/gj/fckeditor/editor/filemanager/browser/default/images Folder.gif
2010.11.03 10:05 B C:\Arquivos de programas\VertrigoServ\www\grupo_do_joelho\web\fckeditor\editor\filemanager\browser\default\images\Folder32.gif --> ftp.companhiapixel.com.br /httpdocs/gj/fckeditor/editor/filemanager/browser/default/images Folder32.gif
2010.11.03 10:05 B C:\Arquivos de programas\VertrigoServ\www\grupo_do_joelho\web\fckeditor\editor\filemanager\browser\default\images\FolderOpened.gif --> ftp.companhiapixel.com.br /httpdocs/gj/fckeditor/editor/filemanager/browser/default/images FolderOpened.gif
2010.11.03 10:05 B C:\Arquivos de programas\VertrigoServ\www\grupo_do_joelho\web\fckeditor\editor\filemanager\browser\default\images\FolderOpened32.gif --> ftp.companhiapixel.com.br /httpdocs/gj/fckeditor/editor/filemanager/browser/default/images FolderOpened32.gif
2010.11.03 10:05 B C:\Arquivos de programas\VertrigoServ\www\grupo_do_joelho\web\fckeditor\editor\filemanager\browser\default\images\FolderUp.gif --> ftp.companhiapixel.com.br /httpdocs/gj/fckeditor/editor/filemanager/browser/default/images FolderUp.gif
2010.11.03 10:05 B C:\Arquivos de programas\VertrigoServ\www\grupo_do_joelho\web\fckeditor\editor\filemanager\browser\default\images\spacer.gif --> ftp.companhiapixel.com.br /httpdocs/gj/fckeditor/editor/filemanager/browser/default/images spacer.gif
2010.11.03 10:20 B C:\Arquivos de programas\VertrigoServ\www\grupo_do_joelho\web\fckeditor\editor\filemanager\browser\default\images\ButtonArrow.gif --> ftp.iwmello.com.br /novo/fckeditor/editor/filemanager/browser/default/images ButtonArrow.gif
2010.11.03 10:20 B C:\Arquivos de programas\VertrigoServ\www\grupo_do_joelho\web\fckeditor\editor\filemanager\browser\default\images\Folder.gif --> ftp.iwmello.com.br /novo/fckeditor/editor/filemanager/browser/default/images Folder.gif
2010.11.03 10:20 B C:\Arquivos de programas\VertrigoServ\www\grupo_do_joelho\web\fckeditor\editor\filemanager\browser\default\images\Folder32.gif --> ftp.iwmello.com.br /novo/fckeditor/editor/filemanager/browser/default/images Folder32.gif
2010.11.03 10:20 B C:\Arquivos de programas\VertrigoServ\www\grupo_do_joelho\web\fckeditor\editor\filemanager\browser\default\images\FolderOpened.gif --> ftp.iwmello.com.br /novo/fckeditor/editor/filemanager/browser/default/images FolderOpened.gif
2010.11.03 10:20 B C:\Arquivos de programas\VertrigoServ\www\grupo_do_joelho\web\fckeditor\editor\filemanager\browser\default\images\FolderOpened32.gif --> ftp.iwmello.com.br /novo/fckeditor/editor/filemanager/browser/default/images FolderOpened32.gif
2010.11.03 10:20 B C:\Arquivos de programas\VertrigoServ\www\grupo_do_joelho\web\fckeditor\editor\filemanager\browser\default\images\FolderUp.gif --> ftp.iwmello.com.br /novo/fckeditor/editor/filemanager/browser/default/images FolderUp.gif
2010.11.03 10:20 B C:\Arquivos de programas\VertrigoServ\www\grupo_do_joelho\web\fckeditor\editor\filemanager\browser\default\images\spacer.gif --> ftp.iwmello.com.br /novo/fckeditor/editor/filemanager/browser/default/images spacer.gif
2010.11.03 10:20 B C:\Arquivos de programas\VertrigoServ\www\grupo_do_joelho\web\fckeditor\editor\filemanager\browser\default\images\WS_FTP.LOG --> ftp.iwmello.com.br /novo/fckeditor/editor/filemanager/browser/default/images WS_FTP.LOG
2010.12.03 10:22 B W:\Clientes\broune\NovoSite\web\fckeditor\editor\filemanager\browser\default\images\ButtonArrow.gif --> ftp.broune.com.br /teste/fckeditor/editor/filemanager/browser/default/images ButtonArrow.gif
2010.12.03 10:22 B W:\Clientes\broune\NovoSite\web\fckeditor\editor\filemanager\browser\default\images\Folder.gif --> ftp.broune.com.br /teste/fckeditor/editor/filemanager/browser/default/images Folder.gif
2010.12.03 10:22 B W:\Clientes\broune\NovoSite\web\fckeditor\editor\filemanager\browser\default\images\Folder32.gif --> ftp.broune.com.br /teste/fckeditor/editor/filemanager/browser/default/images Folder32.gif
2010.12.03 10:22 B W:\Clientes\broune\NovoSite\web\fckeditor\editor\filemanager\browser\default\images\FolderOpened.gif --> ftp.broune.com.br /teste/fckeditor/editor/filemanager/browser/default/images FolderOpened.gif
2010.12.03 10:22 B W:\Clientes\broune\NovoSite\web\fckeditor\editor\filemanager\browser\default\images\FolderOpened32.gif --> ftp.broune.com.br /teste/fckeditor/editor/filemanager/browser/default/images FolderOpened32.gif
2010.12.03 10:22 B W:\Clientes\broune\NovoSite\web\fckeditor\editor\filemanager\browser\default\images\FolderUp.gif --> ftp.broune.com.br /teste/fckeditor/editor/filemanager/browser/default/images FolderUp.gif
2010.12.03 10:22 B W:\Clientes\broune\NovoSite\web\fckeditor\editor\filemanager\browser\default\images\spacer.gif --> ftp.broune.com.br /teste/fckeditor/editor/filemanager/browser/default/images spacer.gif
2010.12.03 10:22 B W:\Clientes\broune\NovoSite\web\fckeditor\editor\filemanager\browser\default\images\WS_FTP.LOG --> ftp.broune.com.br /teste/fckeditor/editor/filemanager/browser/default/images WS_FTP.LOG
