2010.11.03 10:02 B C:\Arquivos de programas\VertrigoServ\www\grupo_do_joelho\web\fckeditor\editor\_source\commandclasses\fck_othercommands.js --> ftp.companhiapixel.com.br /httpdocs/gj/fckeditor/editor/_source/commandclasses fck_othercommands.js
2010.11.03 10:02 B C:\Arquivos de programas\VertrigoServ\www\grupo_do_joelho\web\fckeditor\editor\_source\commandclasses\fckfitwindow.js --> ftp.companhiapixel.com.br /httpdocs/gj/fckeditor/editor/_source/commandclasses fckfitwindow.js
2010.11.03 10:02 B C:\Arquivos de programas\VertrigoServ\www\grupo_do_joelho\web\fckeditor\editor\_source\commandclasses\fcknamedcommand.js --> ftp.companhiapixel.com.br /httpdocs/gj/fckeditor/editor/_source/commandclasses fcknamedcommand.js
2010.11.03 10:02 B C:\Arquivos de programas\VertrigoServ\www\grupo_do_joelho\web\fckeditor\editor\_source\commandclasses\fckpasteplaintextcommand.js --> ftp.companhiapixel.com.br /httpdocs/gj/fckeditor/editor/_source/commandclasses fckpasteplaintextcommand.js
2010.11.03 10:02 B C:\Arquivos de programas\VertrigoServ\www\grupo_do_joelho\web\fckeditor\editor\_source\commandclasses\fckpastewordcommand.js --> ftp.companhiapixel.com.br /httpdocs/gj/fckeditor/editor/_source/commandclasses fckpastewordcommand.js
2010.11.03 10:02 B C:\Arquivos de programas\VertrigoServ\www\grupo_do_joelho\web\fckeditor\editor\_source\commandclasses\fckspellcheckcommand_gecko.js --> ftp.companhiapixel.com.br /httpdocs/gj/fckeditor/editor/_source/commandclasses fckspellcheckcommand_gecko.js
2010.11.03 10:02 B C:\Arquivos de programas\VertrigoServ\www\grupo_do_joelho\web\fckeditor\editor\_source\commandclasses\fckspellcheckcommand_ie.js --> ftp.companhiapixel.com.br /httpdocs/gj/fckeditor/editor/_source/commandclasses fckspellcheckcommand_ie.js
2010.11.03 10:02 B C:\Arquivos de programas\VertrigoServ\www\grupo_do_joelho\web\fckeditor\editor\_source\commandclasses\fckstylecommand.js --> ftp.companhiapixel.com.br /httpdocs/gj/fckeditor/editor/_source/commandclasses fckstylecommand.js
2010.11.03 10:02 B C:\Arquivos de programas\VertrigoServ\www\grupo_do_joelho\web\fckeditor\editor\_source\commandclasses\fcktablecommand.js --> ftp.companhiapixel.com.br /httpdocs/gj/fckeditor/editor/_source/commandclasses fcktablecommand.js
2010.11.03 10:02 B C:\Arquivos de programas\VertrigoServ\www\grupo_do_joelho\web\fckeditor\editor\_source\commandclasses\fcktextcolorcommand.js --> ftp.companhiapixel.com.br /httpdocs/gj/fckeditor/editor/_source/commandclasses fcktextcolorcommand.js
2010.11.03 10:18 B C:\Arquivos de programas\VertrigoServ\www\grupo_do_joelho\web\fckeditor\editor\_source\commandclasses\fck_othercommands.js --> ftp.iwmello.com.br /novo/fckeditor/editor/_source/commandclasses fck_othercommands.js
2010.11.03 10:18 B C:\Arquivos de programas\VertrigoServ\www\grupo_do_joelho\web\fckeditor\editor\_source\commandclasses\fckfitwindow.js --> ftp.iwmello.com.br /novo/fckeditor/editor/_source/commandclasses fckfitwindow.js
2010.11.03 10:18 B C:\Arquivos de programas\VertrigoServ\www\grupo_do_joelho\web\fckeditor\editor\_source\commandclasses\fcknamedcommand.js --> ftp.iwmello.com.br /novo/fckeditor/editor/_source/commandclasses fcknamedcommand.js
2010.11.03 10:18 B C:\Arquivos de programas\VertrigoServ\www\grupo_do_joelho\web\fckeditor\editor\_source\commandclasses\fckpasteplaintextcommand.js --> ftp.iwmello.com.br /novo/fckeditor/editor/_source/commandclasses fckpasteplaintextcommand.js
2010.11.03 10:18 B C:\Arquivos de programas\VertrigoServ\www\grupo_do_joelho\web\fckeditor\editor\_source\commandclasses\fckpastewordcommand.js --> ftp.iwmello.com.br /novo/fckeditor/editor/_source/commandclasses fckpastewordcommand.js
2010.11.03 10:18 B C:\Arquivos de programas\VertrigoServ\www\grupo_do_joelho\web\fckeditor\editor\_source\commandclasses\fckspellcheckcommand_gecko.js --> ftp.iwmello.com.br /novo/fckeditor/editor/_source/commandclasses fckspellcheckcommand_gecko.js
2010.11.03 10:18 B C:\Arquivos de programas\VertrigoServ\www\grupo_do_joelho\web\fckeditor\editor\_source\commandclasses\fckspellcheckcommand_ie.js --> ftp.iwmello.com.br /novo/fckeditor/editor/_source/commandclasses fckspellcheckcommand_ie.js
2010.11.03 10:18 B C:\Arquivos de programas\VertrigoServ\www\grupo_do_joelho\web\fckeditor\editor\_source\commandclasses\fckstylecommand.js --> ftp.iwmello.com.br /novo/fckeditor/editor/_source/commandclasses fckstylecommand.js
2010.11.03 10:18 B C:\Arquivos de programas\VertrigoServ\www\grupo_do_joelho\web\fckeditor\editor\_source\commandclasses\fcktablecommand.js --> ftp.iwmello.com.br /novo/fckeditor/editor/_source/commandclasses fcktablecommand.js
2010.11.03 10:18 B C:\Arquivos de programas\VertrigoServ\www\grupo_do_joelho\web\fckeditor\editor\_source\commandclasses\fcktextcolorcommand.js --> ftp.iwmello.com.br /novo/fckeditor/editor/_source/commandclasses fcktextcolorcommand.js
2010.11.03 10:18 B C:\Arquivos de programas\VertrigoServ\www\grupo_do_joelho\web\fckeditor\editor\_source\commandclasses\WS_FTP.LOG --> ftp.iwmello.com.br /novo/fckeditor/editor/_source/commandclasses WS_FTP.LOG
2010.12.03 10:20 B W:\Clientes\broune\NovoSite\web\fckeditor\editor\_source\commandclasses\fck_othercommands.js --> ftp.broune.com.br /teste/fckeditor/editor/_source/commandclasses fck_othercommands.js
2010.12.03 10:20 B W:\Clientes\broune\NovoSite\web\fckeditor\editor\_source\commandclasses\fckfitwindow.js --> ftp.broune.com.br /teste/fckeditor/editor/_source/commandclasses fckfitwindow.js
2010.12.03 10:20 B W:\Clientes\broune\NovoSite\web\fckeditor\editor\_source\commandclasses\fcknamedcommand.js --> ftp.broune.com.br /teste/fckeditor/editor/_source/commandclasses fcknamedcommand.js
2010.12.03 10:20 B W:\Clientes\broune\NovoSite\web\fckeditor\editor\_source\commandclasses\fckpasteplaintextcommand.js --> ftp.broune.com.br /teste/fckeditor/editor/_source/commandclasses fckpasteplaintextcommand.js
2010.12.03 10:20 B W:\Clientes\broune\NovoSite\web\fckeditor\editor\_source\commandclasses\fckpastewordcommand.js --> ftp.broune.com.br /teste/fckeditor/editor/_source/commandclasses fckpastewordcommand.js
2010.12.03 10:20 B W:\Clientes\broune\NovoSite\web\fckeditor\editor\_source\commandclasses\fckspellcheckcommand_gecko.js --> ftp.broune.com.br /teste/fckeditor/editor/_source/commandclasses fckspellcheckcommand_gecko.js
2010.12.03 10:20 B W:\Clientes\broune\NovoSite\web\fckeditor\editor\_source\commandclasses\fckspellcheckcommand_ie.js --> ftp.broune.com.br /teste/fckeditor/editor/_source/commandclasses fckspellcheckcommand_ie.js
2010.12.03 10:20 B W:\Clientes\broune\NovoSite\web\fckeditor\editor\_source\commandclasses\fckstylecommand.js --> ftp.broune.com.br /teste/fckeditor/editor/_source/commandclasses fckstylecommand.js
2010.12.03 10:20 B W:\Clientes\broune\NovoSite\web\fckeditor\editor\_source\commandclasses\fcktablecommand.js --> ftp.broune.com.br /teste/fckeditor/editor/_source/commandclasses fcktablecommand.js
2010.12.03 10:20 B W:\Clientes\broune\NovoSite\web\fckeditor\editor\_source\commandclasses\fcktextcolorcommand.js --> ftp.broune.com.br /teste/fckeditor/editor/_source/commandclasses fcktextcolorcommand.js
2010.12.03 10:20 B W:\Clientes\broune\NovoSite\web\fckeditor\editor\_source\commandclasses\WS_FTP.LOG --> ftp.broune.com.br /teste/fckeditor/editor/_source/commandclasses WS_FTP.LOG
