2010.11.03 10:05 B C:\Arquivos de programas\VertrigoServ\www\grupo_do_joelho\web\fckeditor\editor\filemanager\browser\default\browser.css --> ftp.companhiapixel.com.br /httpdocs/gj/fckeditor/editor/filemanager/browser/default browser.css
2010.11.03 10:05 B C:\Arquivos de programas\VertrigoServ\www\grupo_do_joelho\web\fckeditor\editor\filemanager\browser\default\browser.html --> ftp.companhiapixel.com.br /httpdocs/gj/fckeditor/editor/filemanager/browser/default browser.html
2010.11.03 10:05 B C:\Arquivos de programas\VertrigoServ\www\grupo_do_joelho\web\fckeditor\editor\filemanager\browser\default\frmactualfolder.html --> ftp.companhiapixel.com.br /httpdocs/gj/fckeditor/editor/filemanager/browser/default frmactualfolder.html
2010.11.03 10:05 B C:\Arquivos de programas\VertrigoServ\www\grupo_do_joelho\web\fckeditor\editor\filemanager\browser\default\frmcreatefolder.html --> ftp.companhiapixel.com.br /httpdocs/gj/fckeditor/editor/filemanager/browser/default frmcreatefolder.html
2010.11.03 10:05 B C:\Arquivos de programas\VertrigoServ\www\grupo_do_joelho\web\fckeditor\editor\filemanager\browser\default\frmfolders.html --> ftp.companhiapixel.com.br /httpdocs/gj/fckeditor/editor/filemanager/browser/default frmfolders.html
2010.11.03 10:05 B C:\Arquivos de programas\VertrigoServ\www\grupo_do_joelho\web\fckeditor\editor\filemanager\browser\default\frmresourceslist.html --> ftp.companhiapixel.com.br /httpdocs/gj/fckeditor/editor/filemanager/browser/default frmresourceslist.html
2010.11.03 10:05 B C:\Arquivos de programas\VertrigoServ\www\grupo_do_joelho\web\fckeditor\editor\filemanager\browser\default\frmresourcetype.html --> ftp.companhiapixel.com.br /httpdocs/gj/fckeditor/editor/filemanager/browser/default frmresourcetype.html
2010.11.03 10:05 B C:\Arquivos de programas\VertrigoServ\www\grupo_do_joelho\web\fckeditor\editor\filemanager\browser\default\frmupload.html --> ftp.companhiapixel.com.br /httpdocs/gj/fckeditor/editor/filemanager/browser/default frmupload.html
2010.11.03 10:20 B C:\Arquivos de programas\VertrigoServ\www\grupo_do_joelho\web\fckeditor\editor\filemanager\browser\default\browser.css --> ftp.iwmello.com.br /novo/fckeditor/editor/filemanager/browser/default browser.css
2010.11.03 10:20 B C:\Arquivos de programas\VertrigoServ\www\grupo_do_joelho\web\fckeditor\editor\filemanager\browser\default\browser.html --> ftp.iwmello.com.br /novo/fckeditor/editor/filemanager/browser/default browser.html
2010.11.03 10:20 B C:\Arquivos de programas\VertrigoServ\www\grupo_do_joelho\web\fckeditor\editor\filemanager\browser\default\frmactualfolder.html --> ftp.iwmello.com.br /novo/fckeditor/editor/filemanager/browser/default frmactualfolder.html
2010.11.03 10:20 B C:\Arquivos de programas\VertrigoServ\www\grupo_do_joelho\web\fckeditor\editor\filemanager\browser\default\frmcreatefolder.html --> ftp.iwmello.com.br /novo/fckeditor/editor/filemanager/browser/default frmcreatefolder.html
2010.11.03 10:20 B C:\Arquivos de programas\VertrigoServ\www\grupo_do_joelho\web\fckeditor\editor\filemanager\browser\default\frmfolders.html --> ftp.iwmello.com.br /novo/fckeditor/editor/filemanager/browser/default frmfolders.html
2010.11.03 10:20 B C:\Arquivos de programas\VertrigoServ\www\grupo_do_joelho\web\fckeditor\editor\filemanager\browser\default\frmresourceslist.html --> ftp.iwmello.com.br /novo/fckeditor/editor/filemanager/browser/default frmresourceslist.html
2010.11.03 10:20 B C:\Arquivos de programas\VertrigoServ\www\grupo_do_joelho\web\fckeditor\editor\filemanager\browser\default\frmresourcetype.html --> ftp.iwmello.com.br /novo/fckeditor/editor/filemanager/browser/default frmresourcetype.html
2010.11.03 10:20 B C:\Arquivos de programas\VertrigoServ\www\grupo_do_joelho\web\fckeditor\editor\filemanager\browser\default\frmupload.html --> ftp.iwmello.com.br /novo/fckeditor/editor/filemanager/browser/default frmupload.html
2010.11.03 10:20 B C:\Arquivos de programas\VertrigoServ\www\grupo_do_joelho\web\fckeditor\editor\filemanager\browser\default\WS_FTP.LOG --> ftp.iwmello.com.br /novo/fckeditor/editor/filemanager/browser/default WS_FTP.LOG
2010.12.03 10:22 B W:\Clientes\broune\NovoSite\web\fckeditor\editor\filemanager\browser\default\browser.css --> ftp.broune.com.br /teste/fckeditor/editor/filemanager/browser/default browser.css
2010.12.03 10:22 B W:\Clientes\broune\NovoSite\web\fckeditor\editor\filemanager\browser\default\browser.html --> ftp.broune.com.br /teste/fckeditor/editor/filemanager/browser/default browser.html
2010.12.03 10:22 B W:\Clientes\broune\NovoSite\web\fckeditor\editor\filemanager\browser\default\frmactualfolder.html --> ftp.broune.com.br /teste/fckeditor/editor/filemanager/browser/default frmactualfolder.html
2010.12.03 10:22 B W:\Clientes\broune\NovoSite\web\fckeditor\editor\filemanager\browser\default\frmcreatefolder.html --> ftp.broune.com.br /teste/fckeditor/editor/filemanager/browser/default frmcreatefolder.html
2010.12.03 10:22 B W:\Clientes\broune\NovoSite\web\fckeditor\editor\filemanager\browser\default\frmfolders.html --> ftp.broune.com.br /teste/fckeditor/editor/filemanager/browser/default frmfolders.html
2010.12.03 10:22 B W:\Clientes\broune\NovoSite\web\fckeditor\editor\filemanager\browser\default\frmresourceslist.html --> ftp.broune.com.br /teste/fckeditor/editor/filemanager/browser/default frmresourceslist.html
2010.12.03 10:22 B W:\Clientes\broune\NovoSite\web\fckeditor\editor\filemanager\browser\default\frmresourcetype.html --> ftp.broune.com.br /teste/fckeditor/editor/filemanager/browser/default frmresourcetype.html
2010.12.03 10:22 B W:\Clientes\broune\NovoSite\web\fckeditor\editor\filemanager\browser\default\frmupload.html --> ftp.broune.com.br /teste/fckeditor/editor/filemanager/browser/default frmupload.html
2010.12.03 10:22 B W:\Clientes\broune\NovoSite\web\fckeditor\editor\filemanager\browser\default\WS_FTP.LOG --> ftp.broune.com.br /teste/fckeditor/editor/filemanager/browser/default WS_FTP.LOG
