2010.11.03 10:04 B C:\Arquivos de programas\VertrigoServ\www\grupo_do_joelho\web\fckeditor\editor\filemanager\browser\default\images\icons\32\ai.gif --> ftp.companhiapixel.com.br /httpdocs/gj/fckeditor/editor/filemanager/browser/default/images/icons/32 ai.gif
2010.11.03 10:04 B C:\Arquivos de programas\VertrigoServ\www\grupo_do_joelho\web\fckeditor\editor\filemanager\browser\default\images\icons\32\avi.gif --> ftp.companhiapixel.com.br /httpdocs/gj/fckeditor/editor/filemanager/browser/default/images/icons/32 avi.gif
2010.11.03 10:04 B C:\Arquivos de programas\VertrigoServ\www\grupo_do_joelho\web\fckeditor\editor\filemanager\browser\default\images\icons\32\bmp.gif --> ftp.companhiapixel.com.br /httpdocs/gj/fckeditor/editor/filemanager/browser/default/images/icons/32 bmp.gif
2010.11.03 10:04 B C:\Arquivos de programas\VertrigoServ\www\grupo_do_joelho\web\fckeditor\editor\filemanager\browser\default\images\icons\32\cs.gif --> ftp.companhiapixel.com.br /httpdocs/gj/fckeditor/editor/filemanager/browser/default/images/icons/32 cs.gif
2010.11.03 10:04 B C:\Arquivos de programas\VertrigoServ\www\grupo_do_joelho\web\fckeditor\editor\filemanager\browser\default\images\icons\32\default.icon.gif --> ftp.companhiapixel.com.br /httpdocs/gj/fckeditor/editor/filemanager/browser/default/images/icons/32 default.icon.gif
2010.11.03 10:04 B C:\Arquivos de programas\VertrigoServ\www\grupo_do_joelho\web\fckeditor\editor\filemanager\browser\default\images\icons\32\dll.gif --> ftp.companhiapixel.com.br /httpdocs/gj/fckeditor/editor/filemanager/browser/default/images/icons/32 dll.gif
2010.11.03 10:04 B C:\Arquivos de programas\VertrigoServ\www\grupo_do_joelho\web\fckeditor\editor\filemanager\browser\default\images\icons\32\doc.gif --> ftp.companhiapixel.com.br /httpdocs/gj/fckeditor/editor/filemanager/browser/default/images/icons/32 doc.gif
2010.11.03 10:04 B C:\Arquivos de programas\VertrigoServ\www\grupo_do_joelho\web\fckeditor\editor\filemanager\browser\default\images\icons\32\exe.gif --> ftp.companhiapixel.com.br /httpdocs/gj/fckeditor/editor/filemanager/browser/default/images/icons/32 exe.gif
2010.11.03 10:04 B C:\Arquivos de programas\VertrigoServ\www\grupo_do_joelho\web\fckeditor\editor\filemanager\browser\default\images\icons\32\fla.gif --> ftp.companhiapixel.com.br /httpdocs/gj/fckeditor/editor/filemanager/browser/default/images/icons/32 fla.gif
2010.11.03 10:04 B C:\Arquivos de programas\VertrigoServ\www\grupo_do_joelho\web\fckeditor\editor\filemanager\browser\default\images\icons\32\gif.gif --> ftp.companhiapixel.com.br /httpdocs/gj/fckeditor/editor/filemanager/browser/default/images/icons/32 gif.gif
2010.11.03 10:04 B C:\Arquivos de programas\VertrigoServ\www\grupo_do_joelho\web\fckeditor\editor\filemanager\browser\default\images\icons\32\htm.gif --> ftp.companhiapixel.com.br /httpdocs/gj/fckeditor/editor/filemanager/browser/default/images/icons/32 htm.gif
2010.11.03 10:04 B C:\Arquivos de programas\VertrigoServ\www\grupo_do_joelho\web\fckeditor\editor\filemanager\browser\default\images\icons\32\html.gif --> ftp.companhiapixel.com.br /httpdocs/gj/fckeditor/editor/filemanager/browser/default/images/icons/32 html.gif
2010.11.03 10:04 B C:\Arquivos de programas\VertrigoServ\www\grupo_do_joelho\web\fckeditor\editor\filemanager\browser\default\images\icons\32\jpg.gif --> ftp.companhiapixel.com.br /httpdocs/gj/fckeditor/editor/filemanager/browser/default/images/icons/32 jpg.gif
2010.11.03 10:04 B C:\Arquivos de programas\VertrigoServ\www\grupo_do_joelho\web\fckeditor\editor\filemanager\browser\default\images\icons\32\js.gif --> ftp.companhiapixel.com.br /httpdocs/gj/fckeditor/editor/filemanager/browser/default/images/icons/32 js.gif
2010.11.03 10:04 B C:\Arquivos de programas\VertrigoServ\www\grupo_do_joelho\web\fckeditor\editor\filemanager\browser\default\images\icons\32\mdb.gif --> ftp.companhiapixel.com.br /httpdocs/gj/fckeditor/editor/filemanager/browser/default/images/icons/32 mdb.gif
2010.11.03 10:04 B C:\Arquivos de programas\VertrigoServ\www\grupo_do_joelho\web\fckeditor\editor\filemanager\browser\default\images\icons\32\mp3.gif --> ftp.companhiapixel.com.br /httpdocs/gj/fckeditor/editor/filemanager/browser/default/images/icons/32 mp3.gif
2010.11.03 10:04 B C:\Arquivos de programas\VertrigoServ\www\grupo_do_joelho\web\fckeditor\editor\filemanager\browser\default\images\icons\32\pdf.gif --> ftp.companhiapixel.com.br /httpdocs/gj/fckeditor/editor/filemanager/browser/default/images/icons/32 pdf.gif
2010.11.03 10:04 B C:\Arquivos de programas\VertrigoServ\www\grupo_do_joelho\web\fckeditor\editor\filemanager\browser\default\images\icons\32\png.gif --> ftp.companhiapixel.com.br /httpdocs/gj/fckeditor/editor/filemanager/browser/default/images/icons/32 png.gif
2010.11.03 10:04 B C:\Arquivos de programas\VertrigoServ\www\grupo_do_joelho\web\fckeditor\editor\filemanager\browser\default\images\icons\32\ppt.gif --> ftp.companhiapixel.com.br /httpdocs/gj/fckeditor/editor/filemanager/browser/default/images/icons/32 ppt.gif
2010.11.03 10:04 B C:\Arquivos de programas\VertrigoServ\www\grupo_do_joelho\web\fckeditor\editor\filemanager\browser\default\images\icons\32\rdp.gif --> ftp.companhiapixel.com.br /httpdocs/gj/fckeditor/editor/filemanager/browser/default/images/icons/32 rdp.gif
2010.11.03 10:04 B C:\Arquivos de programas\VertrigoServ\www\grupo_do_joelho\web\fckeditor\editor\filemanager\browser\default\images\icons\32\swf.gif --> ftp.companhiapixel.com.br /httpdocs/gj/fckeditor/editor/filemanager/browser/default/images/icons/32 swf.gif
2010.11.03 10:04 B C:\Arquivos de programas\VertrigoServ\www\grupo_do_joelho\web\fckeditor\editor\filemanager\browser\default\images\icons\32\swt.gif --> ftp.companhiapixel.com.br /httpdocs/gj/fckeditor/editor/filemanager/browser/default/images/icons/32 swt.gif
2010.11.03 10:04 B C:\Arquivos de programas\VertrigoServ\www\grupo_do_joelho\web\fckeditor\editor\filemanager\browser\default\images\icons\32\txt.gif --> ftp.companhiapixel.com.br /httpdocs/gj/fckeditor/editor/filemanager/browser/default/images/icons/32 txt.gif
2010.11.03 10:04 B C:\Arquivos de programas\VertrigoServ\www\grupo_do_joelho\web\fckeditor\editor\filemanager\browser\default\images\icons\32\vsd.gif --> ftp.companhiapixel.com.br /httpdocs/gj/fckeditor/editor/filemanager/browser/default/images/icons/32 vsd.gif
2010.11.03 10:04 B C:\Arquivos de programas\VertrigoServ\www\grupo_do_joelho\web\fckeditor\editor\filemanager\browser\default\images\icons\32\xls.gif --> ftp.companhiapixel.com.br /httpdocs/gj/fckeditor/editor/filemanager/browser/default/images/icons/32 xls.gif
2010.11.03 10:04 B C:\Arquivos de programas\VertrigoServ\www\grupo_do_joelho\web\fckeditor\editor\filemanager\browser\default\images\icons\32\xml.gif --> ftp.companhiapixel.com.br /httpdocs/gj/fckeditor/editor/filemanager/browser/default/images/icons/32 xml.gif
2010.11.03 10:04 B C:\Arquivos de programas\VertrigoServ\www\grupo_do_joelho\web\fckeditor\editor\filemanager\browser\default\images\icons\32\zip.gif --> ftp.companhiapixel.com.br /httpdocs/gj/fckeditor/editor/filemanager/browser/default/images/icons/32 zip.gif
2010.11.03 10:19 B C:\Arquivos de programas\VertrigoServ\www\grupo_do_joelho\web\fckeditor\editor\filemanager\browser\default\images\icons\32\ai.gif --> ftp.iwmello.com.br /novo/fckeditor/editor/filemanager/browser/default/images/icons/32 ai.gif
2010.11.03 10:19 B C:\Arquivos de programas\VertrigoServ\www\grupo_do_joelho\web\fckeditor\editor\filemanager\browser\default\images\icons\32\avi.gif --> ftp.iwmello.com.br /novo/fckeditor/editor/filemanager/browser/default/images/icons/32 avi.gif
2010.11.03 10:19 B C:\Arquivos de programas\VertrigoServ\www\grupo_do_joelho\web\fckeditor\editor\filemanager\browser\default\images\icons\32\bmp.gif --> ftp.iwmello.com.br /novo/fckeditor/editor/filemanager/browser/default/images/icons/32 bmp.gif
2010.11.03 10:19 B C:\Arquivos de programas\VertrigoServ\www\grupo_do_joelho\web\fckeditor\editor\filemanager\browser\default\images\icons\32\cs.gif --> ftp.iwmello.com.br /novo/fckeditor/editor/filemanager/browser/default/images/icons/32 cs.gif
2010.11.03 10:19 B C:\Arquivos de programas\VertrigoServ\www\grupo_do_joelho\web\fckeditor\editor\filemanager\browser\default\images\icons\32\default.icon.gif --> ftp.iwmello.com.br /novo/fckeditor/editor/filemanager/browser/default/images/icons/32 default.icon.gif
2010.11.03 10:19 B C:\Arquivos de programas\VertrigoServ\www\grupo_do_joelho\web\fckeditor\editor\filemanager\browser\default\images\icons\32\dll.gif --> ftp.iwmello.com.br /novo/fckeditor/editor/filemanager/browser/default/images/icons/32 dll.gif
2010.11.03 10:19 B C:\Arquivos de programas\VertrigoServ\www\grupo_do_joelho\web\fckeditor\editor\filemanager\browser\default\images\icons\32\doc.gif --> ftp.iwmello.com.br /novo/fckeditor/editor/filemanager/browser/default/images/icons/32 doc.gif
2010.11.03 10:19 B C:\Arquivos de programas\VertrigoServ\www\grupo_do_joelho\web\fckeditor\editor\filemanager\browser\default\images\icons\32\exe.gif --> ftp.iwmello.com.br /novo/fckeditor/editor/filemanager/browser/default/images/icons/32 exe.gif
2010.11.03 10:19 B C:\Arquivos de programas\VertrigoServ\www\grupo_do_joelho\web\fckeditor\editor\filemanager\browser\default\images\icons\32\fla.gif --> ftp.iwmello.com.br /novo/fckeditor/editor/filemanager/browser/default/images/icons/32 fla.gif
2010.11.03 10:19 B C:\Arquivos de programas\VertrigoServ\www\grupo_do_joelho\web\fckeditor\editor\filemanager\browser\default\images\icons\32\gif.gif --> ftp.iwmello.com.br /novo/fckeditor/editor/filemanager/browser/default/images/icons/32 gif.gif
2010.11.03 10:19 B C:\Arquivos de programas\VertrigoServ\www\grupo_do_joelho\web\fckeditor\editor\filemanager\browser\default\images\icons\32\htm.gif --> ftp.iwmello.com.br /novo/fckeditor/editor/filemanager/browser/default/images/icons/32 htm.gif
2010.11.03 10:19 B C:\Arquivos de programas\VertrigoServ\www\grupo_do_joelho\web\fckeditor\editor\filemanager\browser\default\images\icons\32\html.gif --> ftp.iwmello.com.br /novo/fckeditor/editor/filemanager/browser/default/images/icons/32 html.gif
2010.11.03 10:19 B C:\Arquivos de programas\VertrigoServ\www\grupo_do_joelho\web\fckeditor\editor\filemanager\browser\default\images\icons\32\jpg.gif --> ftp.iwmello.com.br /novo/fckeditor/editor/filemanager/browser/default/images/icons/32 jpg.gif
2010.11.03 10:19 B C:\Arquivos de programas\VertrigoServ\www\grupo_do_joelho\web\fckeditor\editor\filemanager\browser\default\images\icons\32\js.gif --> ftp.iwmello.com.br /novo/fckeditor/editor/filemanager/browser/default/images/icons/32 js.gif
2010.11.03 10:19 B C:\Arquivos de programas\VertrigoServ\www\grupo_do_joelho\web\fckeditor\editor\filemanager\browser\default\images\icons\32\mdb.gif --> ftp.iwmello.com.br /novo/fckeditor/editor/filemanager/browser/default/images/icons/32 mdb.gif
2010.11.03 10:19 B C:\Arquivos de programas\VertrigoServ\www\grupo_do_joelho\web\fckeditor\editor\filemanager\browser\default\images\icons\32\mp3.gif --> ftp.iwmello.com.br /novo/fckeditor/editor/filemanager/browser/default/images/icons/32 mp3.gif
2010.11.03 10:19 B C:\Arquivos de programas\VertrigoServ\www\grupo_do_joelho\web\fckeditor\editor\filemanager\browser\default\images\icons\32\pdf.gif --> ftp.iwmello.com.br /novo/fckeditor/editor/filemanager/browser/default/images/icons/32 pdf.gif
2010.11.03 10:19 B C:\Arquivos de programas\VertrigoServ\www\grupo_do_joelho\web\fckeditor\editor\filemanager\browser\default\images\icons\32\png.gif --> ftp.iwmello.com.br /novo/fckeditor/editor/filemanager/browser/default/images/icons/32 png.gif
2010.11.03 10:19 B C:\Arquivos de programas\VertrigoServ\www\grupo_do_joelho\web\fckeditor\editor\filemanager\browser\default\images\icons\32\ppt.gif --> ftp.iwmello.com.br /novo/fckeditor/editor/filemanager/browser/default/images/icons/32 ppt.gif
2010.11.03 10:19 B C:\Arquivos de programas\VertrigoServ\www\grupo_do_joelho\web\fckeditor\editor\filemanager\browser\default\images\icons\32\rdp.gif --> ftp.iwmello.com.br /novo/fckeditor/editor/filemanager/browser/default/images/icons/32 rdp.gif
2010.11.03 10:19 B C:\Arquivos de programas\VertrigoServ\www\grupo_do_joelho\web\fckeditor\editor\filemanager\browser\default\images\icons\32\swf.gif --> ftp.iwmello.com.br /novo/fckeditor/editor/filemanager/browser/default/images/icons/32 swf.gif
2010.11.03 10:19 B C:\Arquivos de programas\VertrigoServ\www\grupo_do_joelho\web\fckeditor\editor\filemanager\browser\default\images\icons\32\swt.gif --> ftp.iwmello.com.br /novo/fckeditor/editor/filemanager/browser/default/images/icons/32 swt.gif
2010.11.03 10:19 B C:\Arquivos de programas\VertrigoServ\www\grupo_do_joelho\web\fckeditor\editor\filemanager\browser\default\images\icons\32\txt.gif --> ftp.iwmello.com.br /novo/fckeditor/editor/filemanager/browser/default/images/icons/32 txt.gif
2010.11.03 10:19 B C:\Arquivos de programas\VertrigoServ\www\grupo_do_joelho\web\fckeditor\editor\filemanager\browser\default\images\icons\32\vsd.gif --> ftp.iwmello.com.br /novo/fckeditor/editor/filemanager/browser/default/images/icons/32 vsd.gif
2010.11.03 10:19 B C:\Arquivos de programas\VertrigoServ\www\grupo_do_joelho\web\fckeditor\editor\filemanager\browser\default\images\icons\32\WS_FTP.LOG --> ftp.iwmello.com.br /novo/fckeditor/editor/filemanager/browser/default/images/icons/32 WS_FTP.LOG
2010.11.03 10:19 B C:\Arquivos de programas\VertrigoServ\www\grupo_do_joelho\web\fckeditor\editor\filemanager\browser\default\images\icons\32\xls.gif --> ftp.iwmello.com.br /novo/fckeditor/editor/filemanager/browser/default/images/icons/32 xls.gif
2010.11.03 10:19 B C:\Arquivos de programas\VertrigoServ\www\grupo_do_joelho\web\fckeditor\editor\filemanager\browser\default\images\icons\32\xml.gif --> ftp.iwmello.com.br /novo/fckeditor/editor/filemanager/browser/default/images/icons/32 xml.gif
2010.11.03 10:19 B C:\Arquivos de programas\VertrigoServ\www\grupo_do_joelho\web\fckeditor\editor\filemanager\browser\default\images\icons\32\zip.gif --> ftp.iwmello.com.br /novo/fckeditor/editor/filemanager/browser/default/images/icons/32 zip.gif
2010.12.03 10:22 B W:\Clientes\broune\NovoSite\web\fckeditor\editor\filemanager\browser\default\images\icons\32\ai.gif --> ftp.broune.com.br /teste/fckeditor/editor/filemanager/browser/default/images/icons/32 ai.gif
2010.12.03 10:22 B W:\Clientes\broune\NovoSite\web\fckeditor\editor\filemanager\browser\default\images\icons\32\avi.gif --> ftp.broune.com.br /teste/fckeditor/editor/filemanager/browser/default/images/icons/32 avi.gif
2010.12.03 10:22 B W:\Clientes\broune\NovoSite\web\fckeditor\editor\filemanager\browser\default\images\icons\32\bmp.gif --> ftp.broune.com.br /teste/fckeditor/editor/filemanager/browser/default/images/icons/32 bmp.gif
2010.12.03 10:22 B W:\Clientes\broune\NovoSite\web\fckeditor\editor\filemanager\browser\default\images\icons\32\cs.gif --> ftp.broune.com.br /teste/fckeditor/editor/filemanager/browser/default/images/icons/32 cs.gif
2010.12.03 10:22 B W:\Clientes\broune\NovoSite\web\fckeditor\editor\filemanager\browser\default\images\icons\32\default.icon.gif --> ftp.broune.com.br /teste/fckeditor/editor/filemanager/browser/default/images/icons/32 default.icon.gif
2010.12.03 10:22 B W:\Clientes\broune\NovoSite\web\fckeditor\editor\filemanager\browser\default\images\icons\32\dll.gif --> ftp.broune.com.br /teste/fckeditor/editor/filemanager/browser/default/images/icons/32 dll.gif
2010.12.03 10:22 B W:\Clientes\broune\NovoSite\web\fckeditor\editor\filemanager\browser\default\images\icons\32\doc.gif --> ftp.broune.com.br /teste/fckeditor/editor/filemanager/browser/default/images/icons/32 doc.gif
2010.12.03 10:22 B W:\Clientes\broune\NovoSite\web\fckeditor\editor\filemanager\browser\default\images\icons\32\exe.gif --> ftp.broune.com.br /teste/fckeditor/editor/filemanager/browser/default/images/icons/32 exe.gif
2010.12.03 10:22 B W:\Clientes\broune\NovoSite\web\fckeditor\editor\filemanager\browser\default\images\icons\32\fla.gif --> ftp.broune.com.br /teste/fckeditor/editor/filemanager/browser/default/images/icons/32 fla.gif
2010.12.03 10:22 B W:\Clientes\broune\NovoSite\web\fckeditor\editor\filemanager\browser\default\images\icons\32\gif.gif --> ftp.broune.com.br /teste/fckeditor/editor/filemanager/browser/default/images/icons/32 gif.gif
2010.12.03 10:22 B W:\Clientes\broune\NovoSite\web\fckeditor\editor\filemanager\browser\default\images\icons\32\htm.gif --> ftp.broune.com.br /teste/fckeditor/editor/filemanager/browser/default/images/icons/32 htm.gif
2010.12.03 10:22 B W:\Clientes\broune\NovoSite\web\fckeditor\editor\filemanager\browser\default\images\icons\32\html.gif --> ftp.broune.com.br /teste/fckeditor/editor/filemanager/browser/default/images/icons/32 html.gif
2010.12.03 10:22 B W:\Clientes\broune\NovoSite\web\fckeditor\editor\filemanager\browser\default\images\icons\32\jpg.gif --> ftp.broune.com.br /teste/fckeditor/editor/filemanager/browser/default/images/icons/32 jpg.gif
2010.12.03 10:22 B W:\Clientes\broune\NovoSite\web\fckeditor\editor\filemanager\browser\default\images\icons\32\js.gif --> ftp.broune.com.br /teste/fckeditor/editor/filemanager/browser/default/images/icons/32 js.gif
2010.12.03 10:22 B W:\Clientes\broune\NovoSite\web\fckeditor\editor\filemanager\browser\default\images\icons\32\mdb.gif --> ftp.broune.com.br /teste/fckeditor/editor/filemanager/browser/default/images/icons/32 mdb.gif
2010.12.03 10:22 B W:\Clientes\broune\NovoSite\web\fckeditor\editor\filemanager\browser\default\images\icons\32\mp3.gif --> ftp.broune.com.br /teste/fckeditor/editor/filemanager/browser/default/images/icons/32 mp3.gif
2010.12.03 10:22 B W:\Clientes\broune\NovoSite\web\fckeditor\editor\filemanager\browser\default\images\icons\32\pdf.gif --> ftp.broune.com.br /teste/fckeditor/editor/filemanager/browser/default/images/icons/32 pdf.gif
2010.12.03 10:22 B W:\Clientes\broune\NovoSite\web\fckeditor\editor\filemanager\browser\default\images\icons\32\png.gif --> ftp.broune.com.br /teste/fckeditor/editor/filemanager/browser/default/images/icons/32 png.gif
2010.12.03 10:22 B W:\Clientes\broune\NovoSite\web\fckeditor\editor\filemanager\browser\default\images\icons\32\ppt.gif --> ftp.broune.com.br /teste/fckeditor/editor/filemanager/browser/default/images/icons/32 ppt.gif
2010.12.03 10:22 B W:\Clientes\broune\NovoSite\web\fckeditor\editor\filemanager\browser\default\images\icons\32\rdp.gif --> ftp.broune.com.br /teste/fckeditor/editor/filemanager/browser/default/images/icons/32 rdp.gif
2010.12.03 10:22 B W:\Clientes\broune\NovoSite\web\fckeditor\editor\filemanager\browser\default\images\icons\32\swf.gif --> ftp.broune.com.br /teste/fckeditor/editor/filemanager/browser/default/images/icons/32 swf.gif
2010.12.03 10:22 B W:\Clientes\broune\NovoSite\web\fckeditor\editor\filemanager\browser\default\images\icons\32\swt.gif --> ftp.broune.com.br /teste/fckeditor/editor/filemanager/browser/default/images/icons/32 swt.gif
2010.12.03 10:22 B W:\Clientes\broune\NovoSite\web\fckeditor\editor\filemanager\browser\default\images\icons\32\txt.gif --> ftp.broune.com.br /teste/fckeditor/editor/filemanager/browser/default/images/icons/32 txt.gif
2010.12.03 10:22 B W:\Clientes\broune\NovoSite\web\fckeditor\editor\filemanager\browser\default\images\icons\32\vsd.gif --> ftp.broune.com.br /teste/fckeditor/editor/filemanager/browser/default/images/icons/32 vsd.gif
2010.12.03 10:22 B W:\Clientes\broune\NovoSite\web\fckeditor\editor\filemanager\browser\default\images\icons\32\WS_FTP.LOG --> ftp.broune.com.br /teste/fckeditor/editor/filemanager/browser/default/images/icons/32 WS_FTP.LOG
2010.12.03 10:22 B W:\Clientes\broune\NovoSite\web\fckeditor\editor\filemanager\browser\default\images\icons\32\xls.gif --> ftp.broune.com.br /teste/fckeditor/editor/filemanager/browser/default/images/icons/32 xls.gif
2010.12.03 10:22 B W:\Clientes\broune\NovoSite\web\fckeditor\editor\filemanager\browser\default\images\icons\32\xml.gif --> ftp.broune.com.br /teste/fckeditor/editor/filemanager/browser/default/images/icons/32 xml.gif
2010.12.03 10:22 B W:\Clientes\broune\NovoSite\web\fckeditor\editor\filemanager\browser\default\images\icons\32\zip.gif --> ftp.broune.com.br /teste/fckeditor/editor/filemanager/browser/default/images/icons/32 zip.gif
