2010.11.03 10:02 B C:\Arquivos de programas\VertrigoServ\www\grupo_do_joelho\web\fckeditor\editor\_source\internals\fck.js --> ftp.companhiapixel.com.br /httpdocs/gj/fckeditor/editor/_source/internals fck.js
2010.11.03 10:02 B C:\Arquivos de programas\VertrigoServ\www\grupo_do_joelho\web\fckeditor\editor\_source\internals\fck_contextmenu.js --> ftp.companhiapixel.com.br /httpdocs/gj/fckeditor/editor/_source/internals fck_contextmenu.js
2010.11.03 10:02 B C:\Arquivos de programas\VertrigoServ\www\grupo_do_joelho\web\fckeditor\editor\_source\internals\fck_gecko.js --> ftp.companhiapixel.com.br /httpdocs/gj/fckeditor/editor/_source/internals fck_gecko.js
2010.11.03 10:02 B C:\Arquivos de programas\VertrigoServ\www\grupo_do_joelho\web\fckeditor\editor\_source\internals\fck_ie.js --> ftp.companhiapixel.com.br /httpdocs/gj/fckeditor/editor/_source/internals fck_ie.js
2010.11.03 10:02 B C:\Arquivos de programas\VertrigoServ\www\grupo_do_joelho\web\fckeditor\editor\_source\internals\fckbrowserinfo.js --> ftp.companhiapixel.com.br /httpdocs/gj/fckeditor/editor/_source/internals fckbrowserinfo.js
2010.11.03 10:02 B C:\Arquivos de programas\VertrigoServ\www\grupo_do_joelho\web\fckeditor\editor\_source\internals\fckcodeformatter.js --> ftp.companhiapixel.com.br /httpdocs/gj/fckeditor/editor/_source/internals fckcodeformatter.js
2010.11.03 10:02 B C:\Arquivos de programas\VertrigoServ\www\grupo_do_joelho\web\fckeditor\editor\_source\internals\fckcommands.js --> ftp.companhiapixel.com.br /httpdocs/gj/fckeditor/editor/_source/internals fckcommands.js
2010.11.03 10:02 B C:\Arquivos de programas\VertrigoServ\www\grupo_do_joelho\web\fckeditor\editor\_source\internals\fckconfig.js --> ftp.companhiapixel.com.br /httpdocs/gj/fckeditor/editor/_source/internals fckconfig.js
2010.11.03 10:02 B C:\Arquivos de programas\VertrigoServ\www\grupo_do_joelho\web\fckeditor\editor\_source\internals\fckdebug.js --> ftp.companhiapixel.com.br /httpdocs/gj/fckeditor/editor/_source/internals fckdebug.js
2010.11.03 10:02 B C:\Arquivos de programas\VertrigoServ\www\grupo_do_joelho\web\fckeditor\editor\_source\internals\fckdialog.js --> ftp.companhiapixel.com.br /httpdocs/gj/fckeditor/editor/_source/internals fckdialog.js
2010.11.03 10:02 B C:\Arquivos de programas\VertrigoServ\www\grupo_do_joelho\web\fckeditor\editor\_source\internals\fckdialog_gecko.js --> ftp.companhiapixel.com.br /httpdocs/gj/fckeditor/editor/_source/internals fckdialog_gecko.js
2010.11.03 10:02 B C:\Arquivos de programas\VertrigoServ\www\grupo_do_joelho\web\fckeditor\editor\_source\internals\fckdialog_ie.js --> ftp.companhiapixel.com.br /httpdocs/gj/fckeditor/editor/_source/internals fckdialog_ie.js
2010.11.03 10:02 B C:\Arquivos de programas\VertrigoServ\www\grupo_do_joelho\web\fckeditor\editor\_source\internals\fckdocumentprocessor.js --> ftp.companhiapixel.com.br /httpdocs/gj/fckeditor/editor/_source/internals fckdocumentprocessor.js
2010.11.03 10:02 B C:\Arquivos de programas\VertrigoServ\www\grupo_do_joelho\web\fckeditor\editor\_source\internals\fckdomtools.js --> ftp.companhiapixel.com.br /httpdocs/gj/fckeditor/editor/_source/internals fckdomtools.js
2010.11.03 10:02 B C:\Arquivos de programas\VertrigoServ\www\grupo_do_joelho\web\fckeditor\editor\_source\internals\fcklanguagemanager.js --> ftp.companhiapixel.com.br /httpdocs/gj/fckeditor/editor/_source/internals fcklanguagemanager.js
2010.11.03 10:02 B C:\Arquivos de programas\VertrigoServ\www\grupo_do_joelho\web\fckeditor\editor\_source\internals\fcklisthandler.js --> ftp.companhiapixel.com.br /httpdocs/gj/fckeditor/editor/_source/internals fcklisthandler.js
2010.11.03 10:02 B C:\Arquivos de programas\VertrigoServ\www\grupo_do_joelho\web\fckeditor\editor\_source\internals\fcklistslib.js --> ftp.companhiapixel.com.br /httpdocs/gj/fckeditor/editor/_source/internals fcklistslib.js
2010.11.03 10:02 B C:\Arquivos de programas\VertrigoServ\www\grupo_do_joelho\web\fckeditor\editor\_source\internals\fckplugins.js --> ftp.companhiapixel.com.br /httpdocs/gj/fckeditor/editor/_source/internals fckplugins.js
2010.11.03 10:03 B C:\Arquivos de programas\VertrigoServ\www\grupo_do_joelho\web\fckeditor\editor\_source\internals\fckregexlib.js --> ftp.companhiapixel.com.br /httpdocs/gj/fckeditor/editor/_source/internals fckregexlib.js
2010.11.03 10:03 B C:\Arquivos de programas\VertrigoServ\www\grupo_do_joelho\web\fckeditor\editor\_source\internals\fckselection.js --> ftp.companhiapixel.com.br /httpdocs/gj/fckeditor/editor/_source/internals fckselection.js
2010.11.03 10:03 B C:\Arquivos de programas\VertrigoServ\www\grupo_do_joelho\web\fckeditor\editor\_source\internals\fckselection_gecko.js --> ftp.companhiapixel.com.br /httpdocs/gj/fckeditor/editor/_source/internals fckselection_gecko.js
2010.11.03 10:03 B C:\Arquivos de programas\VertrigoServ\www\grupo_do_joelho\web\fckeditor\editor\_source\internals\fckselection_ie.js --> ftp.companhiapixel.com.br /httpdocs/gj/fckeditor/editor/_source/internals fckselection_ie.js
2010.11.03 10:03 B C:\Arquivos de programas\VertrigoServ\www\grupo_do_joelho\web\fckeditor\editor\_source\internals\fcktablehandler.js --> ftp.companhiapixel.com.br /httpdocs/gj/fckeditor/editor/_source/internals fcktablehandler.js
2010.11.03 10:03 B C:\Arquivos de programas\VertrigoServ\www\grupo_do_joelho\web\fckeditor\editor\_source\internals\fcktablehandler_gecko.js --> ftp.companhiapixel.com.br /httpdocs/gj/fckeditor/editor/_source/internals fcktablehandler_gecko.js
2010.11.03 10:03 B C:\Arquivos de programas\VertrigoServ\www\grupo_do_joelho\web\fckeditor\editor\_source\internals\fcktablehandler_ie.js --> ftp.companhiapixel.com.br /httpdocs/gj/fckeditor/editor/_source/internals fcktablehandler_ie.js
2010.11.03 10:03 B C:\Arquivos de programas\VertrigoServ\www\grupo_do_joelho\web\fckeditor\editor\_source\internals\fcktoolbaritems.js --> ftp.companhiapixel.com.br /httpdocs/gj/fckeditor/editor/_source/internals fcktoolbaritems.js
2010.11.03 10:03 B C:\Arquivos de programas\VertrigoServ\www\grupo_do_joelho\web\fckeditor\editor\_source\internals\fcktoolbarset.js --> ftp.companhiapixel.com.br /httpdocs/gj/fckeditor/editor/_source/internals fcktoolbarset.js
2010.11.03 10:03 B C:\Arquivos de programas\VertrigoServ\www\grupo_do_joelho\web\fckeditor\editor\_source\internals\fcktools.js --> ftp.companhiapixel.com.br /httpdocs/gj/fckeditor/editor/_source/internals fcktools.js
2010.11.03 10:03 B C:\Arquivos de programas\VertrigoServ\www\grupo_do_joelho\web\fckeditor\editor\_source\internals\fcktools_gecko.js --> ftp.companhiapixel.com.br /httpdocs/gj/fckeditor/editor/_source/internals fcktools_gecko.js
2010.11.03 10:03 B C:\Arquivos de programas\VertrigoServ\www\grupo_do_joelho\web\fckeditor\editor\_source\internals\fcktools_ie.js --> ftp.companhiapixel.com.br /httpdocs/gj/fckeditor/editor/_source/internals fcktools_ie.js
2010.11.03 10:03 B C:\Arquivos de programas\VertrigoServ\www\grupo_do_joelho\web\fckeditor\editor\_source\internals\fckundo_gecko.js --> ftp.companhiapixel.com.br /httpdocs/gj/fckeditor/editor/_source/internals fckundo_gecko.js
2010.11.03 10:03 B C:\Arquivos de programas\VertrigoServ\www\grupo_do_joelho\web\fckeditor\editor\_source\internals\fckundo_ie.js --> ftp.companhiapixel.com.br /httpdocs/gj/fckeditor/editor/_source/internals fckundo_ie.js
2010.11.03 10:03 B C:\Arquivos de programas\VertrigoServ\www\grupo_do_joelho\web\fckeditor\editor\_source\internals\fckurlparams.js --> ftp.companhiapixel.com.br /httpdocs/gj/fckeditor/editor/_source/internals fckurlparams.js
2010.11.03 10:03 B C:\Arquivos de programas\VertrigoServ\www\grupo_do_joelho\web\fckeditor\editor\_source\internals\fckxhtml.js --> ftp.companhiapixel.com.br /httpdocs/gj/fckeditor/editor/_source/internals fckxhtml.js
2010.11.03 10:03 B C:\Arquivos de programas\VertrigoServ\www\grupo_do_joelho\web\fckeditor\editor\_source\internals\fckxhtml_gecko.js --> ftp.companhiapixel.com.br /httpdocs/gj/fckeditor/editor/_source/internals fckxhtml_gecko.js
2010.11.03 10:03 B C:\Arquivos de programas\VertrigoServ\www\grupo_do_joelho\web\fckeditor\editor\_source\internals\fckxhtml_ie.js --> ftp.companhiapixel.com.br /httpdocs/gj/fckeditor/editor/_source/internals fckxhtml_ie.js
2010.11.03 10:03 B C:\Arquivos de programas\VertrigoServ\www\grupo_do_joelho\web\fckeditor\editor\_source\internals\fckxhtmlentities.js --> ftp.companhiapixel.com.br /httpdocs/gj/fckeditor/editor/_source/internals fckxhtmlentities.js
2010.11.03 10:18 B C:\Arquivos de programas\VertrigoServ\www\grupo_do_joelho\web\fckeditor\editor\_source\internals\fck.js --> ftp.iwmello.com.br /novo/fckeditor/editor/_source/internals fck.js
2010.11.03 10:18 B C:\Arquivos de programas\VertrigoServ\www\grupo_do_joelho\web\fckeditor\editor\_source\internals\fck_contextmenu.js --> ftp.iwmello.com.br /novo/fckeditor/editor/_source/internals fck_contextmenu.js
2010.11.03 10:18 B C:\Arquivos de programas\VertrigoServ\www\grupo_do_joelho\web\fckeditor\editor\_source\internals\fck_gecko.js --> ftp.iwmello.com.br /novo/fckeditor/editor/_source/internals fck_gecko.js
2010.11.03 10:18 B C:\Arquivos de programas\VertrigoServ\www\grupo_do_joelho\web\fckeditor\editor\_source\internals\fck_ie.js --> ftp.iwmello.com.br /novo/fckeditor/editor/_source/internals fck_ie.js
2010.11.03 10:18 B C:\Arquivos de programas\VertrigoServ\www\grupo_do_joelho\web\fckeditor\editor\_source\internals\fckbrowserinfo.js --> ftp.iwmello.com.br /novo/fckeditor/editor/_source/internals fckbrowserinfo.js
2010.11.03 10:18 B C:\Arquivos de programas\VertrigoServ\www\grupo_do_joelho\web\fckeditor\editor\_source\internals\fckcodeformatter.js --> ftp.iwmello.com.br /novo/fckeditor/editor/_source/internals fckcodeformatter.js
2010.11.03 10:18 B C:\Arquivos de programas\VertrigoServ\www\grupo_do_joelho\web\fckeditor\editor\_source\internals\fckcommands.js --> ftp.iwmello.com.br /novo/fckeditor/editor/_source/internals fckcommands.js
2010.11.03 10:18 B C:\Arquivos de programas\VertrigoServ\www\grupo_do_joelho\web\fckeditor\editor\_source\internals\fckconfig.js --> ftp.iwmello.com.br /novo/fckeditor/editor/_source/internals fckconfig.js
2010.11.03 10:18 B C:\Arquivos de programas\VertrigoServ\www\grupo_do_joelho\web\fckeditor\editor\_source\internals\fckdebug.js --> ftp.iwmello.com.br /novo/fckeditor/editor/_source/internals fckdebug.js
2010.11.03 10:18 B C:\Arquivos de programas\VertrigoServ\www\grupo_do_joelho\web\fckeditor\editor\_source\internals\fckdialog.js --> ftp.iwmello.com.br /novo/fckeditor/editor/_source/internals fckdialog.js
2010.11.03 10:18 B C:\Arquivos de programas\VertrigoServ\www\grupo_do_joelho\web\fckeditor\editor\_source\internals\fckdialog_gecko.js --> ftp.iwmello.com.br /novo/fckeditor/editor/_source/internals fckdialog_gecko.js
2010.11.03 10:18 B C:\Arquivos de programas\VertrigoServ\www\grupo_do_joelho\web\fckeditor\editor\_source\internals\fckdialog_ie.js --> ftp.iwmello.com.br /novo/fckeditor/editor/_source/internals fckdialog_ie.js
2010.11.03 10:18 B C:\Arquivos de programas\VertrigoServ\www\grupo_do_joelho\web\fckeditor\editor\_source\internals\fckdocumentprocessor.js --> ftp.iwmello.com.br /novo/fckeditor/editor/_source/internals fckdocumentprocessor.js
2010.11.03 10:18 B C:\Arquivos de programas\VertrigoServ\www\grupo_do_joelho\web\fckeditor\editor\_source\internals\fckdomtools.js --> ftp.iwmello.com.br /novo/fckeditor/editor/_source/internals fckdomtools.js
2010.11.03 10:18 B C:\Arquivos de programas\VertrigoServ\www\grupo_do_joelho\web\fckeditor\editor\_source\internals\fcklanguagemanager.js --> ftp.iwmello.com.br /novo/fckeditor/editor/_source/internals fcklanguagemanager.js
2010.11.03 10:18 B C:\Arquivos de programas\VertrigoServ\www\grupo_do_joelho\web\fckeditor\editor\_source\internals\fcklisthandler.js --> ftp.iwmello.com.br /novo/fckeditor/editor/_source/internals fcklisthandler.js
2010.11.03 10:18 B C:\Arquivos de programas\VertrigoServ\www\grupo_do_joelho\web\fckeditor\editor\_source\internals\fcklistslib.js --> ftp.iwmello.com.br /novo/fckeditor/editor/_source/internals fcklistslib.js
2010.11.03 10:18 B C:\Arquivos de programas\VertrigoServ\www\grupo_do_joelho\web\fckeditor\editor\_source\internals\fckplugins.js --> ftp.iwmello.com.br /novo/fckeditor/editor/_source/internals fckplugins.js
2010.11.03 10:18 B C:\Arquivos de programas\VertrigoServ\www\grupo_do_joelho\web\fckeditor\editor\_source\internals\fckregexlib.js --> ftp.iwmello.com.br /novo/fckeditor/editor/_source/internals fckregexlib.js
2010.11.03 10:18 B C:\Arquivos de programas\VertrigoServ\www\grupo_do_joelho\web\fckeditor\editor\_source\internals\fckselection.js --> ftp.iwmello.com.br /novo/fckeditor/editor/_source/internals fckselection.js
2010.11.03 10:18 B C:\Arquivos de programas\VertrigoServ\www\grupo_do_joelho\web\fckeditor\editor\_source\internals\fckselection_gecko.js --> ftp.iwmello.com.br /novo/fckeditor/editor/_source/internals fckselection_gecko.js
2010.11.03 10:18 B C:\Arquivos de programas\VertrigoServ\www\grupo_do_joelho\web\fckeditor\editor\_source\internals\fckselection_ie.js --> ftp.iwmello.com.br /novo/fckeditor/editor/_source/internals fckselection_ie.js
2010.11.03 10:18 B C:\Arquivos de programas\VertrigoServ\www\grupo_do_joelho\web\fckeditor\editor\_source\internals\fcktablehandler.js --> ftp.iwmello.com.br /novo/fckeditor/editor/_source/internals fcktablehandler.js
2010.11.03 10:18 B C:\Arquivos de programas\VertrigoServ\www\grupo_do_joelho\web\fckeditor\editor\_source\internals\fcktablehandler_gecko.js --> ftp.iwmello.com.br /novo/fckeditor/editor/_source/internals fcktablehandler_gecko.js
2010.11.03 10:18 B C:\Arquivos de programas\VertrigoServ\www\grupo_do_joelho\web\fckeditor\editor\_source\internals\fcktablehandler_ie.js --> ftp.iwmello.com.br /novo/fckeditor/editor/_source/internals fcktablehandler_ie.js
2010.11.03 10:18 B C:\Arquivos de programas\VertrigoServ\www\grupo_do_joelho\web\fckeditor\editor\_source\internals\fcktoolbaritems.js --> ftp.iwmello.com.br /novo/fckeditor/editor/_source/internals fcktoolbaritems.js
2010.11.03 10:18 B C:\Arquivos de programas\VertrigoServ\www\grupo_do_joelho\web\fckeditor\editor\_source\internals\fcktoolbarset.js --> ftp.iwmello.com.br /novo/fckeditor/editor/_source/internals fcktoolbarset.js
2010.11.03 10:18 B C:\Arquivos de programas\VertrigoServ\www\grupo_do_joelho\web\fckeditor\editor\_source\internals\fcktools.js --> ftp.iwmello.com.br /novo/fckeditor/editor/_source/internals fcktools.js
2010.11.03 10:18 B C:\Arquivos de programas\VertrigoServ\www\grupo_do_joelho\web\fckeditor\editor\_source\internals\fcktools_gecko.js --> ftp.iwmello.com.br /novo/fckeditor/editor/_source/internals fcktools_gecko.js
2010.11.03 10:18 B C:\Arquivos de programas\VertrigoServ\www\grupo_do_joelho\web\fckeditor\editor\_source\internals\fcktools_ie.js --> ftp.iwmello.com.br /novo/fckeditor/editor/_source/internals fcktools_ie.js
2010.11.03 10:18 B C:\Arquivos de programas\VertrigoServ\www\grupo_do_joelho\web\fckeditor\editor\_source\internals\fckundo_gecko.js --> ftp.iwmello.com.br /novo/fckeditor/editor/_source/internals fckundo_gecko.js
2010.11.03 10:18 B C:\Arquivos de programas\VertrigoServ\www\grupo_do_joelho\web\fckeditor\editor\_source\internals\fckundo_ie.js --> ftp.iwmello.com.br /novo/fckeditor/editor/_source/internals fckundo_ie.js
2010.11.03 10:18 B C:\Arquivos de programas\VertrigoServ\www\grupo_do_joelho\web\fckeditor\editor\_source\internals\fckurlparams.js --> ftp.iwmello.com.br /novo/fckeditor/editor/_source/internals fckurlparams.js
2010.11.03 10:18 B C:\Arquivos de programas\VertrigoServ\www\grupo_do_joelho\web\fckeditor\editor\_source\internals\fckxhtml.js --> ftp.iwmello.com.br /novo/fckeditor/editor/_source/internals fckxhtml.js
2010.11.03 10:18 B C:\Arquivos de programas\VertrigoServ\www\grupo_do_joelho\web\fckeditor\editor\_source\internals\fckxhtml_gecko.js --> ftp.iwmello.com.br /novo/fckeditor/editor/_source/internals fckxhtml_gecko.js
2010.11.03 10:18 B C:\Arquivos de programas\VertrigoServ\www\grupo_do_joelho\web\fckeditor\editor\_source\internals\fckxhtml_ie.js --> ftp.iwmello.com.br /novo/fckeditor/editor/_source/internals fckxhtml_ie.js
2010.11.03 10:18 B C:\Arquivos de programas\VertrigoServ\www\grupo_do_joelho\web\fckeditor\editor\_source\internals\fckxhtmlentities.js --> ftp.iwmello.com.br /novo/fckeditor/editor/_source/internals fckxhtmlentities.js
2010.11.03 10:18 B C:\Arquivos de programas\VertrigoServ\www\grupo_do_joelho\web\fckeditor\editor\_source\internals\WS_FTP.LOG --> ftp.iwmello.com.br /novo/fckeditor/editor/_source/internals WS_FTP.LOG
2010.12.03 10:20 B W:\Clientes\broune\NovoSite\web\fckeditor\editor\_source\internals\fck.js --> ftp.broune.com.br /teste/fckeditor/editor/_source/internals fck.js
2010.12.03 10:20 B W:\Clientes\broune\NovoSite\web\fckeditor\editor\_source\internals\fck_contextmenu.js --> ftp.broune.com.br /teste/fckeditor/editor/_source/internals fck_contextmenu.js
2010.12.03 10:20 B W:\Clientes\broune\NovoSite\web\fckeditor\editor\_source\internals\fck_gecko.js --> ftp.broune.com.br /teste/fckeditor/editor/_source/internals fck_gecko.js
2010.12.03 10:20 B W:\Clientes\broune\NovoSite\web\fckeditor\editor\_source\internals\fck_ie.js --> ftp.broune.com.br /teste/fckeditor/editor/_source/internals fck_ie.js
2010.12.03 10:20 B W:\Clientes\broune\NovoSite\web\fckeditor\editor\_source\internals\fckbrowserinfo.js --> ftp.broune.com.br /teste/fckeditor/editor/_source/internals fckbrowserinfo.js
2010.12.03 10:20 B W:\Clientes\broune\NovoSite\web\fckeditor\editor\_source\internals\fckcodeformatter.js --> ftp.broune.com.br /teste/fckeditor/editor/_source/internals fckcodeformatter.js
2010.12.03 10:20 B W:\Clientes\broune\NovoSite\web\fckeditor\editor\_source\internals\fckcommands.js --> ftp.broune.com.br /teste/fckeditor/editor/_source/internals fckcommands.js
2010.12.03 10:20 B W:\Clientes\broune\NovoSite\web\fckeditor\editor\_source\internals\fckconfig.js --> ftp.broune.com.br /teste/fckeditor/editor/_source/internals fckconfig.js
2010.12.03 10:20 B W:\Clientes\broune\NovoSite\web\fckeditor\editor\_source\internals\fckdebug.js --> ftp.broune.com.br /teste/fckeditor/editor/_source/internals fckdebug.js
2010.12.03 10:20 B W:\Clientes\broune\NovoSite\web\fckeditor\editor\_source\internals\fckdialog.js --> ftp.broune.com.br /teste/fckeditor/editor/_source/internals fckdialog.js
2010.12.03 10:20 B W:\Clientes\broune\NovoSite\web\fckeditor\editor\_source\internals\fckdialog_gecko.js --> ftp.broune.com.br /teste/fckeditor/editor/_source/internals fckdialog_gecko.js
2010.12.03 10:20 B W:\Clientes\broune\NovoSite\web\fckeditor\editor\_source\internals\fckdialog_ie.js --> ftp.broune.com.br /teste/fckeditor/editor/_source/internals fckdialog_ie.js
2010.12.03 10:20 B W:\Clientes\broune\NovoSite\web\fckeditor\editor\_source\internals\fckdocumentprocessor.js --> ftp.broune.com.br /teste/fckeditor/editor/_source/internals fckdocumentprocessor.js
2010.12.03 10:20 B W:\Clientes\broune\NovoSite\web\fckeditor\editor\_source\internals\fckdomtools.js --> ftp.broune.com.br /teste/fckeditor/editor/_source/internals fckdomtools.js
2010.12.03 10:20 B W:\Clientes\broune\NovoSite\web\fckeditor\editor\_source\internals\fcklanguagemanager.js --> ftp.broune.com.br /teste/fckeditor/editor/_source/internals fcklanguagemanager.js
2010.12.03 10:20 B W:\Clientes\broune\NovoSite\web\fckeditor\editor\_source\internals\fcklisthandler.js --> ftp.broune.com.br /teste/fckeditor/editor/_source/internals fcklisthandler.js
2010.12.03 10:20 B W:\Clientes\broune\NovoSite\web\fckeditor\editor\_source\internals\fcklistslib.js --> ftp.broune.com.br /teste/fckeditor/editor/_source/internals fcklistslib.js
2010.12.03 10:20 B W:\Clientes\broune\NovoSite\web\fckeditor\editor\_source\internals\fckplugins.js --> ftp.broune.com.br /teste/fckeditor/editor/_source/internals fckplugins.js
2010.12.03 10:20 B W:\Clientes\broune\NovoSite\web\fckeditor\editor\_source\internals\fckregexlib.js --> ftp.broune.com.br /teste/fckeditor/editor/_source/internals fckregexlib.js
2010.12.03 10:20 B W:\Clientes\broune\NovoSite\web\fckeditor\editor\_source\internals\fckselection.js --> ftp.broune.com.br /teste/fckeditor/editor/_source/internals fckselection.js
2010.12.03 10:20 B W:\Clientes\broune\NovoSite\web\fckeditor\editor\_source\internals\fckselection_gecko.js --> ftp.broune.com.br /teste/fckeditor/editor/_source/internals fckselection_gecko.js
2010.12.03 10:20 B W:\Clientes\broune\NovoSite\web\fckeditor\editor\_source\internals\fckselection_ie.js --> ftp.broune.com.br /teste/fckeditor/editor/_source/internals fckselection_ie.js
2010.12.03 10:20 B W:\Clientes\broune\NovoSite\web\fckeditor\editor\_source\internals\fcktablehandler.js --> ftp.broune.com.br /teste/fckeditor/editor/_source/internals fcktablehandler.js
2010.12.03 10:20 B W:\Clientes\broune\NovoSite\web\fckeditor\editor\_source\internals\fcktablehandler_gecko.js --> ftp.broune.com.br /teste/fckeditor/editor/_source/internals fcktablehandler_gecko.js
2010.12.03 10:20 B W:\Clientes\broune\NovoSite\web\fckeditor\editor\_source\internals\fcktablehandler_ie.js --> ftp.broune.com.br /teste/fckeditor/editor/_source/internals fcktablehandler_ie.js
2010.12.03 10:20 B W:\Clientes\broune\NovoSite\web\fckeditor\editor\_source\internals\fcktoolbaritems.js --> ftp.broune.com.br /teste/fckeditor/editor/_source/internals fcktoolbaritems.js
2010.12.03 10:20 B W:\Clientes\broune\NovoSite\web\fckeditor\editor\_source\internals\fcktoolbarset.js --> ftp.broune.com.br /teste/fckeditor/editor/_source/internals fcktoolbarset.js
2010.12.03 10:20 B W:\Clientes\broune\NovoSite\web\fckeditor\editor\_source\internals\fcktools.js --> ftp.broune.com.br /teste/fckeditor/editor/_source/internals fcktools.js
2010.12.03 10:20 B W:\Clientes\broune\NovoSite\web\fckeditor\editor\_source\internals\fcktools_gecko.js --> ftp.broune.com.br /teste/fckeditor/editor/_source/internals fcktools_gecko.js
2010.12.03 10:20 B W:\Clientes\broune\NovoSite\web\fckeditor\editor\_source\internals\fcktools_ie.js --> ftp.broune.com.br /teste/fckeditor/editor/_source/internals fcktools_ie.js
2010.12.03 10:20 B W:\Clientes\broune\NovoSite\web\fckeditor\editor\_source\internals\fckundo_gecko.js --> ftp.broune.com.br /teste/fckeditor/editor/_source/internals fckundo_gecko.js
2010.12.03 10:20 B W:\Clientes\broune\NovoSite\web\fckeditor\editor\_source\internals\fckundo_ie.js --> ftp.broune.com.br /teste/fckeditor/editor/_source/internals fckundo_ie.js
2010.12.03 10:20 B W:\Clientes\broune\NovoSite\web\fckeditor\editor\_source\internals\fckurlparams.js --> ftp.broune.com.br /teste/fckeditor/editor/_source/internals fckurlparams.js
2010.12.03 10:20 B W:\Clientes\broune\NovoSite\web\fckeditor\editor\_source\internals\fckxhtml.js --> ftp.broune.com.br /teste/fckeditor/editor/_source/internals fckxhtml.js
2010.12.03 10:20 B W:\Clientes\broune\NovoSite\web\fckeditor\editor\_source\internals\fckxhtml_gecko.js --> ftp.broune.com.br /teste/fckeditor/editor/_source/internals fckxhtml_gecko.js
2010.12.03 10:20 B W:\Clientes\broune\NovoSite\web\fckeditor\editor\_source\internals\fckxhtml_ie.js --> ftp.broune.com.br /teste/fckeditor/editor/_source/internals fckxhtml_ie.js
2010.12.03 10:21 B W:\Clientes\broune\NovoSite\web\fckeditor\editor\_source\internals\fckxhtmlentities.js --> ftp.broune.com.br /teste/fckeditor/editor/_source/internals fckxhtmlentities.js
2010.12.03 10:21 B W:\Clientes\broune\NovoSite\web\fckeditor\editor\_source\internals\WS_FTP.LOG --> ftp.broune.com.br /teste/fckeditor/editor/_source/internals WS_FTP.LOG
