2010.11.03 10:04 B C:\Arquivos de programas\VertrigoServ\www\grupo_do_joelho\web\fckeditor\editor\dialog\fck_about.html --> ftp.companhiapixel.com.br /httpdocs/gj/fckeditor/editor/dialog fck_about.html
2010.11.03 10:04 B C:\Arquivos de programas\VertrigoServ\www\grupo_do_joelho\web\fckeditor\editor\dialog\fck_anchor.html --> ftp.companhiapixel.com.br /httpdocs/gj/fckeditor/editor/dialog fck_anchor.html
2010.11.03 10:04 B C:\Arquivos de programas\VertrigoServ\www\grupo_do_joelho\web\fckeditor\editor\dialog\fck_button.html --> ftp.companhiapixel.com.br /httpdocs/gj/fckeditor/editor/dialog fck_button.html
2010.11.03 10:04 B C:\Arquivos de programas\VertrigoServ\www\grupo_do_joelho\web\fckeditor\editor\dialog\fck_checkbox.html --> ftp.companhiapixel.com.br /httpdocs/gj/fckeditor/editor/dialog fck_checkbox.html
2010.11.03 10:04 B C:\Arquivos de programas\VertrigoServ\www\grupo_do_joelho\web\fckeditor\editor\dialog\fck_colorselector.html --> ftp.companhiapixel.com.br /httpdocs/gj/fckeditor/editor/dialog fck_colorselector.html
2010.11.03 10:04 B C:\Arquivos de programas\VertrigoServ\www\grupo_do_joelho\web\fckeditor\editor\dialog\fck_docprops.html --> ftp.companhiapixel.com.br /httpdocs/gj/fckeditor/editor/dialog fck_docprops.html
2010.11.03 10:04 B C:\Arquivos de programas\VertrigoServ\www\grupo_do_joelho\web\fckeditor\editor\dialog\fck_find.html --> ftp.companhiapixel.com.br /httpdocs/gj/fckeditor/editor/dialog fck_find.html
2010.11.03 10:04 B C:\Arquivos de programas\VertrigoServ\www\grupo_do_joelho\web\fckeditor\editor\dialog\fck_flash.html --> ftp.companhiapixel.com.br /httpdocs/gj/fckeditor/editor/dialog fck_flash.html
2010.11.03 10:04 B C:\Arquivos de programas\VertrigoServ\www\grupo_do_joelho\web\fckeditor\editor\dialog\fck_form.html --> ftp.companhiapixel.com.br /httpdocs/gj/fckeditor/editor/dialog fck_form.html
2010.11.03 10:04 B C:\Arquivos de programas\VertrigoServ\www\grupo_do_joelho\web\fckeditor\editor\dialog\fck_hiddenfield.html --> ftp.companhiapixel.com.br /httpdocs/gj/fckeditor/editor/dialog fck_hiddenfield.html
2010.11.03 10:04 B C:\Arquivos de programas\VertrigoServ\www\grupo_do_joelho\web\fckeditor\editor\dialog\fck_image.html --> ftp.companhiapixel.com.br /httpdocs/gj/fckeditor/editor/dialog fck_image.html
2010.11.03 10:04 B C:\Arquivos de programas\VertrigoServ\www\grupo_do_joelho\web\fckeditor\editor\dialog\fck_link.html --> ftp.companhiapixel.com.br /httpdocs/gj/fckeditor/editor/dialog fck_link.html
2010.11.03 10:04 B C:\Arquivos de programas\VertrigoServ\www\grupo_do_joelho\web\fckeditor\editor\dialog\fck_listprop.html --> ftp.companhiapixel.com.br /httpdocs/gj/fckeditor/editor/dialog fck_listprop.html
2010.11.03 10:04 B C:\Arquivos de programas\VertrigoServ\www\grupo_do_joelho\web\fckeditor\editor\dialog\fck_paste.html --> ftp.companhiapixel.com.br /httpdocs/gj/fckeditor/editor/dialog fck_paste.html
2010.11.03 10:04 B C:\Arquivos de programas\VertrigoServ\www\grupo_do_joelho\web\fckeditor\editor\dialog\fck_radiobutton.html --> ftp.companhiapixel.com.br /httpdocs/gj/fckeditor/editor/dialog fck_radiobutton.html
2010.11.03 10:04 B C:\Arquivos de programas\VertrigoServ\www\grupo_do_joelho\web\fckeditor\editor\dialog\fck_replace.html --> ftp.companhiapixel.com.br /httpdocs/gj/fckeditor/editor/dialog fck_replace.html
2010.11.03 10:04 B C:\Arquivos de programas\VertrigoServ\www\grupo_do_joelho\web\fckeditor\editor\dialog\fck_select.html --> ftp.companhiapixel.com.br /httpdocs/gj/fckeditor/editor/dialog fck_select.html
2010.11.03 10:04 B C:\Arquivos de programas\VertrigoServ\www\grupo_do_joelho\web\fckeditor\editor\dialog\fck_smiley.html --> ftp.companhiapixel.com.br /httpdocs/gj/fckeditor/editor/dialog fck_smiley.html
2010.11.03 10:04 B C:\Arquivos de programas\VertrigoServ\www\grupo_do_joelho\web\fckeditor\editor\dialog\fck_source.html --> ftp.companhiapixel.com.br /httpdocs/gj/fckeditor/editor/dialog fck_source.html
2010.11.03 10:04 B C:\Arquivos de programas\VertrigoServ\www\grupo_do_joelho\web\fckeditor\editor\dialog\fck_specialchar.html --> ftp.companhiapixel.com.br /httpdocs/gj/fckeditor/editor/dialog fck_specialchar.html
2010.11.03 10:04 B C:\Arquivos de programas\VertrigoServ\www\grupo_do_joelho\web\fckeditor\editor\dialog\fck_spellerpages.html --> ftp.companhiapixel.com.br /httpdocs/gj/fckeditor/editor/dialog fck_spellerpages.html
2010.11.03 10:04 B C:\Arquivos de programas\VertrigoServ\www\grupo_do_joelho\web\fckeditor\editor\dialog\fck_table.html --> ftp.companhiapixel.com.br /httpdocs/gj/fckeditor/editor/dialog fck_table.html
2010.11.03 10:04 B C:\Arquivos de programas\VertrigoServ\www\grupo_do_joelho\web\fckeditor\editor\dialog\fck_tablecell.html --> ftp.companhiapixel.com.br /httpdocs/gj/fckeditor/editor/dialog fck_tablecell.html
2010.11.03 10:04 B C:\Arquivos de programas\VertrigoServ\www\grupo_do_joelho\web\fckeditor\editor\dialog\fck_template.html --> ftp.companhiapixel.com.br /httpdocs/gj/fckeditor/editor/dialog fck_template.html
2010.11.03 10:04 B C:\Arquivos de programas\VertrigoServ\www\grupo_do_joelho\web\fckeditor\editor\dialog\fck_textarea.html --> ftp.companhiapixel.com.br /httpdocs/gj/fckeditor/editor/dialog fck_textarea.html
2010.11.03 10:04 B C:\Arquivos de programas\VertrigoServ\www\grupo_do_joelho\web\fckeditor\editor\dialog\fck_textfield.html --> ftp.companhiapixel.com.br /httpdocs/gj/fckeditor/editor/dialog fck_textfield.html
2010.11.03 10:19 B C:\Arquivos de programas\VertrigoServ\www\grupo_do_joelho\web\fckeditor\editor\dialog\fck_about.html --> ftp.iwmello.com.br /novo/fckeditor/editor/dialog fck_about.html
2010.11.03 10:19 B C:\Arquivos de programas\VertrigoServ\www\grupo_do_joelho\web\fckeditor\editor\dialog\fck_anchor.html --> ftp.iwmello.com.br /novo/fckeditor/editor/dialog fck_anchor.html
2010.11.03 10:19 B C:\Arquivos de programas\VertrigoServ\www\grupo_do_joelho\web\fckeditor\editor\dialog\fck_button.html --> ftp.iwmello.com.br /novo/fckeditor/editor/dialog fck_button.html
2010.11.03 10:19 B C:\Arquivos de programas\VertrigoServ\www\grupo_do_joelho\web\fckeditor\editor\dialog\fck_checkbox.html --> ftp.iwmello.com.br /novo/fckeditor/editor/dialog fck_checkbox.html
2010.11.03 10:19 B C:\Arquivos de programas\VertrigoServ\www\grupo_do_joelho\web\fckeditor\editor\dialog\fck_colorselector.html --> ftp.iwmello.com.br /novo/fckeditor/editor/dialog fck_colorselector.html
2010.11.03 10:19 B C:\Arquivos de programas\VertrigoServ\www\grupo_do_joelho\web\fckeditor\editor\dialog\fck_docprops.html --> ftp.iwmello.com.br /novo/fckeditor/editor/dialog fck_docprops.html
2010.11.03 10:19 B C:\Arquivos de programas\VertrigoServ\www\grupo_do_joelho\web\fckeditor\editor\dialog\fck_find.html --> ftp.iwmello.com.br /novo/fckeditor/editor/dialog fck_find.html
2010.11.03 10:19 B C:\Arquivos de programas\VertrigoServ\www\grupo_do_joelho\web\fckeditor\editor\dialog\fck_flash.html --> ftp.iwmello.com.br /novo/fckeditor/editor/dialog fck_flash.html
2010.11.03 10:19 B C:\Arquivos de programas\VertrigoServ\www\grupo_do_joelho\web\fckeditor\editor\dialog\fck_form.html --> ftp.iwmello.com.br /novo/fckeditor/editor/dialog fck_form.html
2010.11.03 10:19 B C:\Arquivos de programas\VertrigoServ\www\grupo_do_joelho\web\fckeditor\editor\dialog\fck_hiddenfield.html --> ftp.iwmello.com.br /novo/fckeditor/editor/dialog fck_hiddenfield.html
2010.11.03 10:19 B C:\Arquivos de programas\VertrigoServ\www\grupo_do_joelho\web\fckeditor\editor\dialog\fck_image.html --> ftp.iwmello.com.br /novo/fckeditor/editor/dialog fck_image.html
2010.11.03 10:19 B C:\Arquivos de programas\VertrigoServ\www\grupo_do_joelho\web\fckeditor\editor\dialog\fck_link.html --> ftp.iwmello.com.br /novo/fckeditor/editor/dialog fck_link.html
2010.11.03 10:19 B C:\Arquivos de programas\VertrigoServ\www\grupo_do_joelho\web\fckeditor\editor\dialog\fck_listprop.html --> ftp.iwmello.com.br /novo/fckeditor/editor/dialog fck_listprop.html
2010.11.03 10:19 B C:\Arquivos de programas\VertrigoServ\www\grupo_do_joelho\web\fckeditor\editor\dialog\fck_paste.html --> ftp.iwmello.com.br /novo/fckeditor/editor/dialog fck_paste.html
2010.11.03 10:19 B C:\Arquivos de programas\VertrigoServ\www\grupo_do_joelho\web\fckeditor\editor\dialog\fck_radiobutton.html --> ftp.iwmello.com.br /novo/fckeditor/editor/dialog fck_radiobutton.html
2010.11.03 10:19 B C:\Arquivos de programas\VertrigoServ\www\grupo_do_joelho\web\fckeditor\editor\dialog\fck_replace.html --> ftp.iwmello.com.br /novo/fckeditor/editor/dialog fck_replace.html
2010.11.03 10:19 B C:\Arquivos de programas\VertrigoServ\www\grupo_do_joelho\web\fckeditor\editor\dialog\fck_select.html --> ftp.iwmello.com.br /novo/fckeditor/editor/dialog fck_select.html
2010.11.03 10:19 B C:\Arquivos de programas\VertrigoServ\www\grupo_do_joelho\web\fckeditor\editor\dialog\fck_smiley.html --> ftp.iwmello.com.br /novo/fckeditor/editor/dialog fck_smiley.html
2010.11.03 10:19 B C:\Arquivos de programas\VertrigoServ\www\grupo_do_joelho\web\fckeditor\editor\dialog\fck_source.html --> ftp.iwmello.com.br /novo/fckeditor/editor/dialog fck_source.html
2010.11.03 10:19 B C:\Arquivos de programas\VertrigoServ\www\grupo_do_joelho\web\fckeditor\editor\dialog\fck_specialchar.html --> ftp.iwmello.com.br /novo/fckeditor/editor/dialog fck_specialchar.html
2010.11.03 10:19 B C:\Arquivos de programas\VertrigoServ\www\grupo_do_joelho\web\fckeditor\editor\dialog\fck_spellerpages.html --> ftp.iwmello.com.br /novo/fckeditor/editor/dialog fck_spellerpages.html
2010.11.03 10:19 B C:\Arquivos de programas\VertrigoServ\www\grupo_do_joelho\web\fckeditor\editor\dialog\fck_table.html --> ftp.iwmello.com.br /novo/fckeditor/editor/dialog fck_table.html
2010.11.03 10:19 B C:\Arquivos de programas\VertrigoServ\www\grupo_do_joelho\web\fckeditor\editor\dialog\fck_tablecell.html --> ftp.iwmello.com.br /novo/fckeditor/editor/dialog fck_tablecell.html
2010.11.03 10:19 B C:\Arquivos de programas\VertrigoServ\www\grupo_do_joelho\web\fckeditor\editor\dialog\fck_template.html --> ftp.iwmello.com.br /novo/fckeditor/editor/dialog fck_template.html
2010.11.03 10:19 B C:\Arquivos de programas\VertrigoServ\www\grupo_do_joelho\web\fckeditor\editor\dialog\fck_textarea.html --> ftp.iwmello.com.br /novo/fckeditor/editor/dialog fck_textarea.html
2010.11.03 10:19 B C:\Arquivos de programas\VertrigoServ\www\grupo_do_joelho\web\fckeditor\editor\dialog\fck_textfield.html --> ftp.iwmello.com.br /novo/fckeditor/editor/dialog fck_textfield.html
2010.11.03 10:19 B C:\Arquivos de programas\VertrigoServ\www\grupo_do_joelho\web\fckeditor\editor\dialog\WS_FTP.LOG --> ftp.iwmello.com.br /novo/fckeditor/editor/dialog WS_FTP.LOG
2010.12.03 10:21 B W:\Clientes\broune\NovoSite\web\fckeditor\editor\dialog\fck_about.html --> ftp.broune.com.br /teste/fckeditor/editor/dialog fck_about.html
2010.12.03 10:21 B W:\Clientes\broune\NovoSite\web\fckeditor\editor\dialog\fck_anchor.html --> ftp.broune.com.br /teste/fckeditor/editor/dialog fck_anchor.html
2010.12.03 10:21 B W:\Clientes\broune\NovoSite\web\fckeditor\editor\dialog\fck_button.html --> ftp.broune.com.br /teste/fckeditor/editor/dialog fck_button.html
2010.12.03 10:21 B W:\Clientes\broune\NovoSite\web\fckeditor\editor\dialog\fck_checkbox.html --> ftp.broune.com.br /teste/fckeditor/editor/dialog fck_checkbox.html
2010.12.03 10:21 B W:\Clientes\broune\NovoSite\web\fckeditor\editor\dialog\fck_colorselector.html --> ftp.broune.com.br /teste/fckeditor/editor/dialog fck_colorselector.html
2010.12.03 10:21 B W:\Clientes\broune\NovoSite\web\fckeditor\editor\dialog\fck_docprops.html --> ftp.broune.com.br /teste/fckeditor/editor/dialog fck_docprops.html
2010.12.03 10:21 B W:\Clientes\broune\NovoSite\web\fckeditor\editor\dialog\fck_find.html --> ftp.broune.com.br /teste/fckeditor/editor/dialog fck_find.html
2010.12.03 10:21 B W:\Clientes\broune\NovoSite\web\fckeditor\editor\dialog\fck_flash.html --> ftp.broune.com.br /teste/fckeditor/editor/dialog fck_flash.html
2010.12.03 10:21 B W:\Clientes\broune\NovoSite\web\fckeditor\editor\dialog\fck_form.html --> ftp.broune.com.br /teste/fckeditor/editor/dialog fck_form.html
2010.12.03 10:21 B W:\Clientes\broune\NovoSite\web\fckeditor\editor\dialog\fck_hiddenfield.html --> ftp.broune.com.br /teste/fckeditor/editor/dialog fck_hiddenfield.html
2010.12.03 10:21 B W:\Clientes\broune\NovoSite\web\fckeditor\editor\dialog\fck_image.html --> ftp.broune.com.br /teste/fckeditor/editor/dialog fck_image.html
2010.12.03 10:21 B W:\Clientes\broune\NovoSite\web\fckeditor\editor\dialog\fck_link.html --> ftp.broune.com.br /teste/fckeditor/editor/dialog fck_link.html
2010.12.03 10:21 B W:\Clientes\broune\NovoSite\web\fckeditor\editor\dialog\fck_listprop.html --> ftp.broune.com.br /teste/fckeditor/editor/dialog fck_listprop.html
2010.12.03 10:21 B W:\Clientes\broune\NovoSite\web\fckeditor\editor\dialog\fck_paste.html --> ftp.broune.com.br /teste/fckeditor/editor/dialog fck_paste.html
2010.12.03 10:22 B W:\Clientes\broune\NovoSite\web\fckeditor\editor\dialog\fck_radiobutton.html --> ftp.broune.com.br /teste/fckeditor/editor/dialog fck_radiobutton.html
2010.12.03 10:22 B W:\Clientes\broune\NovoSite\web\fckeditor\editor\dialog\fck_replace.html --> ftp.broune.com.br /teste/fckeditor/editor/dialog fck_replace.html
2010.12.03 10:22 B W:\Clientes\broune\NovoSite\web\fckeditor\editor\dialog\fck_select.html --> ftp.broune.com.br /teste/fckeditor/editor/dialog fck_select.html
2010.12.03 10:22 B W:\Clientes\broune\NovoSite\web\fckeditor\editor\dialog\fck_smiley.html --> ftp.broune.com.br /teste/fckeditor/editor/dialog fck_smiley.html
2010.12.03 10:22 B W:\Clientes\broune\NovoSite\web\fckeditor\editor\dialog\fck_source.html --> ftp.broune.com.br /teste/fckeditor/editor/dialog fck_source.html
2010.12.03 10:22 B W:\Clientes\broune\NovoSite\web\fckeditor\editor\dialog\fck_specialchar.html --> ftp.broune.com.br /teste/fckeditor/editor/dialog fck_specialchar.html
2010.12.03 10:22 B W:\Clientes\broune\NovoSite\web\fckeditor\editor\dialog\fck_spellerpages.html --> ftp.broune.com.br /teste/fckeditor/editor/dialog fck_spellerpages.html
2010.12.03 10:22 B W:\Clientes\broune\NovoSite\web\fckeditor\editor\dialog\fck_table.html --> ftp.broune.com.br /teste/fckeditor/editor/dialog fck_table.html
2010.12.03 10:22 B W:\Clientes\broune\NovoSite\web\fckeditor\editor\dialog\fck_tablecell.html --> ftp.broune.com.br /teste/fckeditor/editor/dialog fck_tablecell.html
2010.12.03 10:22 B W:\Clientes\broune\NovoSite\web\fckeditor\editor\dialog\fck_template.html --> ftp.broune.com.br /teste/fckeditor/editor/dialog fck_template.html
2010.12.03 10:22 B W:\Clientes\broune\NovoSite\web\fckeditor\editor\dialog\fck_textarea.html --> ftp.broune.com.br /teste/fckeditor/editor/dialog fck_textarea.html
2010.12.03 10:22 B W:\Clientes\broune\NovoSite\web\fckeditor\editor\dialog\fck_textfield.html --> ftp.broune.com.br /teste/fckeditor/editor/dialog fck_textfield.html
2010.12.03 10:22 B W:\Clientes\broune\NovoSite\web\fckeditor\editor\dialog\WS_FTP.LOG --> ftp.broune.com.br /teste/fckeditor/editor/dialog WS_FTP.LOG
