2010.11.03 10:05 B C:\Arquivos de programas\VertrigoServ\www\grupo_do_joelho\web\fckeditor\editor\images\smiley\msn\angel_smile.gif --> ftp.companhiapixel.com.br /httpdocs/gj/fckeditor/editor/images/smiley/msn angel_smile.gif
2010.11.03 10:05 B C:\Arquivos de programas\VertrigoServ\www\grupo_do_joelho\web\fckeditor\editor\images\smiley\msn\angry_smile.gif --> ftp.companhiapixel.com.br /httpdocs/gj/fckeditor/editor/images/smiley/msn angry_smile.gif
2010.11.03 10:05 B C:\Arquivos de programas\VertrigoServ\www\grupo_do_joelho\web\fckeditor\editor\images\smiley\msn\broken_heart.gif --> ftp.companhiapixel.com.br /httpdocs/gj/fckeditor/editor/images/smiley/msn broken_heart.gif
2010.11.03 10:05 B C:\Arquivos de programas\VertrigoServ\www\grupo_do_joelho\web\fckeditor\editor\images\smiley\msn\cake.gif --> ftp.companhiapixel.com.br /httpdocs/gj/fckeditor/editor/images/smiley/msn cake.gif
2010.11.03 10:05 B C:\Arquivos de programas\VertrigoServ\www\grupo_do_joelho\web\fckeditor\editor\images\smiley\msn\confused_smile.gif --> ftp.companhiapixel.com.br /httpdocs/gj/fckeditor/editor/images/smiley/msn confused_smile.gif
2010.11.03 10:05 B C:\Arquivos de programas\VertrigoServ\www\grupo_do_joelho\web\fckeditor\editor\images\smiley\msn\cry_smile.gif --> ftp.companhiapixel.com.br /httpdocs/gj/fckeditor/editor/images/smiley/msn cry_smile.gif
2010.11.03 10:05 B C:\Arquivos de programas\VertrigoServ\www\grupo_do_joelho\web\fckeditor\editor\images\smiley\msn\devil_smile.gif --> ftp.companhiapixel.com.br /httpdocs/gj/fckeditor/editor/images/smiley/msn devil_smile.gif
2010.11.03 10:05 B C:\Arquivos de programas\VertrigoServ\www\grupo_do_joelho\web\fckeditor\editor\images\smiley\msn\embaressed_smile.gif --> ftp.companhiapixel.com.br /httpdocs/gj/fckeditor/editor/images/smiley/msn embaressed_smile.gif
2010.11.03 10:05 B C:\Arquivos de programas\VertrigoServ\www\grupo_do_joelho\web\fckeditor\editor\images\smiley\msn\envelope.gif --> ftp.companhiapixel.com.br /httpdocs/gj/fckeditor/editor/images/smiley/msn envelope.gif
2010.11.03 10:05 B C:\Arquivos de programas\VertrigoServ\www\grupo_do_joelho\web\fckeditor\editor\images\smiley\msn\heart.gif --> ftp.companhiapixel.com.br /httpdocs/gj/fckeditor/editor/images/smiley/msn heart.gif
2010.11.03 10:05 B C:\Arquivos de programas\VertrigoServ\www\grupo_do_joelho\web\fckeditor\editor\images\smiley\msn\kiss.gif --> ftp.companhiapixel.com.br /httpdocs/gj/fckeditor/editor/images/smiley/msn kiss.gif
2010.11.03 10:05 B C:\Arquivos de programas\VertrigoServ\www\grupo_do_joelho\web\fckeditor\editor\images\smiley\msn\lightbulb.gif --> ftp.companhiapixel.com.br /httpdocs/gj/fckeditor/editor/images/smiley/msn lightbulb.gif
2010.11.03 10:05 B C:\Arquivos de programas\VertrigoServ\www\grupo_do_joelho\web\fckeditor\editor\images\smiley\msn\omg_smile.gif --> ftp.companhiapixel.com.br /httpdocs/gj/fckeditor/editor/images/smiley/msn omg_smile.gif
2010.11.03 10:05 B C:\Arquivos de programas\VertrigoServ\www\grupo_do_joelho\web\fckeditor\editor\images\smiley\msn\regular_smile.gif --> ftp.companhiapixel.com.br /httpdocs/gj/fckeditor/editor/images/smiley/msn regular_smile.gif
2010.11.03 10:05 B C:\Arquivos de programas\VertrigoServ\www\grupo_do_joelho\web\fckeditor\editor\images\smiley\msn\sad_smile.gif --> ftp.companhiapixel.com.br /httpdocs/gj/fckeditor/editor/images/smiley/msn sad_smile.gif
2010.11.03 10:05 B C:\Arquivos de programas\VertrigoServ\www\grupo_do_joelho\web\fckeditor\editor\images\smiley\msn\shades_smile.gif --> ftp.companhiapixel.com.br /httpdocs/gj/fckeditor/editor/images/smiley/msn shades_smile.gif
2010.11.03 10:05 B C:\Arquivos de programas\VertrigoServ\www\grupo_do_joelho\web\fckeditor\editor\images\smiley\msn\teeth_smile.gif --> ftp.companhiapixel.com.br /httpdocs/gj/fckeditor/editor/images/smiley/msn teeth_smile.gif
2010.11.03 10:05 B C:\Arquivos de programas\VertrigoServ\www\grupo_do_joelho\web\fckeditor\editor\images\smiley\msn\thumbs_down.gif --> ftp.companhiapixel.com.br /httpdocs/gj/fckeditor/editor/images/smiley/msn thumbs_down.gif
2010.11.03 10:05 B C:\Arquivos de programas\VertrigoServ\www\grupo_do_joelho\web\fckeditor\editor\images\smiley\msn\thumbs_up.gif --> ftp.companhiapixel.com.br /httpdocs/gj/fckeditor/editor/images/smiley/msn thumbs_up.gif
2010.11.03 10:05 B C:\Arquivos de programas\VertrigoServ\www\grupo_do_joelho\web\fckeditor\editor\images\smiley\msn\tounge_smile.gif --> ftp.companhiapixel.com.br /httpdocs/gj/fckeditor/editor/images/smiley/msn tounge_smile.gif
2010.11.03 10:05 B C:\Arquivos de programas\VertrigoServ\www\grupo_do_joelho\web\fckeditor\editor\images\smiley\msn\whatchutalkingabout_smile.gif --> ftp.companhiapixel.com.br /httpdocs/gj/fckeditor/editor/images/smiley/msn whatchutalkingabout_smile.gif
2010.11.03 10:05 B C:\Arquivos de programas\VertrigoServ\www\grupo_do_joelho\web\fckeditor\editor\images\smiley\msn\wink_smile.gif --> ftp.companhiapixel.com.br /httpdocs/gj/fckeditor/editor/images/smiley/msn wink_smile.gif
2010.11.03 10:20 B C:\Arquivos de programas\VertrigoServ\www\grupo_do_joelho\web\fckeditor\editor\images\smiley\msn\angel_smile.gif --> ftp.iwmello.com.br /novo/fckeditor/editor/images/smiley/msn angel_smile.gif
2010.11.03 10:20 B C:\Arquivos de programas\VertrigoServ\www\grupo_do_joelho\web\fckeditor\editor\images\smiley\msn\angry_smile.gif --> ftp.iwmello.com.br /novo/fckeditor/editor/images/smiley/msn angry_smile.gif
2010.11.03 10:20 B C:\Arquivos de programas\VertrigoServ\www\grupo_do_joelho\web\fckeditor\editor\images\smiley\msn\broken_heart.gif --> ftp.iwmello.com.br /novo/fckeditor/editor/images/smiley/msn broken_heart.gif
2010.11.03 10:20 B C:\Arquivos de programas\VertrigoServ\www\grupo_do_joelho\web\fckeditor\editor\images\smiley\msn\cake.gif --> ftp.iwmello.com.br /novo/fckeditor/editor/images/smiley/msn cake.gif
2010.11.03 10:20 B C:\Arquivos de programas\VertrigoServ\www\grupo_do_joelho\web\fckeditor\editor\images\smiley\msn\confused_smile.gif --> ftp.iwmello.com.br /novo/fckeditor/editor/images/smiley/msn confused_smile.gif
2010.11.03 10:20 B C:\Arquivos de programas\VertrigoServ\www\grupo_do_joelho\web\fckeditor\editor\images\smiley\msn\cry_smile.gif --> ftp.iwmello.com.br /novo/fckeditor/editor/images/smiley/msn cry_smile.gif
2010.11.03 10:20 B C:\Arquivos de programas\VertrigoServ\www\grupo_do_joelho\web\fckeditor\editor\images\smiley\msn\devil_smile.gif --> ftp.iwmello.com.br /novo/fckeditor/editor/images/smiley/msn devil_smile.gif
2010.11.03 10:20 B C:\Arquivos de programas\VertrigoServ\www\grupo_do_joelho\web\fckeditor\editor\images\smiley\msn\embaressed_smile.gif --> ftp.iwmello.com.br /novo/fckeditor/editor/images/smiley/msn embaressed_smile.gif
2010.11.03 10:20 B C:\Arquivos de programas\VertrigoServ\www\grupo_do_joelho\web\fckeditor\editor\images\smiley\msn\envelope.gif --> ftp.iwmello.com.br /novo/fckeditor/editor/images/smiley/msn envelope.gif
2010.11.03 10:20 B C:\Arquivos de programas\VertrigoServ\www\grupo_do_joelho\web\fckeditor\editor\images\smiley\msn\heart.gif --> ftp.iwmello.com.br /novo/fckeditor/editor/images/smiley/msn heart.gif
2010.11.03 10:20 B C:\Arquivos de programas\VertrigoServ\www\grupo_do_joelho\web\fckeditor\editor\images\smiley\msn\kiss.gif --> ftp.iwmello.com.br /novo/fckeditor/editor/images/smiley/msn kiss.gif
2010.11.03 10:20 B C:\Arquivos de programas\VertrigoServ\www\grupo_do_joelho\web\fckeditor\editor\images\smiley\msn\lightbulb.gif --> ftp.iwmello.com.br /novo/fckeditor/editor/images/smiley/msn lightbulb.gif
2010.11.03 10:20 B C:\Arquivos de programas\VertrigoServ\www\grupo_do_joelho\web\fckeditor\editor\images\smiley\msn\omg_smile.gif --> ftp.iwmello.com.br /novo/fckeditor/editor/images/smiley/msn omg_smile.gif
2010.11.03 10:20 B C:\Arquivos de programas\VertrigoServ\www\grupo_do_joelho\web\fckeditor\editor\images\smiley\msn\regular_smile.gif --> ftp.iwmello.com.br /novo/fckeditor/editor/images/smiley/msn regular_smile.gif
2010.11.03 10:20 B C:\Arquivos de programas\VertrigoServ\www\grupo_do_joelho\web\fckeditor\editor\images\smiley\msn\sad_smile.gif --> ftp.iwmello.com.br /novo/fckeditor/editor/images/smiley/msn sad_smile.gif
2010.11.03 10:20 B C:\Arquivos de programas\VertrigoServ\www\grupo_do_joelho\web\fckeditor\editor\images\smiley\msn\shades_smile.gif --> ftp.iwmello.com.br /novo/fckeditor/editor/images/smiley/msn shades_smile.gif
2010.11.03 10:20 B C:\Arquivos de programas\VertrigoServ\www\grupo_do_joelho\web\fckeditor\editor\images\smiley\msn\teeth_smile.gif --> ftp.iwmello.com.br /novo/fckeditor/editor/images/smiley/msn teeth_smile.gif
2010.11.03 10:20 B C:\Arquivos de programas\VertrigoServ\www\grupo_do_joelho\web\fckeditor\editor\images\smiley\msn\thumbs_down.gif --> ftp.iwmello.com.br /novo/fckeditor/editor/images/smiley/msn thumbs_down.gif
2010.11.03 10:20 B C:\Arquivos de programas\VertrigoServ\www\grupo_do_joelho\web\fckeditor\editor\images\smiley\msn\thumbs_up.gif --> ftp.iwmello.com.br /novo/fckeditor/editor/images/smiley/msn thumbs_up.gif
2010.11.03 10:20 B C:\Arquivos de programas\VertrigoServ\www\grupo_do_joelho\web\fckeditor\editor\images\smiley\msn\tounge_smile.gif --> ftp.iwmello.com.br /novo/fckeditor/editor/images/smiley/msn tounge_smile.gif
2010.11.03 10:20 B C:\Arquivos de programas\VertrigoServ\www\grupo_do_joelho\web\fckeditor\editor\images\smiley\msn\whatchutalkingabout_smile.gif --> ftp.iwmello.com.br /novo/fckeditor/editor/images/smiley/msn whatchutalkingabout_smile.gif
2010.11.03 10:20 B C:\Arquivos de programas\VertrigoServ\www\grupo_do_joelho\web\fckeditor\editor\images\smiley\msn\wink_smile.gif --> ftp.iwmello.com.br /novo/fckeditor/editor/images/smiley/msn wink_smile.gif
2010.11.03 10:20 B C:\Arquivos de programas\VertrigoServ\www\grupo_do_joelho\web\fckeditor\editor\images\smiley\msn\WS_FTP.LOG --> ftp.iwmello.com.br /novo/fckeditor/editor/images/smiley/msn WS_FTP.LOG
2010.12.03 10:22 B W:\Clientes\broune\NovoSite\web\fckeditor\editor\images\smiley\msn\angel_smile.gif --> ftp.broune.com.br /teste/fckeditor/editor/images/smiley/msn angel_smile.gif
2010.12.03 10:22 B W:\Clientes\broune\NovoSite\web\fckeditor\editor\images\smiley\msn\angry_smile.gif --> ftp.broune.com.br /teste/fckeditor/editor/images/smiley/msn angry_smile.gif
2010.12.03 10:22 B W:\Clientes\broune\NovoSite\web\fckeditor\editor\images\smiley\msn\broken_heart.gif --> ftp.broune.com.br /teste/fckeditor/editor/images/smiley/msn broken_heart.gif
2010.12.03 10:22 B W:\Clientes\broune\NovoSite\web\fckeditor\editor\images\smiley\msn\cake.gif --> ftp.broune.com.br /teste/fckeditor/editor/images/smiley/msn cake.gif
2010.12.03 10:22 B W:\Clientes\broune\NovoSite\web\fckeditor\editor\images\smiley\msn\confused_smile.gif --> ftp.broune.com.br /teste/fckeditor/editor/images/smiley/msn confused_smile.gif
2010.12.03 10:22 B W:\Clientes\broune\NovoSite\web\fckeditor\editor\images\smiley\msn\cry_smile.gif --> ftp.broune.com.br /teste/fckeditor/editor/images/smiley/msn cry_smile.gif
2010.12.03 10:22 B W:\Clientes\broune\NovoSite\web\fckeditor\editor\images\smiley\msn\devil_smile.gif --> ftp.broune.com.br /teste/fckeditor/editor/images/smiley/msn devil_smile.gif
2010.12.03 10:22 B W:\Clientes\broune\NovoSite\web\fckeditor\editor\images\smiley\msn\embaressed_smile.gif --> ftp.broune.com.br /teste/fckeditor/editor/images/smiley/msn embaressed_smile.gif
2010.12.03 10:22 B W:\Clientes\broune\NovoSite\web\fckeditor\editor\images\smiley\msn\envelope.gif --> ftp.broune.com.br /teste/fckeditor/editor/images/smiley/msn envelope.gif
2010.12.03 10:22 B W:\Clientes\broune\NovoSite\web\fckeditor\editor\images\smiley\msn\heart.gif --> ftp.broune.com.br /teste/fckeditor/editor/images/smiley/msn heart.gif
2010.12.03 10:22 B W:\Clientes\broune\NovoSite\web\fckeditor\editor\images\smiley\msn\kiss.gif --> ftp.broune.com.br /teste/fckeditor/editor/images/smiley/msn kiss.gif
2010.12.03 10:22 B W:\Clientes\broune\NovoSite\web\fckeditor\editor\images\smiley\msn\lightbulb.gif --> ftp.broune.com.br /teste/fckeditor/editor/images/smiley/msn lightbulb.gif
2010.12.03 10:22 B W:\Clientes\broune\NovoSite\web\fckeditor\editor\images\smiley\msn\omg_smile.gif --> ftp.broune.com.br /teste/fckeditor/editor/images/smiley/msn omg_smile.gif
2010.12.03 10:22 B W:\Clientes\broune\NovoSite\web\fckeditor\editor\images\smiley\msn\regular_smile.gif --> ftp.broune.com.br /teste/fckeditor/editor/images/smiley/msn regular_smile.gif
2010.12.03 10:22 B W:\Clientes\broune\NovoSite\web\fckeditor\editor\images\smiley\msn\sad_smile.gif --> ftp.broune.com.br /teste/fckeditor/editor/images/smiley/msn sad_smile.gif
2010.12.03 10:22 B W:\Clientes\broune\NovoSite\web\fckeditor\editor\images\smiley\msn\shades_smile.gif --> ftp.broune.com.br /teste/fckeditor/editor/images/smiley/msn shades_smile.gif
2010.12.03 10:22 B W:\Clientes\broune\NovoSite\web\fckeditor\editor\images\smiley\msn\teeth_smile.gif --> ftp.broune.com.br /teste/fckeditor/editor/images/smiley/msn teeth_smile.gif
2010.12.03 10:22 B W:\Clientes\broune\NovoSite\web\fckeditor\editor\images\smiley\msn\thumbs_down.gif --> ftp.broune.com.br /teste/fckeditor/editor/images/smiley/msn thumbs_down.gif
2010.12.03 10:22 B W:\Clientes\broune\NovoSite\web\fckeditor\editor\images\smiley\msn\thumbs_up.gif --> ftp.broune.com.br /teste/fckeditor/editor/images/smiley/msn thumbs_up.gif
2010.12.03 10:22 B W:\Clientes\broune\NovoSite\web\fckeditor\editor\images\smiley\msn\tounge_smile.gif --> ftp.broune.com.br /teste/fckeditor/editor/images/smiley/msn tounge_smile.gif
2010.12.03 10:22 B W:\Clientes\broune\NovoSite\web\fckeditor\editor\images\smiley\msn\whatchutalkingabout_smile.gif --> ftp.broune.com.br /teste/fckeditor/editor/images/smiley/msn whatchutalkingabout_smile.gif
2010.12.03 10:22 B W:\Clientes\broune\NovoSite\web\fckeditor\editor\images\smiley\msn\wink_smile.gif --> ftp.broune.com.br /teste/fckeditor/editor/images/smiley/msn wink_smile.gif
2010.12.03 10:22 B W:\Clientes\broune\NovoSite\web\fckeditor\editor\images\smiley\msn\WS_FTP.LOG --> ftp.broune.com.br /teste/fckeditor/editor/images/smiley/msn WS_FTP.LOG
