2010.11.03 10:03 B C:\Arquivos de programas\VertrigoServ\www\grupo_do_joelho\web\fckeditor\editor\dialog\fck_spellerpages\spellerpages\blank.html --> ftp.companhiapixel.com.br /httpdocs/gj/fckeditor/editor/dialog/fck_spellerpages/spellerpages blank.html
2010.11.03 10:03 B C:\Arquivos de programas\VertrigoServ\www\grupo_do_joelho\web\fckeditor\editor\dialog\fck_spellerpages\spellerpages\controls.html --> ftp.companhiapixel.com.br /httpdocs/gj/fckeditor/editor/dialog/fck_spellerpages/spellerpages controls.html
2010.11.03 10:03 B C:\Arquivos de programas\VertrigoServ\www\grupo_do_joelho\web\fckeditor\editor\dialog\fck_spellerpages\spellerpages\controlWindow.js --> ftp.companhiapixel.com.br /httpdocs/gj/fckeditor/editor/dialog/fck_spellerpages/spellerpages controlWindow.js
2010.11.03 10:03 B C:\Arquivos de programas\VertrigoServ\www\grupo_do_joelho\web\fckeditor\editor\dialog\fck_spellerpages\spellerpages\spellchecker.html --> ftp.companhiapixel.com.br /httpdocs/gj/fckeditor/editor/dialog/fck_spellerpages/spellerpages spellchecker.html
2010.11.03 10:03 B C:\Arquivos de programas\VertrigoServ\www\grupo_do_joelho\web\fckeditor\editor\dialog\fck_spellerpages\spellerpages\spellChecker.js --> ftp.companhiapixel.com.br /httpdocs/gj/fckeditor/editor/dialog/fck_spellerpages/spellerpages spellChecker.js
2010.11.03 10:03 B C:\Arquivos de programas\VertrigoServ\www\grupo_do_joelho\web\fckeditor\editor\dialog\fck_spellerpages\spellerpages\spellerStyle.css --> ftp.companhiapixel.com.br /httpdocs/gj/fckeditor/editor/dialog/fck_spellerpages/spellerpages spellerStyle.css
2010.11.03 10:04 B C:\Arquivos de programas\VertrigoServ\www\grupo_do_joelho\web\fckeditor\editor\dialog\fck_spellerpages\spellerpages\wordWindow.js --> ftp.companhiapixel.com.br /httpdocs/gj/fckeditor/editor/dialog/fck_spellerpages/spellerpages wordWindow.js
2010.11.03 10:19 B C:\Arquivos de programas\VertrigoServ\www\grupo_do_joelho\web\fckeditor\editor\dialog\fck_spellerpages\spellerpages\blank.html --> ftp.iwmello.com.br /novo/fckeditor/editor/dialog/fck_spellerpages/spellerpages blank.html
2010.11.03 10:19 B C:\Arquivos de programas\VertrigoServ\www\grupo_do_joelho\web\fckeditor\editor\dialog\fck_spellerpages\spellerpages\controls.html --> ftp.iwmello.com.br /novo/fckeditor/editor/dialog/fck_spellerpages/spellerpages controls.html
2010.11.03 10:19 B C:\Arquivos de programas\VertrigoServ\www\grupo_do_joelho\web\fckeditor\editor\dialog\fck_spellerpages\spellerpages\controlWindow.js --> ftp.iwmello.com.br /novo/fckeditor/editor/dialog/fck_spellerpages/spellerpages controlWindow.js
2010.11.03 10:19 B C:\Arquivos de programas\VertrigoServ\www\grupo_do_joelho\web\fckeditor\editor\dialog\fck_spellerpages\spellerpages\spellchecker.html --> ftp.iwmello.com.br /novo/fckeditor/editor/dialog/fck_spellerpages/spellerpages spellchecker.html
2010.11.03 10:19 B C:\Arquivos de programas\VertrigoServ\www\grupo_do_joelho\web\fckeditor\editor\dialog\fck_spellerpages\spellerpages\spellChecker.js --> ftp.iwmello.com.br /novo/fckeditor/editor/dialog/fck_spellerpages/spellerpages spellChecker.js
2010.11.03 10:19 B C:\Arquivos de programas\VertrigoServ\www\grupo_do_joelho\web\fckeditor\editor\dialog\fck_spellerpages\spellerpages\spellerStyle.css --> ftp.iwmello.com.br /novo/fckeditor/editor/dialog/fck_spellerpages/spellerpages spellerStyle.css
2010.11.03 10:19 B C:\Arquivos de programas\VertrigoServ\www\grupo_do_joelho\web\fckeditor\editor\dialog\fck_spellerpages\spellerpages\wordWindow.js --> ftp.iwmello.com.br /novo/fckeditor/editor/dialog/fck_spellerpages/spellerpages wordWindow.js
2010.11.03 10:19 B C:\Arquivos de programas\VertrigoServ\www\grupo_do_joelho\web\fckeditor\editor\dialog\fck_spellerpages\spellerpages\WS_FTP.LOG --> ftp.iwmello.com.br /novo/fckeditor/editor/dialog/fck_spellerpages/spellerpages WS_FTP.LOG
2010.12.03 10:21 B W:\Clientes\broune\NovoSite\web\fckeditor\editor\dialog\fck_spellerpages\spellerpages\blank.html --> ftp.broune.com.br /teste/fckeditor/editor/dialog/fck_spellerpages/spellerpages blank.html
2010.12.03 10:21 B W:\Clientes\broune\NovoSite\web\fckeditor\editor\dialog\fck_spellerpages\spellerpages\controls.html --> ftp.broune.com.br /teste/fckeditor/editor/dialog/fck_spellerpages/spellerpages controls.html
2010.12.03 10:21 B W:\Clientes\broune\NovoSite\web\fckeditor\editor\dialog\fck_spellerpages\spellerpages\controlWindow.js --> ftp.broune.com.br /teste/fckeditor/editor/dialog/fck_spellerpages/spellerpages controlWindow.js
2010.12.03 10:21 B W:\Clientes\broune\NovoSite\web\fckeditor\editor\dialog\fck_spellerpages\spellerpages\spellchecker.html --> ftp.broune.com.br /teste/fckeditor/editor/dialog/fck_spellerpages/spellerpages spellchecker.html
2010.12.03 10:21 B W:\Clientes\broune\NovoSite\web\fckeditor\editor\dialog\fck_spellerpages\spellerpages\spellChecker.js --> ftp.broune.com.br /teste/fckeditor/editor/dialog/fck_spellerpages/spellerpages spellChecker.js
2010.12.03 10:21 B W:\Clientes\broune\NovoSite\web\fckeditor\editor\dialog\fck_spellerpages\spellerpages\spellerStyle.css --> ftp.broune.com.br /teste/fckeditor/editor/dialog/fck_spellerpages/spellerpages spellerStyle.css
2010.12.03 10:21 B W:\Clientes\broune\NovoSite\web\fckeditor\editor\dialog\fck_spellerpages\spellerpages\wordWindow.js --> ftp.broune.com.br /teste/fckeditor/editor/dialog/fck_spellerpages/spellerpages wordWindow.js
2010.12.03 10:21 B W:\Clientes\broune\NovoSite\web\fckeditor\editor\dialog\fck_spellerpages\spellerpages\WS_FTP.LOG --> ftp.broune.com.br /teste/fckeditor/editor/dialog/fck_spellerpages/spellerpages WS_FTP.LOG
