2010.11.03 10:05 B C:\Arquivos de programas\VertrigoServ\www\grupo_do_joelho\web\fckeditor\editor\lang\_getfontformat.html --> ftp.companhiapixel.com.br /httpdocs/gj/fckeditor/editor/lang _getfontformat.html
2010.11.03 10:05 B C:\Arquivos de programas\VertrigoServ\www\grupo_do_joelho\web\fckeditor\editor\lang\_translationstatus.txt --> ftp.companhiapixel.com.br /httpdocs/gj/fckeditor/editor/lang _translationstatus.txt
2010.11.03 10:05 B C:\Arquivos de programas\VertrigoServ\www\grupo_do_joelho\web\fckeditor\editor\lang\af.js --> ftp.companhiapixel.com.br /httpdocs/gj/fckeditor/editor/lang af.js
2010.11.03 10:05 B C:\Arquivos de programas\VertrigoServ\www\grupo_do_joelho\web\fckeditor\editor\lang\ar.js --> ftp.companhiapixel.com.br /httpdocs/gj/fckeditor/editor/lang ar.js
2010.11.03 10:05 B C:\Arquivos de programas\VertrigoServ\www\grupo_do_joelho\web\fckeditor\editor\lang\bg.js --> ftp.companhiapixel.com.br /httpdocs/gj/fckeditor/editor/lang bg.js
2010.11.03 10:05 B C:\Arquivos de programas\VertrigoServ\www\grupo_do_joelho\web\fckeditor\editor\lang\bn.js --> ftp.companhiapixel.com.br /httpdocs/gj/fckeditor/editor/lang bn.js
2010.11.03 10:05 B C:\Arquivos de programas\VertrigoServ\www\grupo_do_joelho\web\fckeditor\editor\lang\bs.js --> ftp.companhiapixel.com.br /httpdocs/gj/fckeditor/editor/lang bs.js
2010.11.03 10:05 B C:\Arquivos de programas\VertrigoServ\www\grupo_do_joelho\web\fckeditor\editor\lang\ca.js --> ftp.companhiapixel.com.br /httpdocs/gj/fckeditor/editor/lang ca.js
2010.11.03 10:05 B C:\Arquivos de programas\VertrigoServ\www\grupo_do_joelho\web\fckeditor\editor\lang\cs.js --> ftp.companhiapixel.com.br /httpdocs/gj/fckeditor/editor/lang cs.js
2010.11.03 10:05 B C:\Arquivos de programas\VertrigoServ\www\grupo_do_joelho\web\fckeditor\editor\lang\da.js --> ftp.companhiapixel.com.br /httpdocs/gj/fckeditor/editor/lang da.js
2010.11.03 10:05 B C:\Arquivos de programas\VertrigoServ\www\grupo_do_joelho\web\fckeditor\editor\lang\de.js --> ftp.companhiapixel.com.br /httpdocs/gj/fckeditor/editor/lang de.js
2010.11.03 10:05 B C:\Arquivos de programas\VertrigoServ\www\grupo_do_joelho\web\fckeditor\editor\lang\el.js --> ftp.companhiapixel.com.br /httpdocs/gj/fckeditor/editor/lang el.js
2010.11.03 10:05 B C:\Arquivos de programas\VertrigoServ\www\grupo_do_joelho\web\fckeditor\editor\lang\en-au.js --> ftp.companhiapixel.com.br /httpdocs/gj/fckeditor/editor/lang en-au.js
2010.11.03 10:05 B C:\Arquivos de programas\VertrigoServ\www\grupo_do_joelho\web\fckeditor\editor\lang\en-ca.js --> ftp.companhiapixel.com.br /httpdocs/gj/fckeditor/editor/lang en-ca.js
2010.11.03 10:05 B C:\Arquivos de programas\VertrigoServ\www\grupo_do_joelho\web\fckeditor\editor\lang\en-uk.js --> ftp.companhiapixel.com.br /httpdocs/gj/fckeditor/editor/lang en-uk.js
2010.11.03 10:05 B C:\Arquivos de programas\VertrigoServ\www\grupo_do_joelho\web\fckeditor\editor\lang\en.js --> ftp.companhiapixel.com.br /httpdocs/gj/fckeditor/editor/lang en.js
2010.11.03 10:05 B C:\Arquivos de programas\VertrigoServ\www\grupo_do_joelho\web\fckeditor\editor\lang\eo.js --> ftp.companhiapixel.com.br /httpdocs/gj/fckeditor/editor/lang eo.js
2010.11.03 10:05 B C:\Arquivos de programas\VertrigoServ\www\grupo_do_joelho\web\fckeditor\editor\lang\es.js --> ftp.companhiapixel.com.br /httpdocs/gj/fckeditor/editor/lang es.js
2010.11.03 10:05 B C:\Arquivos de programas\VertrigoServ\www\grupo_do_joelho\web\fckeditor\editor\lang\et.js --> ftp.companhiapixel.com.br /httpdocs/gj/fckeditor/editor/lang et.js
2010.11.03 10:05 B C:\Arquivos de programas\VertrigoServ\www\grupo_do_joelho\web\fckeditor\editor\lang\eu.js --> ftp.companhiapixel.com.br /httpdocs/gj/fckeditor/editor/lang eu.js
2010.11.03 10:06 B C:\Arquivos de programas\VertrigoServ\www\grupo_do_joelho\web\fckeditor\editor\lang\fa.js --> ftp.companhiapixel.com.br /httpdocs/gj/fckeditor/editor/lang fa.js
2010.11.03 10:06 B C:\Arquivos de programas\VertrigoServ\www\grupo_do_joelho\web\fckeditor\editor\lang\fi.js --> ftp.companhiapixel.com.br /httpdocs/gj/fckeditor/editor/lang fi.js
2010.11.03 10:06 B C:\Arquivos de programas\VertrigoServ\www\grupo_do_joelho\web\fckeditor\editor\lang\fo.js --> ftp.companhiapixel.com.br /httpdocs/gj/fckeditor/editor/lang fo.js
2010.11.03 10:06 B C:\Arquivos de programas\VertrigoServ\www\grupo_do_joelho\web\fckeditor\editor\lang\fr.js --> ftp.companhiapixel.com.br /httpdocs/gj/fckeditor/editor/lang fr.js
2010.11.03 10:06 B C:\Arquivos de programas\VertrigoServ\www\grupo_do_joelho\web\fckeditor\editor\lang\gl.js --> ftp.companhiapixel.com.br /httpdocs/gj/fckeditor/editor/lang gl.js
2010.11.03 10:06 B C:\Arquivos de programas\VertrigoServ\www\grupo_do_joelho\web\fckeditor\editor\lang\he.js --> ftp.companhiapixel.com.br /httpdocs/gj/fckeditor/editor/lang he.js
2010.11.03 10:06 B C:\Arquivos de programas\VertrigoServ\www\grupo_do_joelho\web\fckeditor\editor\lang\hi.js --> ftp.companhiapixel.com.br /httpdocs/gj/fckeditor/editor/lang hi.js
2010.11.03 10:06 B C:\Arquivos de programas\VertrigoServ\www\grupo_do_joelho\web\fckeditor\editor\lang\hr.js --> ftp.companhiapixel.com.br /httpdocs/gj/fckeditor/editor/lang hr.js
2010.11.03 10:06 B C:\Arquivos de programas\VertrigoServ\www\grupo_do_joelho\web\fckeditor\editor\lang\hu.js --> ftp.companhiapixel.com.br /httpdocs/gj/fckeditor/editor/lang hu.js
2010.11.03 10:06 B C:\Arquivos de programas\VertrigoServ\www\grupo_do_joelho\web\fckeditor\editor\lang\it.js --> ftp.companhiapixel.com.br /httpdocs/gj/fckeditor/editor/lang it.js
2010.11.03 10:06 B C:\Arquivos de programas\VertrigoServ\www\grupo_do_joelho\web\fckeditor\editor\lang\ja.js --> ftp.companhiapixel.com.br /httpdocs/gj/fckeditor/editor/lang ja.js
2010.11.03 10:06 B C:\Arquivos de programas\VertrigoServ\www\grupo_do_joelho\web\fckeditor\editor\lang\km.js --> ftp.companhiapixel.com.br /httpdocs/gj/fckeditor/editor/lang km.js
2010.11.03 10:06 B C:\Arquivos de programas\VertrigoServ\www\grupo_do_joelho\web\fckeditor\editor\lang\ko.js --> ftp.companhiapixel.com.br /httpdocs/gj/fckeditor/editor/lang ko.js
2010.11.03 10:06 B C:\Arquivos de programas\VertrigoServ\www\grupo_do_joelho\web\fckeditor\editor\lang\lt.js --> ftp.companhiapixel.com.br /httpdocs/gj/fckeditor/editor/lang lt.js
2010.11.03 10:06 B C:\Arquivos de programas\VertrigoServ\www\grupo_do_joelho\web\fckeditor\editor\lang\lv.js --> ftp.companhiapixel.com.br /httpdocs/gj/fckeditor/editor/lang lv.js
2010.11.03 10:06 B C:\Arquivos de programas\VertrigoServ\www\grupo_do_joelho\web\fckeditor\editor\lang\mn.js --> ftp.companhiapixel.com.br /httpdocs/gj/fckeditor/editor/lang mn.js
2010.11.03 10:06 B C:\Arquivos de programas\VertrigoServ\www\grupo_do_joelho\web\fckeditor\editor\lang\ms.js --> ftp.companhiapixel.com.br /httpdocs/gj/fckeditor/editor/lang ms.js
2010.11.03 10:06 B C:\Arquivos de programas\VertrigoServ\www\grupo_do_joelho\web\fckeditor\editor\lang\nb.js --> ftp.companhiapixel.com.br /httpdocs/gj/fckeditor/editor/lang nb.js
2010.11.03 10:06 B C:\Arquivos de programas\VertrigoServ\www\grupo_do_joelho\web\fckeditor\editor\lang\nl.js --> ftp.companhiapixel.com.br /httpdocs/gj/fckeditor/editor/lang nl.js
2010.11.03 10:06 B C:\Arquivos de programas\VertrigoServ\www\grupo_do_joelho\web\fckeditor\editor\lang\no.js --> ftp.companhiapixel.com.br /httpdocs/gj/fckeditor/editor/lang no.js
2010.11.03 10:06 B C:\Arquivos de programas\VertrigoServ\www\grupo_do_joelho\web\fckeditor\editor\lang\pl.js --> ftp.companhiapixel.com.br /httpdocs/gj/fckeditor/editor/lang pl.js
2010.11.03 10:06 B C:\Arquivos de programas\VertrigoServ\www\grupo_do_joelho\web\fckeditor\editor\lang\pt-br.js --> ftp.companhiapixel.com.br /httpdocs/gj/fckeditor/editor/lang pt-br.js
2010.11.03 10:06 B C:\Arquivos de programas\VertrigoServ\www\grupo_do_joelho\web\fckeditor\editor\lang\pt.js --> ftp.companhiapixel.com.br /httpdocs/gj/fckeditor/editor/lang pt.js
2010.11.03 10:06 B C:\Arquivos de programas\VertrigoServ\www\grupo_do_joelho\web\fckeditor\editor\lang\ro.js --> ftp.companhiapixel.com.br /httpdocs/gj/fckeditor/editor/lang ro.js
2010.11.03 10:06 B C:\Arquivos de programas\VertrigoServ\www\grupo_do_joelho\web\fckeditor\editor\lang\ru.js --> ftp.companhiapixel.com.br /httpdocs/gj/fckeditor/editor/lang ru.js
2010.11.03 10:06 B C:\Arquivos de programas\VertrigoServ\www\grupo_do_joelho\web\fckeditor\editor\lang\sk.js --> ftp.companhiapixel.com.br /httpdocs/gj/fckeditor/editor/lang sk.js
2010.11.03 10:06 B C:\Arquivos de programas\VertrigoServ\www\grupo_do_joelho\web\fckeditor\editor\lang\sl.js --> ftp.companhiapixel.com.br /httpdocs/gj/fckeditor/editor/lang sl.js
2010.11.03 10:06 B C:\Arquivos de programas\VertrigoServ\www\grupo_do_joelho\web\fckeditor\editor\lang\sr-latn.js --> ftp.companhiapixel.com.br /httpdocs/gj/fckeditor/editor/lang sr-latn.js
2010.11.03 10:06 B C:\Arquivos de programas\VertrigoServ\www\grupo_do_joelho\web\fckeditor\editor\lang\sr.js --> ftp.companhiapixel.com.br /httpdocs/gj/fckeditor/editor/lang sr.js
2010.11.03 10:06 B C:\Arquivos de programas\VertrigoServ\www\grupo_do_joelho\web\fckeditor\editor\lang\sv.js --> ftp.companhiapixel.com.br /httpdocs/gj/fckeditor/editor/lang sv.js
2010.11.03 10:06 B C:\Arquivos de programas\VertrigoServ\www\grupo_do_joelho\web\fckeditor\editor\lang\th.js --> ftp.companhiapixel.com.br /httpdocs/gj/fckeditor/editor/lang th.js
2010.11.03 10:06 B C:\Arquivos de programas\VertrigoServ\www\grupo_do_joelho\web\fckeditor\editor\lang\tr.js --> ftp.companhiapixel.com.br /httpdocs/gj/fckeditor/editor/lang tr.js
2010.11.03 10:06 B C:\Arquivos de programas\VertrigoServ\www\grupo_do_joelho\web\fckeditor\editor\lang\uk.js --> ftp.companhiapixel.com.br /httpdocs/gj/fckeditor/editor/lang uk.js
2010.11.03 10:06 B C:\Arquivos de programas\VertrigoServ\www\grupo_do_joelho\web\fckeditor\editor\lang\vi.js --> ftp.companhiapixel.com.br /httpdocs/gj/fckeditor/editor/lang vi.js
2010.11.03 10:06 B C:\Arquivos de programas\VertrigoServ\www\grupo_do_joelho\web\fckeditor\editor\lang\zh-cn.js --> ftp.companhiapixel.com.br /httpdocs/gj/fckeditor/editor/lang zh-cn.js
2010.11.03 10:06 B C:\Arquivos de programas\VertrigoServ\www\grupo_do_joelho\web\fckeditor\editor\lang\zh.js --> ftp.companhiapixel.com.br /httpdocs/gj/fckeditor/editor/lang zh.js
2010.11.03 10:20 B C:\Arquivos de programas\VertrigoServ\www\grupo_do_joelho\web\fckeditor\editor\lang\_getfontformat.html --> ftp.iwmello.com.br /novo/fckeditor/editor/lang _getfontformat.html
2010.11.03 10:20 B C:\Arquivos de programas\VertrigoServ\www\grupo_do_joelho\web\fckeditor\editor\lang\_translationstatus.txt --> ftp.iwmello.com.br /novo/fckeditor/editor/lang _translationstatus.txt
2010.11.03 10:20 B C:\Arquivos de programas\VertrigoServ\www\grupo_do_joelho\web\fckeditor\editor\lang\af.js --> ftp.iwmello.com.br /novo/fckeditor/editor/lang af.js
2010.11.03 10:20 B C:\Arquivos de programas\VertrigoServ\www\grupo_do_joelho\web\fckeditor\editor\lang\ar.js --> ftp.iwmello.com.br /novo/fckeditor/editor/lang ar.js
2010.11.03 10:20 B C:\Arquivos de programas\VertrigoServ\www\grupo_do_joelho\web\fckeditor\editor\lang\bg.js --> ftp.iwmello.com.br /novo/fckeditor/editor/lang bg.js
2010.11.03 10:20 B C:\Arquivos de programas\VertrigoServ\www\grupo_do_joelho\web\fckeditor\editor\lang\bn.js --> ftp.iwmello.com.br /novo/fckeditor/editor/lang bn.js
2010.11.03 10:20 B C:\Arquivos de programas\VertrigoServ\www\grupo_do_joelho\web\fckeditor\editor\lang\bs.js --> ftp.iwmello.com.br /novo/fckeditor/editor/lang bs.js
2010.11.03 10:20 B C:\Arquivos de programas\VertrigoServ\www\grupo_do_joelho\web\fckeditor\editor\lang\ca.js --> ftp.iwmello.com.br /novo/fckeditor/editor/lang ca.js
2010.11.03 10:20 B C:\Arquivos de programas\VertrigoServ\www\grupo_do_joelho\web\fckeditor\editor\lang\cs.js --> ftp.iwmello.com.br /novo/fckeditor/editor/lang cs.js
2010.11.03 10:20 B C:\Arquivos de programas\VertrigoServ\www\grupo_do_joelho\web\fckeditor\editor\lang\da.js --> ftp.iwmello.com.br /novo/fckeditor/editor/lang da.js
2010.11.03 10:20 B C:\Arquivos de programas\VertrigoServ\www\grupo_do_joelho\web\fckeditor\editor\lang\de.js --> ftp.iwmello.com.br /novo/fckeditor/editor/lang de.js
2010.11.03 10:20 B C:\Arquivos de programas\VertrigoServ\www\grupo_do_joelho\web\fckeditor\editor\lang\el.js --> ftp.iwmello.com.br /novo/fckeditor/editor/lang el.js
2010.11.03 10:20 B C:\Arquivos de programas\VertrigoServ\www\grupo_do_joelho\web\fckeditor\editor\lang\en-au.js --> ftp.iwmello.com.br /novo/fckeditor/editor/lang en-au.js
2010.11.03 10:20 B C:\Arquivos de programas\VertrigoServ\www\grupo_do_joelho\web\fckeditor\editor\lang\en-ca.js --> ftp.iwmello.com.br /novo/fckeditor/editor/lang en-ca.js
2010.11.03 10:20 B C:\Arquivos de programas\VertrigoServ\www\grupo_do_joelho\web\fckeditor\editor\lang\en-uk.js --> ftp.iwmello.com.br /novo/fckeditor/editor/lang en-uk.js
2010.11.03 10:20 B C:\Arquivos de programas\VertrigoServ\www\grupo_do_joelho\web\fckeditor\editor\lang\en.js --> ftp.iwmello.com.br /novo/fckeditor/editor/lang en.js
2010.11.03 10:20 B C:\Arquivos de programas\VertrigoServ\www\grupo_do_joelho\web\fckeditor\editor\lang\eo.js --> ftp.iwmello.com.br /novo/fckeditor/editor/lang eo.js
2010.11.03 10:20 B C:\Arquivos de programas\VertrigoServ\www\grupo_do_joelho\web\fckeditor\editor\lang\es.js --> ftp.iwmello.com.br /novo/fckeditor/editor/lang es.js
2010.11.03 10:20 B C:\Arquivos de programas\VertrigoServ\www\grupo_do_joelho\web\fckeditor\editor\lang\et.js --> ftp.iwmello.com.br /novo/fckeditor/editor/lang et.js
2010.11.03 10:20 B C:\Arquivos de programas\VertrigoServ\www\grupo_do_joelho\web\fckeditor\editor\lang\eu.js --> ftp.iwmello.com.br /novo/fckeditor/editor/lang eu.js
2010.11.03 10:20 B C:\Arquivos de programas\VertrigoServ\www\grupo_do_joelho\web\fckeditor\editor\lang\fa.js --> ftp.iwmello.com.br /novo/fckeditor/editor/lang fa.js
2010.11.03 10:20 B C:\Arquivos de programas\VertrigoServ\www\grupo_do_joelho\web\fckeditor\editor\lang\fi.js --> ftp.iwmello.com.br /novo/fckeditor/editor/lang fi.js
2010.11.03 10:20 B C:\Arquivos de programas\VertrigoServ\www\grupo_do_joelho\web\fckeditor\editor\lang\fo.js --> ftp.iwmello.com.br /novo/fckeditor/editor/lang fo.js
2010.11.03 10:20 B C:\Arquivos de programas\VertrigoServ\www\grupo_do_joelho\web\fckeditor\editor\lang\fr.js --> ftp.iwmello.com.br /novo/fckeditor/editor/lang fr.js
2010.11.03 10:20 B C:\Arquivos de programas\VertrigoServ\www\grupo_do_joelho\web\fckeditor\editor\lang\gl.js --> ftp.iwmello.com.br /novo/fckeditor/editor/lang gl.js
2010.11.03 10:20 B C:\Arquivos de programas\VertrigoServ\www\grupo_do_joelho\web\fckeditor\editor\lang\he.js --> ftp.iwmello.com.br /novo/fckeditor/editor/lang he.js
2010.11.03 10:20 B C:\Arquivos de programas\VertrigoServ\www\grupo_do_joelho\web\fckeditor\editor\lang\hi.js --> ftp.iwmello.com.br /novo/fckeditor/editor/lang hi.js
2010.11.03 10:20 B C:\Arquivos de programas\VertrigoServ\www\grupo_do_joelho\web\fckeditor\editor\lang\hr.js --> ftp.iwmello.com.br /novo/fckeditor/editor/lang hr.js
2010.11.03 10:20 B C:\Arquivos de programas\VertrigoServ\www\grupo_do_joelho\web\fckeditor\editor\lang\hu.js --> ftp.iwmello.com.br /novo/fckeditor/editor/lang hu.js
2010.11.03 10:20 B C:\Arquivos de programas\VertrigoServ\www\grupo_do_joelho\web\fckeditor\editor\lang\it.js --> ftp.iwmello.com.br /novo/fckeditor/editor/lang it.js
2010.11.03 10:20 B C:\Arquivos de programas\VertrigoServ\www\grupo_do_joelho\web\fckeditor\editor\lang\ja.js --> ftp.iwmello.com.br /novo/fckeditor/editor/lang ja.js
2010.11.03 10:20 B C:\Arquivos de programas\VertrigoServ\www\grupo_do_joelho\web\fckeditor\editor\lang\km.js --> ftp.iwmello.com.br /novo/fckeditor/editor/lang km.js
2010.11.03 10:20 B C:\Arquivos de programas\VertrigoServ\www\grupo_do_joelho\web\fckeditor\editor\lang\ko.js --> ftp.iwmello.com.br /novo/fckeditor/editor/lang ko.js
2010.11.03 10:20 B C:\Arquivos de programas\VertrigoServ\www\grupo_do_joelho\web\fckeditor\editor\lang\lt.js --> ftp.iwmello.com.br /novo/fckeditor/editor/lang lt.js
2010.11.03 10:20 B C:\Arquivos de programas\VertrigoServ\www\grupo_do_joelho\web\fckeditor\editor\lang\lv.js --> ftp.iwmello.com.br /novo/fckeditor/editor/lang lv.js
2010.11.03 10:20 B C:\Arquivos de programas\VertrigoServ\www\grupo_do_joelho\web\fckeditor\editor\lang\mn.js --> ftp.iwmello.com.br /novo/fckeditor/editor/lang mn.js
2010.11.03 10:20 B C:\Arquivos de programas\VertrigoServ\www\grupo_do_joelho\web\fckeditor\editor\lang\ms.js --> ftp.iwmello.com.br /novo/fckeditor/editor/lang ms.js
2010.11.03 10:20 B C:\Arquivos de programas\VertrigoServ\www\grupo_do_joelho\web\fckeditor\editor\lang\nb.js --> ftp.iwmello.com.br /novo/fckeditor/editor/lang nb.js
2010.11.03 10:20 B C:\Arquivos de programas\VertrigoServ\www\grupo_do_joelho\web\fckeditor\editor\lang\nl.js --> ftp.iwmello.com.br /novo/fckeditor/editor/lang nl.js
2010.11.03 10:20 B C:\Arquivos de programas\VertrigoServ\www\grupo_do_joelho\web\fckeditor\editor\lang\no.js --> ftp.iwmello.com.br /novo/fckeditor/editor/lang no.js
2010.11.03 10:20 B C:\Arquivos de programas\VertrigoServ\www\grupo_do_joelho\web\fckeditor\editor\lang\pl.js --> ftp.iwmello.com.br /novo/fckeditor/editor/lang pl.js
2010.11.03 10:20 B C:\Arquivos de programas\VertrigoServ\www\grupo_do_joelho\web\fckeditor\editor\lang\pt-br.js --> ftp.iwmello.com.br /novo/fckeditor/editor/lang pt-br.js
2010.11.03 10:20 B C:\Arquivos de programas\VertrigoServ\www\grupo_do_joelho\web\fckeditor\editor\lang\pt.js --> ftp.iwmello.com.br /novo/fckeditor/editor/lang pt.js
2010.11.03 10:20 B C:\Arquivos de programas\VertrigoServ\www\grupo_do_joelho\web\fckeditor\editor\lang\ro.js --> ftp.iwmello.com.br /novo/fckeditor/editor/lang ro.js
2010.11.03 10:20 B C:\Arquivos de programas\VertrigoServ\www\grupo_do_joelho\web\fckeditor\editor\lang\ru.js --> ftp.iwmello.com.br /novo/fckeditor/editor/lang ru.js
2010.11.03 10:20 B C:\Arquivos de programas\VertrigoServ\www\grupo_do_joelho\web\fckeditor\editor\lang\sk.js --> ftp.iwmello.com.br /novo/fckeditor/editor/lang sk.js
2010.11.03 10:20 B C:\Arquivos de programas\VertrigoServ\www\grupo_do_joelho\web\fckeditor\editor\lang\sl.js --> ftp.iwmello.com.br /novo/fckeditor/editor/lang sl.js
2010.11.03 10:20 B C:\Arquivos de programas\VertrigoServ\www\grupo_do_joelho\web\fckeditor\editor\lang\sr-latn.js --> ftp.iwmello.com.br /novo/fckeditor/editor/lang sr-latn.js
2010.11.03 10:20 B C:\Arquivos de programas\VertrigoServ\www\grupo_do_joelho\web\fckeditor\editor\lang\sr.js --> ftp.iwmello.com.br /novo/fckeditor/editor/lang sr.js
2010.11.03 10:21 B C:\Arquivos de programas\VertrigoServ\www\grupo_do_joelho\web\fckeditor\editor\lang\sv.js --> ftp.iwmello.com.br /novo/fckeditor/editor/lang sv.js
2010.11.03 10:21 B C:\Arquivos de programas\VertrigoServ\www\grupo_do_joelho\web\fckeditor\editor\lang\th.js --> ftp.iwmello.com.br /novo/fckeditor/editor/lang th.js
2010.11.03 10:21 B C:\Arquivos de programas\VertrigoServ\www\grupo_do_joelho\web\fckeditor\editor\lang\tr.js --> ftp.iwmello.com.br /novo/fckeditor/editor/lang tr.js
2010.11.03 10:21 B C:\Arquivos de programas\VertrigoServ\www\grupo_do_joelho\web\fckeditor\editor\lang\uk.js --> ftp.iwmello.com.br /novo/fckeditor/editor/lang uk.js
2010.11.03 10:21 B C:\Arquivos de programas\VertrigoServ\www\grupo_do_joelho\web\fckeditor\editor\lang\vi.js --> ftp.iwmello.com.br /novo/fckeditor/editor/lang vi.js
2010.11.03 10:21 B C:\Arquivos de programas\VertrigoServ\www\grupo_do_joelho\web\fckeditor\editor\lang\WS_FTP.LOG --> ftp.iwmello.com.br /novo/fckeditor/editor/lang WS_FTP.LOG
2010.11.03 10:21 B C:\Arquivos de programas\VertrigoServ\www\grupo_do_joelho\web\fckeditor\editor\lang\zh-cn.js --> ftp.iwmello.com.br /novo/fckeditor/editor/lang zh-cn.js
2010.11.03 10:21 B C:\Arquivos de programas\VertrigoServ\www\grupo_do_joelho\web\fckeditor\editor\lang\zh.js --> ftp.iwmello.com.br /novo/fckeditor/editor/lang zh.js
2010.12.03 10:23 B W:\Clientes\broune\NovoSite\web\fckeditor\editor\lang\_getfontformat.html --> ftp.broune.com.br /teste/fckeditor/editor/lang _getfontformat.html
2010.12.03 10:23 B W:\Clientes\broune\NovoSite\web\fckeditor\editor\lang\_translationstatus.txt --> ftp.broune.com.br /teste/fckeditor/editor/lang _translationstatus.txt
2010.12.03 10:23 B W:\Clientes\broune\NovoSite\web\fckeditor\editor\lang\af.js --> ftp.broune.com.br /teste/fckeditor/editor/lang af.js
2010.12.03 10:23 B W:\Clientes\broune\NovoSite\web\fckeditor\editor\lang\ar.js --> ftp.broune.com.br /teste/fckeditor/editor/lang ar.js
2010.12.03 10:23 B W:\Clientes\broune\NovoSite\web\fckeditor\editor\lang\bg.js --> ftp.broune.com.br /teste/fckeditor/editor/lang bg.js
2010.12.03 10:23 B W:\Clientes\broune\NovoSite\web\fckeditor\editor\lang\bn.js --> ftp.broune.com.br /teste/fckeditor/editor/lang bn.js
2010.12.03 10:23 B W:\Clientes\broune\NovoSite\web\fckeditor\editor\lang\bs.js --> ftp.broune.com.br /teste/fckeditor/editor/lang bs.js
2010.12.03 10:23 B W:\Clientes\broune\NovoSite\web\fckeditor\editor\lang\ca.js --> ftp.broune.com.br /teste/fckeditor/editor/lang ca.js
2010.12.03 10:23 B W:\Clientes\broune\NovoSite\web\fckeditor\editor\lang\cs.js --> ftp.broune.com.br /teste/fckeditor/editor/lang cs.js
2010.12.03 10:23 B W:\Clientes\broune\NovoSite\web\fckeditor\editor\lang\da.js --> ftp.broune.com.br /teste/fckeditor/editor/lang da.js
2010.12.03 10:23 B W:\Clientes\broune\NovoSite\web\fckeditor\editor\lang\de.js --> ftp.broune.com.br /teste/fckeditor/editor/lang de.js
2010.12.03 10:23 B W:\Clientes\broune\NovoSite\web\fckeditor\editor\lang\el.js --> ftp.broune.com.br /teste/fckeditor/editor/lang el.js
2010.12.03 10:23 B W:\Clientes\broune\NovoSite\web\fckeditor\editor\lang\en-au.js --> ftp.broune.com.br /teste/fckeditor/editor/lang en-au.js
2010.12.03 10:23 B W:\Clientes\broune\NovoSite\web\fckeditor\editor\lang\en-ca.js --> ftp.broune.com.br /teste/fckeditor/editor/lang en-ca.js
2010.12.03 10:23 B W:\Clientes\broune\NovoSite\web\fckeditor\editor\lang\en-uk.js --> ftp.broune.com.br /teste/fckeditor/editor/lang en-uk.js
2010.12.03 10:23 B W:\Clientes\broune\NovoSite\web\fckeditor\editor\lang\en.js --> ftp.broune.com.br /teste/fckeditor/editor/lang en.js
2010.12.03 10:23 B W:\Clientes\broune\NovoSite\web\fckeditor\editor\lang\eo.js --> ftp.broune.com.br /teste/fckeditor/editor/lang eo.js
2010.12.03 10:23 B W:\Clientes\broune\NovoSite\web\fckeditor\editor\lang\es.js --> ftp.broune.com.br /teste/fckeditor/editor/lang es.js
2010.12.03 10:23 B W:\Clientes\broune\NovoSite\web\fckeditor\editor\lang\et.js --> ftp.broune.com.br /teste/fckeditor/editor/lang et.js
2010.12.03 10:23 B W:\Clientes\broune\NovoSite\web\fckeditor\editor\lang\eu.js --> ftp.broune.com.br /teste/fckeditor/editor/lang eu.js
2010.12.03 10:23 B W:\Clientes\broune\NovoSite\web\fckeditor\editor\lang\fa.js --> ftp.broune.com.br /teste/fckeditor/editor/lang fa.js
2010.12.03 10:23 B W:\Clientes\broune\NovoSite\web\fckeditor\editor\lang\fi.js --> ftp.broune.com.br /teste/fckeditor/editor/lang fi.js
2010.12.03 10:23 B W:\Clientes\broune\NovoSite\web\fckeditor\editor\lang\fo.js --> ftp.broune.com.br /teste/fckeditor/editor/lang fo.js
2010.12.03 10:23 B W:\Clientes\broune\NovoSite\web\fckeditor\editor\lang\fr.js --> ftp.broune.com.br /teste/fckeditor/editor/lang fr.js
2010.12.03 10:23 B W:\Clientes\broune\NovoSite\web\fckeditor\editor\lang\gl.js --> ftp.broune.com.br /teste/fckeditor/editor/lang gl.js
