2010.11.03 10:02 B C:\Arquivos de programas\VertrigoServ\www\grupo_do_joelho\web\fckeditor\editor\_source\classes\fckcontextmenu.js --> ftp.companhiapixel.com.br /httpdocs/gj/fckeditor/editor/_source/classes fckcontextmenu.js
2010.11.03 10:02 B C:\Arquivos de programas\VertrigoServ\www\grupo_do_joelho\web\fckeditor\editor\_source\classes\fckdataprocessor.js --> ftp.companhiapixel.com.br /httpdocs/gj/fckeditor/editor/_source/classes fckdataprocessor.js
2010.11.03 10:02 B C:\Arquivos de programas\VertrigoServ\www\grupo_do_joelho\web\fckeditor\editor\_source\classes\fckdocumentfragment_gecko.js --> ftp.companhiapixel.com.br /httpdocs/gj/fckeditor/editor/_source/classes fckdocumentfragment_gecko.js
2010.11.03 10:02 B C:\Arquivos de programas\VertrigoServ\www\grupo_do_joelho\web\fckeditor\editor\_source\classes\fckdocumentfragment_ie.js --> ftp.companhiapixel.com.br /httpdocs/gj/fckeditor/editor/_source/classes fckdocumentfragment_ie.js
2010.11.03 10:02 B C:\Arquivos de programas\VertrigoServ\www\grupo_do_joelho\web\fckeditor\editor\_source\classes\fckdomrange.js --> ftp.companhiapixel.com.br /httpdocs/gj/fckeditor/editor/_source/classes fckdomrange.js
2010.11.03 10:02 B C:\Arquivos de programas\VertrigoServ\www\grupo_do_joelho\web\fckeditor\editor\_source\classes\fckdomrange_gecko.js --> ftp.companhiapixel.com.br /httpdocs/gj/fckeditor/editor/_source/classes fckdomrange_gecko.js
2010.11.03 10:02 B C:\Arquivos de programas\VertrigoServ\www\grupo_do_joelho\web\fckeditor\editor\_source\classes\fckdomrange_ie.js --> ftp.companhiapixel.com.br /httpdocs/gj/fckeditor/editor/_source/classes fckdomrange_ie.js
2010.11.03 10:02 B C:\Arquivos de programas\VertrigoServ\www\grupo_do_joelho\web\fckeditor\editor\_source\classes\fckeditingarea.js --> ftp.companhiapixel.com.br /httpdocs/gj/fckeditor/editor/_source/classes fckeditingarea.js
2010.11.03 10:02 B C:\Arquivos de programas\VertrigoServ\www\grupo_do_joelho\web\fckeditor\editor\_source\classes\fckelementpath.js --> ftp.companhiapixel.com.br /httpdocs/gj/fckeditor/editor/_source/classes fckelementpath.js
2010.11.03 10:02 B C:\Arquivos de programas\VertrigoServ\www\grupo_do_joelho\web\fckeditor\editor\_source\classes\fckenterkey.js --> ftp.companhiapixel.com.br /httpdocs/gj/fckeditor/editor/_source/classes fckenterkey.js
2010.11.03 10:02 B C:\Arquivos de programas\VertrigoServ\www\grupo_do_joelho\web\fckeditor\editor\_source\classes\fckevents.js --> ftp.companhiapixel.com.br /httpdocs/gj/fckeditor/editor/_source/classes fckevents.js
2010.11.03 10:02 B C:\Arquivos de programas\VertrigoServ\www\grupo_do_joelho\web\fckeditor\editor\_source\classes\fckicon.js --> ftp.companhiapixel.com.br /httpdocs/gj/fckeditor/editor/_source/classes fckicon.js
2010.11.03 10:02 B C:\Arquivos de programas\VertrigoServ\www\grupo_do_joelho\web\fckeditor\editor\_source\classes\fckiecleanup.js --> ftp.companhiapixel.com.br /httpdocs/gj/fckeditor/editor/_source/classes fckiecleanup.js
2010.11.03 10:02 B C:\Arquivos de programas\VertrigoServ\www\grupo_do_joelho\web\fckeditor\editor\_source\classes\fckimagepreloader.js --> ftp.companhiapixel.com.br /httpdocs/gj/fckeditor/editor/_source/classes fckimagepreloader.js
2010.11.03 10:02 B C:\Arquivos de programas\VertrigoServ\www\grupo_do_joelho\web\fckeditor\editor\_source\classes\fckkeystrokehandler.js --> ftp.companhiapixel.com.br /httpdocs/gj/fckeditor/editor/_source/classes fckkeystrokehandler.js
2010.11.03 10:02 B C:\Arquivos de programas\VertrigoServ\www\grupo_do_joelho\web\fckeditor\editor\_source\classes\fckmenublock.js --> ftp.companhiapixel.com.br /httpdocs/gj/fckeditor/editor/_source/classes fckmenublock.js
2010.11.03 10:02 B C:\Arquivos de programas\VertrigoServ\www\grupo_do_joelho\web\fckeditor\editor\_source\classes\fckmenublockpanel.js --> ftp.companhiapixel.com.br /httpdocs/gj/fckeditor/editor/_source/classes fckmenublockpanel.js
2010.11.03 10:02 B C:\Arquivos de programas\VertrigoServ\www\grupo_do_joelho\web\fckeditor\editor\_source\classes\fckmenuitem.js --> ftp.companhiapixel.com.br /httpdocs/gj/fckeditor/editor/_source/classes fckmenuitem.js
2010.11.03 10:02 B C:\Arquivos de programas\VertrigoServ\www\grupo_do_joelho\web\fckeditor\editor\_source\classes\fckpanel.js --> ftp.companhiapixel.com.br /httpdocs/gj/fckeditor/editor/_source/classes fckpanel.js
2010.11.03 10:02 B C:\Arquivos de programas\VertrigoServ\www\grupo_do_joelho\web\fckeditor\editor\_source\classes\fckplugin.js --> ftp.companhiapixel.com.br /httpdocs/gj/fckeditor/editor/_source/classes fckplugin.js
2010.11.03 10:02 B C:\Arquivos de programas\VertrigoServ\www\grupo_do_joelho\web\fckeditor\editor\_source\classes\fckspecialcombo.js --> ftp.companhiapixel.com.br /httpdocs/gj/fckeditor/editor/_source/classes fckspecialcombo.js
2010.11.03 10:02 B C:\Arquivos de programas\VertrigoServ\www\grupo_do_joelho\web\fckeditor\editor\_source\classes\fckstyledef.js --> ftp.companhiapixel.com.br /httpdocs/gj/fckeditor/editor/_source/classes fckstyledef.js
2010.11.03 10:02 B C:\Arquivos de programas\VertrigoServ\www\grupo_do_joelho\web\fckeditor\editor\_source\classes\fckstyledef_gecko.js --> ftp.companhiapixel.com.br /httpdocs/gj/fckeditor/editor/_source/classes fckstyledef_gecko.js
2010.11.03 10:02 B C:\Arquivos de programas\VertrigoServ\www\grupo_do_joelho\web\fckeditor\editor\_source\classes\fckstyledef_ie.js --> ftp.companhiapixel.com.br /httpdocs/gj/fckeditor/editor/_source/classes fckstyledef_ie.js
2010.11.03 10:02 B C:\Arquivos de programas\VertrigoServ\www\grupo_do_joelho\web\fckeditor\editor\_source\classes\fckstylesloader.js --> ftp.companhiapixel.com.br /httpdocs/gj/fckeditor/editor/_source/classes fckstylesloader.js
2010.11.03 10:02 B C:\Arquivos de programas\VertrigoServ\www\grupo_do_joelho\web\fckeditor\editor\_source\classes\fcktoolbar.js --> ftp.companhiapixel.com.br /httpdocs/gj/fckeditor/editor/_source/classes fcktoolbar.js
2010.11.03 10:02 B C:\Arquivos de programas\VertrigoServ\www\grupo_do_joelho\web\fckeditor\editor\_source\classes\fcktoolbarbreak_gecko.js --> ftp.companhiapixel.com.br /httpdocs/gj/fckeditor/editor/_source/classes fcktoolbarbreak_gecko.js
2010.11.03 10:02 B C:\Arquivos de programas\VertrigoServ\www\grupo_do_joelho\web\fckeditor\editor\_source\classes\fcktoolbarbreak_ie.js --> ftp.companhiapixel.com.br /httpdocs/gj/fckeditor/editor/_source/classes fcktoolbarbreak_ie.js
2010.11.03 10:02 B C:\Arquivos de programas\VertrigoServ\www\grupo_do_joelho\web\fckeditor\editor\_source\classes\fcktoolbarbutton.js --> ftp.companhiapixel.com.br /httpdocs/gj/fckeditor/editor/_source/classes fcktoolbarbutton.js
2010.11.03 10:02 B C:\Arquivos de programas\VertrigoServ\www\grupo_do_joelho\web\fckeditor\editor\_source\classes\fcktoolbarbuttonui.js --> ftp.companhiapixel.com.br /httpdocs/gj/fckeditor/editor/_source/classes fcktoolbarbuttonui.js
2010.11.03 10:02 B C:\Arquivos de programas\VertrigoServ\www\grupo_do_joelho\web\fckeditor\editor\_source\classes\fcktoolbarfontformatcombo.js --> ftp.companhiapixel.com.br /httpdocs/gj/fckeditor/editor/_source/classes fcktoolbarfontformatcombo.js
2010.11.03 10:02 B C:\Arquivos de programas\VertrigoServ\www\grupo_do_joelho\web\fckeditor\editor\_source\classes\fcktoolbarfontscombo.js --> ftp.companhiapixel.com.br /httpdocs/gj/fckeditor/editor/_source/classes fcktoolbarfontscombo.js
2010.11.03 10:02 B C:\Arquivos de programas\VertrigoServ\www\grupo_do_joelho\web\fckeditor\editor\_source\classes\fcktoolbarfontsizecombo.js --> ftp.companhiapixel.com.br /httpdocs/gj/fckeditor/editor/_source/classes fcktoolbarfontsizecombo.js
2010.11.03 10:02 B C:\Arquivos de programas\VertrigoServ\www\grupo_do_joelho\web\fckeditor\editor\_source\classes\fcktoolbarpanelbutton.js --> ftp.companhiapixel.com.br /httpdocs/gj/fckeditor/editor/_source/classes fcktoolbarpanelbutton.js
2010.11.03 10:02 B C:\Arquivos de programas\VertrigoServ\www\grupo_do_joelho\web\fckeditor\editor\_source\classes\fcktoolbarspecialcombo.js --> ftp.companhiapixel.com.br /httpdocs/gj/fckeditor/editor/_source/classes fcktoolbarspecialcombo.js
2010.11.03 10:02 B C:\Arquivos de programas\VertrigoServ\www\grupo_do_joelho\web\fckeditor\editor\_source\classes\fcktoolbarstylecombo.js --> ftp.companhiapixel.com.br /httpdocs/gj/fckeditor/editor/_source/classes fcktoolbarstylecombo.js
2010.11.03 10:02 B C:\Arquivos de programas\VertrigoServ\www\grupo_do_joelho\web\fckeditor\editor\_source\classes\fckw3crange.js --> ftp.companhiapixel.com.br /httpdocs/gj/fckeditor/editor/_source/classes fckw3crange.js
2010.11.03 10:02 B C:\Arquivos de programas\VertrigoServ\www\grupo_do_joelho\web\fckeditor\editor\_source\classes\fckxml_gecko.js --> ftp.companhiapixel.com.br /httpdocs/gj/fckeditor/editor/_source/classes fckxml_gecko.js
2010.11.03 10:02 B C:\Arquivos de programas\VertrigoServ\www\grupo_do_joelho\web\fckeditor\editor\_source\classes\fckxml_ie.js --> ftp.companhiapixel.com.br /httpdocs/gj/fckeditor/editor/_source/classes fckxml_ie.js
2010.11.03 10:17 B C:\Arquivos de programas\VertrigoServ\www\grupo_do_joelho\web\fckeditor\editor\_source\classes\fckcontextmenu.js --> ftp.iwmello.com.br /novo/fckeditor/editor/_source/classes fckcontextmenu.js
2010.11.03 10:17 B C:\Arquivos de programas\VertrigoServ\www\grupo_do_joelho\web\fckeditor\editor\_source\classes\fckdataprocessor.js --> ftp.iwmello.com.br /novo/fckeditor/editor/_source/classes fckdataprocessor.js
2010.11.03 10:17 B C:\Arquivos de programas\VertrigoServ\www\grupo_do_joelho\web\fckeditor\editor\_source\classes\fckdocumentfragment_gecko.js --> ftp.iwmello.com.br /novo/fckeditor/editor/_source/classes fckdocumentfragment_gecko.js
2010.11.03 10:17 B C:\Arquivos de programas\VertrigoServ\www\grupo_do_joelho\web\fckeditor\editor\_source\classes\fckdocumentfragment_ie.js --> ftp.iwmello.com.br /novo/fckeditor/editor/_source/classes fckdocumentfragment_ie.js
2010.11.03 10:17 B C:\Arquivos de programas\VertrigoServ\www\grupo_do_joelho\web\fckeditor\editor\_source\classes\fckdomrange.js --> ftp.iwmello.com.br /novo/fckeditor/editor/_source/classes fckdomrange.js
2010.11.03 10:17 B C:\Arquivos de programas\VertrigoServ\www\grupo_do_joelho\web\fckeditor\editor\_source\classes\fckdomrange_gecko.js --> ftp.iwmello.com.br /novo/fckeditor/editor/_source/classes fckdomrange_gecko.js
2010.11.03 10:17 B C:\Arquivos de programas\VertrigoServ\www\grupo_do_joelho\web\fckeditor\editor\_source\classes\fckdomrange_ie.js --> ftp.iwmello.com.br /novo/fckeditor/editor/_source/classes fckdomrange_ie.js
2010.11.03 10:17 B C:\Arquivos de programas\VertrigoServ\www\grupo_do_joelho\web\fckeditor\editor\_source\classes\fckeditingarea.js --> ftp.iwmello.com.br /novo/fckeditor/editor/_source/classes fckeditingarea.js
2010.11.03 10:17 B C:\Arquivos de programas\VertrigoServ\www\grupo_do_joelho\web\fckeditor\editor\_source\classes\fckelementpath.js --> ftp.iwmello.com.br /novo/fckeditor/editor/_source/classes fckelementpath.js
2010.11.03 10:17 B C:\Arquivos de programas\VertrigoServ\www\grupo_do_joelho\web\fckeditor\editor\_source\classes\fckenterkey.js --> ftp.iwmello.com.br /novo/fckeditor/editor/_source/classes fckenterkey.js
2010.11.03 10:17 B C:\Arquivos de programas\VertrigoServ\www\grupo_do_joelho\web\fckeditor\editor\_source\classes\fckevents.js --> ftp.iwmello.com.br /novo/fckeditor/editor/_source/classes fckevents.js
2010.11.03 10:17 B C:\Arquivos de programas\VertrigoServ\www\grupo_do_joelho\web\fckeditor\editor\_source\classes\fckicon.js --> ftp.iwmello.com.br /novo/fckeditor/editor/_source/classes fckicon.js
2010.11.03 10:17 B C:\Arquivos de programas\VertrigoServ\www\grupo_do_joelho\web\fckeditor\editor\_source\classes\fckiecleanup.js --> ftp.iwmello.com.br /novo/fckeditor/editor/_source/classes fckiecleanup.js
2010.11.03 10:17 B C:\Arquivos de programas\VertrigoServ\www\grupo_do_joelho\web\fckeditor\editor\_source\classes\fckimagepreloader.js --> ftp.iwmello.com.br /novo/fckeditor/editor/_source/classes fckimagepreloader.js
2010.11.03 10:17 B C:\Arquivos de programas\VertrigoServ\www\grupo_do_joelho\web\fckeditor\editor\_source\classes\fckkeystrokehandler.js --> ftp.iwmello.com.br /novo/fckeditor/editor/_source/classes fckkeystrokehandler.js
2010.11.03 10:17 B C:\Arquivos de programas\VertrigoServ\www\grupo_do_joelho\web\fckeditor\editor\_source\classes\fckmenublock.js --> ftp.iwmello.com.br /novo/fckeditor/editor/_source/classes fckmenublock.js
2010.11.03 10:17 B C:\Arquivos de programas\VertrigoServ\www\grupo_do_joelho\web\fckeditor\editor\_source\classes\fckmenublockpanel.js --> ftp.iwmello.com.br /novo/fckeditor/editor/_source/classes fckmenublockpanel.js
2010.11.03 10:17 B C:\Arquivos de programas\VertrigoServ\www\grupo_do_joelho\web\fckeditor\editor\_source\classes\fckmenuitem.js --> ftp.iwmello.com.br /novo/fckeditor/editor/_source/classes fckmenuitem.js
2010.11.03 10:17 B C:\Arquivos de programas\VertrigoServ\www\grupo_do_joelho\web\fckeditor\editor\_source\classes\fckpanel.js --> ftp.iwmello.com.br /novo/fckeditor/editor/_source/classes fckpanel.js
2010.11.03 10:17 B C:\Arquivos de programas\VertrigoServ\www\grupo_do_joelho\web\fckeditor\editor\_source\classes\fckplugin.js --> ftp.iwmello.com.br /novo/fckeditor/editor/_source/classes fckplugin.js
2010.11.03 10:17 B C:\Arquivos de programas\VertrigoServ\www\grupo_do_joelho\web\fckeditor\editor\_source\classes\fckspecialcombo.js --> ftp.iwmello.com.br /novo/fckeditor/editor/_source/classes fckspecialcombo.js
2010.11.03 10:17 B C:\Arquivos de programas\VertrigoServ\www\grupo_do_joelho\web\fckeditor\editor\_source\classes\fckstyledef.js --> ftp.iwmello.com.br /novo/fckeditor/editor/_source/classes fckstyledef.js
2010.11.03 10:17 B C:\Arquivos de programas\VertrigoServ\www\grupo_do_joelho\web\fckeditor\editor\_source\classes\fckstyledef_gecko.js --> ftp.iwmello.com.br /novo/fckeditor/editor/_source/classes fckstyledef_gecko.js
2010.11.03 10:17 B C:\Arquivos de programas\VertrigoServ\www\grupo_do_joelho\web\fckeditor\editor\_source\classes\fckstyledef_ie.js --> ftp.iwmello.com.br /novo/fckeditor/editor/_source/classes fckstyledef_ie.js
2010.11.03 10:17 B C:\Arquivos de programas\VertrigoServ\www\grupo_do_joelho\web\fckeditor\editor\_source\classes\fckstylesloader.js --> ftp.iwmello.com.br /novo/fckeditor/editor/_source/classes fckstylesloader.js
2010.11.03 10:17 B C:\Arquivos de programas\VertrigoServ\www\grupo_do_joelho\web\fckeditor\editor\_source\classes\fcktoolbar.js --> ftp.iwmello.com.br /novo/fckeditor/editor/_source/classes fcktoolbar.js
2010.11.03 10:17 B C:\Arquivos de programas\VertrigoServ\www\grupo_do_joelho\web\fckeditor\editor\_source\classes\fcktoolbarbreak_gecko.js --> ftp.iwmello.com.br /novo/fckeditor/editor/_source/classes fcktoolbarbreak_gecko.js
2010.11.03 10:17 B C:\Arquivos de programas\VertrigoServ\www\grupo_do_joelho\web\fckeditor\editor\_source\classes\fcktoolbarbreak_ie.js --> ftp.iwmello.com.br /novo/fckeditor/editor/_source/classes fcktoolbarbreak_ie.js
2010.11.03 10:17 B C:\Arquivos de programas\VertrigoServ\www\grupo_do_joelho\web\fckeditor\editor\_source\classes\fcktoolbarbutton.js --> ftp.iwmello.com.br /novo/fckeditor/editor/_source/classes fcktoolbarbutton.js
2010.11.03 10:17 B C:\Arquivos de programas\VertrigoServ\www\grupo_do_joelho\web\fckeditor\editor\_source\classes\fcktoolbarbuttonui.js --> ftp.iwmello.com.br /novo/fckeditor/editor/_source/classes fcktoolbarbuttonui.js
2010.11.03 10:17 B C:\Arquivos de programas\VertrigoServ\www\grupo_do_joelho\web\fckeditor\editor\_source\classes\fcktoolbarfontformatcombo.js --> ftp.iwmello.com.br /novo/fckeditor/editor/_source/classes fcktoolbarfontformatcombo.js
2010.11.03 10:17 B C:\Arquivos de programas\VertrigoServ\www\grupo_do_joelho\web\fckeditor\editor\_source\classes\fcktoolbarfontscombo.js --> ftp.iwmello.com.br /novo/fckeditor/editor/_source/classes fcktoolbarfontscombo.js
2010.11.03 10:17 B C:\Arquivos de programas\VertrigoServ\www\grupo_do_joelho\web\fckeditor\editor\_source\classes\fcktoolbarfontsizecombo.js --> ftp.iwmello.com.br /novo/fckeditor/editor/_source/classes fcktoolbarfontsizecombo.js
2010.11.03 10:17 B C:\Arquivos de programas\VertrigoServ\www\grupo_do_joelho\web\fckeditor\editor\_source\classes\fcktoolbarpanelbutton.js --> ftp.iwmello.com.br /novo/fckeditor/editor/_source/classes fcktoolbarpanelbutton.js
2010.11.03 10:17 B C:\Arquivos de programas\VertrigoServ\www\grupo_do_joelho\web\fckeditor\editor\_source\classes\fcktoolbarspecialcombo.js --> ftp.iwmello.com.br /novo/fckeditor/editor/_source/classes fcktoolbarspecialcombo.js
2010.11.03 10:18 B C:\Arquivos de programas\VertrigoServ\www\grupo_do_joelho\web\fckeditor\editor\_source\classes\fcktoolbarstylecombo.js --> ftp.iwmello.com.br /novo/fckeditor/editor/_source/classes fcktoolbarstylecombo.js
2010.11.03 10:18 B C:\Arquivos de programas\VertrigoServ\www\grupo_do_joelho\web\fckeditor\editor\_source\classes\fckw3crange.js --> ftp.iwmello.com.br /novo/fckeditor/editor/_source/classes fckw3crange.js
2010.11.03 10:18 B C:\Arquivos de programas\VertrigoServ\www\grupo_do_joelho\web\fckeditor\editor\_source\classes\fckxml_gecko.js --> ftp.iwmello.com.br /novo/fckeditor/editor/_source/classes fckxml_gecko.js
2010.11.03 10:18 B C:\Arquivos de programas\VertrigoServ\www\grupo_do_joelho\web\fckeditor\editor\_source\classes\fckxml_ie.js --> ftp.iwmello.com.br /novo/fckeditor/editor/_source/classes fckxml_ie.js
2010.11.03 10:18 B C:\Arquivos de programas\VertrigoServ\www\grupo_do_joelho\web\fckeditor\editor\_source\classes\WS_FTP.LOG --> ftp.iwmello.com.br /novo/fckeditor/editor/_source/classes WS_FTP.LOG
2010.12.03 10:19 B W:\Clientes\broune\NovoSite\web\fckeditor\editor\_source\classes\fckcontextmenu.js --> ftp.broune.com.br /teste/fckeditor/editor/_source/classes fckcontextmenu.js
2010.12.03 10:19 B W:\Clientes\broune\NovoSite\web\fckeditor\editor\_source\classes\fckdataprocessor.js --> ftp.broune.com.br /teste/fckeditor/editor/_source/classes fckdataprocessor.js
2010.12.03 10:19 B W:\Clientes\broune\NovoSite\web\fckeditor\editor\_source\classes\fckdocumentfragment_gecko.js --> ftp.broune.com.br /teste/fckeditor/editor/_source/classes fckdocumentfragment_gecko.js
2010.12.03 10:19 B W:\Clientes\broune\NovoSite\web\fckeditor\editor\_source\classes\fckdocumentfragment_ie.js --> ftp.broune.com.br /teste/fckeditor/editor/_source/classes fckdocumentfragment_ie.js
2010.12.03 10:19 B W:\Clientes\broune\NovoSite\web\fckeditor\editor\_source\classes\fckdomrange.js --> ftp.broune.com.br /teste/fckeditor/editor/_source/classes fckdomrange.js
2010.12.03 10:19 B W:\Clientes\broune\NovoSite\web\fckeditor\editor\_source\classes\fckdomrange_gecko.js --> ftp.broune.com.br /teste/fckeditor/editor/_source/classes fckdomrange_gecko.js
2010.12.03 10:19 B W:\Clientes\broune\NovoSite\web\fckeditor\editor\_source\classes\fckdomrange_ie.js --> ftp.broune.com.br /teste/fckeditor/editor/_source/classes fckdomrange_ie.js
2010.12.03 10:19 B W:\Clientes\broune\NovoSite\web\fckeditor\editor\_source\classes\fckeditingarea.js --> ftp.broune.com.br /teste/fckeditor/editor/_source/classes fckeditingarea.js
2010.12.03 10:19 B W:\Clientes\broune\NovoSite\web\fckeditor\editor\_source\classes\fckelementpath.js --> ftp.broune.com.br /teste/fckeditor/editor/_source/classes fckelementpath.js
2010.12.03 10:20 B W:\Clientes\broune\NovoSite\web\fckeditor\editor\_source\classes\fckenterkey.js --> ftp.broune.com.br /teste/fckeditor/editor/_source/classes fckenterkey.js
2010.12.03 10:20 B W:\Clientes\broune\NovoSite\web\fckeditor\editor\_source\classes\fckevents.js --> ftp.broune.com.br /teste/fckeditor/editor/_source/classes fckevents.js
2010.12.03 10:20 B W:\Clientes\broune\NovoSite\web\fckeditor\editor\_source\classes\fckicon.js --> ftp.broune.com.br /teste/fckeditor/editor/_source/classes fckicon.js
2010.12.03 10:20 B W:\Clientes\broune\NovoSite\web\fckeditor\editor\_source\classes\fckiecleanup.js --> ftp.broune.com.br /teste/fckeditor/editor/_source/classes fckiecleanup.js
2010.12.03 10:20 B W:\Clientes\broune\NovoSite\web\fckeditor\editor\_source\classes\fckimagepreloader.js --> ftp.broune.com.br /teste/fckeditor/editor/_source/classes fckimagepreloader.js
2010.12.03 10:20 B W:\Clientes\broune\NovoSite\web\fckeditor\editor\_source\classes\fckkeystrokehandler.js --> ftp.broune.com.br /teste/fckeditor/editor/_source/classes fckkeystrokehandler.js
2010.12.03 10:20 B W:\Clientes\broune\NovoSite\web\fckeditor\editor\_source\classes\fckmenublock.js --> ftp.broune.com.br /teste/fckeditor/editor/_source/classes fckmenublock.js
2010.12.03 10:20 B W:\Clientes\broune\NovoSite\web\fckeditor\editor\_source\classes\fckmenublockpanel.js --> ftp.broune.com.br /teste/fckeditor/editor/_source/classes fckmenublockpanel.js
2010.12.03 10:20 B W:\Clientes\broune\NovoSite\web\fckeditor\editor\_source\classes\fckmenuitem.js --> ftp.broune.com.br /teste/fckeditor/editor/_source/classes fckmenuitem.js
2010.12.03 10:20 B W:\Clientes\broune\NovoSite\web\fckeditor\editor\_source\classes\fckpanel.js --> ftp.broune.com.br /teste/fckeditor/editor/_source/classes fckpanel.js
2010.12.03 10:20 B W:\Clientes\broune\NovoSite\web\fckeditor\editor\_source\classes\fckplugin.js --> ftp.broune.com.br /teste/fckeditor/editor/_source/classes fckplugin.js
2010.12.03 10:20 B W:\Clientes\broune\NovoSite\web\fckeditor\editor\_source\classes\fckspecialcombo.js --> ftp.broune.com.br /teste/fckeditor/editor/_source/classes fckspecialcombo.js
2010.12.03 10:20 B W:\Clientes\broune\NovoSite\web\fckeditor\editor\_source\classes\fckstyledef.js --> ftp.broune.com.br /teste/fckeditor/editor/_source/classes fckstyledef.js
2010.12.03 10:20 B W:\Clientes\broune\NovoSite\web\fckeditor\editor\_source\classes\fckstyledef_gecko.js --> ftp.broune.com.br /teste/fckeditor/editor/_source/classes fckstyledef_gecko.js
2010.12.03 10:20 B W:\Clientes\broune\NovoSite\web\fckeditor\editor\_source\classes\fckstyledef_ie.js --> ftp.broune.com.br /teste/fckeditor/editor/_source/classes fckstyledef_ie.js
2010.12.03 10:20 B W:\Clientes\broune\NovoSite\web\fckeditor\editor\_source\classes\fckstylesloader.js --> ftp.broune.com.br /teste/fckeditor/editor/_source/classes fckstylesloader.js
2010.12.03 10:20 B W:\Clientes\broune\NovoSite\web\fckeditor\editor\_source\classes\fcktoolbar.js --> ftp.broune.com.br /teste/fckeditor/editor/_source/classes fcktoolbar.js
2010.12.03 10:20 B W:\Clientes\broune\NovoSite\web\fckeditor\editor\_source\classes\fcktoolbarbreak_gecko.js --> ftp.broune.com.br /teste/fckeditor/editor/_source/classes fcktoolbarbreak_gecko.js
2010.12.03 10:20 B W:\Clientes\broune\NovoSite\web\fckeditor\editor\_source\classes\fcktoolbarbreak_ie.js --> ftp.broune.com.br /teste/fckeditor/editor/_source/classes fcktoolbarbreak_ie.js
2010.12.03 10:20 B W:\Clientes\broune\NovoSite\web\fckeditor\editor\_source\classes\fcktoolbarbutton.js --> ftp.broune.com.br /teste/fckeditor/editor/_source/classes fcktoolbarbutton.js
2010.12.03 10:20 B W:\Clientes\broune\NovoSite\web\fckeditor\editor\_source\classes\fcktoolbarbuttonui.js --> ftp.broune.com.br /teste/fckeditor/editor/_source/classes fcktoolbarbuttonui.js
2010.12.03 10:20 B W:\Clientes\broune\NovoSite\web\fckeditor\editor\_source\classes\fcktoolbarfontformatcombo.js --> ftp.broune.com.br /teste/fckeditor/editor/_source/classes fcktoolbarfontformatcombo.js
2010.12.03 10:20 B W:\Clientes\broune\NovoSite\web\fckeditor\editor\_source\classes\fcktoolbarfontscombo.js --> ftp.broune.com.br /teste/fckeditor/editor/_source/classes fcktoolbarfontscombo.js
2010.12.03 10:20 B W:\Clientes\broune\NovoSite\web\fckeditor\editor\_source\classes\fcktoolbarfontsizecombo.js --> ftp.broune.com.br /teste/fckeditor/editor/_source/classes fcktoolbarfontsizecombo.js
2010.12.03 10:20 B W:\Clientes\broune\NovoSite\web\fckeditor\editor\_source\classes\fcktoolbarpanelbutton.js --> ftp.broune.com.br /teste/fckeditor/editor/_source/classes fcktoolbarpanelbutton.js
2010.12.03 10:20 B W:\Clientes\broune\NovoSite\web\fckeditor\editor\_source\classes\fcktoolbarspecialcombo.js --> ftp.broune.com.br /teste/fckeditor/editor/_source/classes fcktoolbarspecialcombo.js
2010.12.03 10:20 B W:\Clientes\broune\NovoSite\web\fckeditor\editor\_source\classes\fcktoolbarstylecombo.js --> ftp.broune.com.br /teste/fckeditor/editor/_source/classes fcktoolbarstylecombo.js
2010.12.03 10:20 B W:\Clientes\broune\NovoSite\web\fckeditor\editor\_source\classes\fckw3crange.js --> ftp.broune.com.br /teste/fckeditor/editor/_source/classes fckw3crange.js
2010.12.03 10:20 B W:\Clientes\broune\NovoSite\web\fckeditor\editor\_source\classes\fckxml_gecko.js --> ftp.broune.com.br /teste/fckeditor/editor/_source/classes fckxml_gecko.js
2010.12.03 10:20 B W:\Clientes\broune\NovoSite\web\fckeditor\editor\_source\classes\fckxml_ie.js --> ftp.broune.com.br /teste/fckeditor/editor/_source/classes fckxml_ie.js
2010.12.03 10:20 B W:\Clientes\broune\NovoSite\web\fckeditor\editor\_source\classes\WS_FTP.LOG --> ftp.broune.com.br /teste/fckeditor/editor/_source/classes WS_FTP.LOG
